<?xml version="1.0" encoding="UTF-8"?>
<coverage generated="1770612468536" clover="3.2.0">
  <project timestamp="1770612468536" name="All files">
    <metrics statements="3834" coveredstatements="3095" conditionals="427" coveredconditionals="384" methods="140" coveredmethods="94" elements="4401" coveredelements="3573" complexity="0" loc="3834" ncloc="3834" packages="14" files="73" classes="73"/>
    <package name="meli-frontend">
      <metrics statements="99" coveredstatements="0" conditionals="2" coveredconditionals="0" methods="2" coveredmethods="0"/>
      <file name="postcss.config.js" path="/Users/buk/workspace/personal/meli-test/meli-frontend/postcss.config.js">
        <metrics statements="6" coveredstatements="0" conditionals="1" coveredconditionals="0" methods="1" coveredmethods="0"/>
        <line num="1" count="0" type="cond" truecount="0" falsecount="1"/>
        <line num="2" count="0" type="stmt"/>
        <line num="3" count="0" type="stmt"/>
        <line num="4" count="0" type="stmt"/>
        <line num="5" count="0" type="stmt"/>
        <line num="6" count="0" type="stmt"/>
      </file>
      <file name="tailwind.config.js" path="/Users/buk/workspace/personal/meli-test/meli-frontend/tailwind.config.js">
        <metrics statements="93" coveredstatements="0" conditionals="1" coveredconditionals="0" methods="1" coveredmethods="0"/>
        <line num="1" count="0" type="cond" truecount="0" falsecount="1"/>
        <line num="2" count="0" type="stmt"/>
        <line num="3" count="0" type="stmt"/>
        <line num="4" count="0" type="stmt"/>
        <line num="5" count="0" type="stmt"/>
        <line num="6" count="0" type="stmt"/>
        <line num="7" count="0" type="stmt"/>
        <line num="8" count="0" type="stmt"/>
        <line num="9" count="0" type="stmt"/>
        <line num="10" count="0" type="stmt"/>
        <line num="11" count="0" type="stmt"/>
        <line num="12" count="0" type="stmt"/>
        <line num="13" count="0" type="stmt"/>
        <line num="14" count="0" type="stmt"/>
        <line num="15" count="0" type="stmt"/>
        <line num="16" count="0" type="stmt"/>
        <line num="17" count="0" type="stmt"/>
        <line num="18" count="0" type="stmt"/>
        <line num="19" count="0" type="stmt"/>
        <line num="20" count="0" type="stmt"/>
        <line num="21" count="0" type="stmt"/>
        <line num="22" count="0" type="stmt"/>
        <line num="23" count="0" type="stmt"/>
        <line num="24" count="0" type="stmt"/>
        <line num="25" count="0" type="stmt"/>
        <line num="26" count="0" type="stmt"/>
        <line num="27" count="0" type="stmt"/>
        <line num="28" count="0" type="stmt"/>
        <line num="29" count="0" type="stmt"/>
        <line num="30" count="0" type="stmt"/>
        <line num="31" count="0" type="stmt"/>
        <line num="32" count="0" type="stmt"/>
        <line num="33" count="0" type="stmt"/>
        <line num="34" count="0" type="stmt"/>
        <line num="35" count="0" type="stmt"/>
        <line num="36" count="0" type="stmt"/>
        <line num="37" count="0" type="stmt"/>
        <line num="38" count="0" type="stmt"/>
        <line num="39" count="0" type="stmt"/>
        <line num="40" count="0" type="stmt"/>
        <line num="41" count="0" type="stmt"/>
        <line num="42" count="0" type="stmt"/>
        <line num="43" count="0" type="stmt"/>
        <line num="44" count="0" type="stmt"/>
        <line num="45" count="0" type="stmt"/>
        <line num="46" count="0" type="stmt"/>
        <line num="47" count="0" type="stmt"/>
        <line num="48" count="0" type="stmt"/>
        <line num="49" count="0" type="stmt"/>
        <line num="50" count="0" type="stmt"/>
        <line num="51" count="0" type="stmt"/>
        <line num="52" count="0" type="stmt"/>
        <line num="53" count="0" type="stmt"/>
        <line num="54" count="0" type="stmt"/>
        <line num="55" count="0" type="stmt"/>
        <line num="56" count="0" type="stmt"/>
        <line num="57" count="0" type="stmt"/>
        <line num="58" count="0" type="stmt"/>
        <line num="59" count="0" type="stmt"/>
        <line num="60" count="0" type="stmt"/>
        <line num="61" count="0" type="stmt"/>
        <line num="62" count="0" type="stmt"/>
        <line num="63" count="0" type="stmt"/>
        <line num="64" count="0" type="stmt"/>
        <line num="65" count="0" type="stmt"/>
        <line num="66" count="0" type="stmt"/>
        <line num="67" count="0" type="stmt"/>
        <line num="68" count="0" type="stmt"/>
        <line num="69" count="0" type="stmt"/>
        <line num="70" count="0" type="stmt"/>
        <line num="71" count="0" type="stmt"/>
        <line num="72" count="0" type="stmt"/>
        <line num="73" count="0" type="stmt"/>
        <line num="74" count="0" type="stmt"/>
        <line num="75" count="0" type="stmt"/>
        <line num="76" count="0" type="stmt"/>
        <line num="77" count="0" type="stmt"/>
        <line num="78" count="0" type="stmt"/>
        <line num="79" count="0" type="stmt"/>
        <line num="80" count="0" type="stmt"/>
        <line num="81" count="0" type="stmt"/>
        <line num="82" count="0" type="stmt"/>
        <line num="83" count="0" type="stmt"/>
        <line num="84" count="0" type="stmt"/>
        <line num="85" count="0" type="stmt"/>
        <line num="86" count="0" type="stmt"/>
        <line num="87" count="0" type="stmt"/>
        <line num="88" count="0" type="stmt"/>
        <line num="89" count="0" type="stmt"/>
        <line num="90" count="0" type="stmt"/>
        <line num="91" count="0" type="stmt"/>
        <line num="92" count="0" type="stmt"/>
        <line num="93" count="0" type="stmt"/>
      </file>
    </package>
    <package name="meli-frontend.src">
      <metrics statements="21" coveredstatements="0" conditionals="2" coveredconditionals="0" methods="2" coveredmethods="0"/>
      <file name="App.tsx" path="/Users/buk/workspace/personal/meli-test/meli-frontend/src/App.tsx">
        <metrics statements="9" coveredstatements="0" conditionals="1" coveredconditionals="0" methods="1" coveredmethods="0"/>
        <line num="1" count="0" type="cond" truecount="0" falsecount="1"/>
        <line num="2" count="0" type="stmt"/>
        <line num="4" count="0" type="stmt"/>
        <line num="5" count="0" type="stmt"/>
        <line num="6" count="0" type="stmt"/>
        <line num="8" count="0" type="stmt"/>
        <line num="9" count="0" type="stmt"/>
        <line num="11" count="0" type="stmt"/>
        <line num="13" count="0" type="stmt"/>
      </file>
      <file name="main.tsx" path="/Users/buk/workspace/personal/meli-test/meli-frontend/src/main.tsx">
        <metrics statements="12" coveredstatements="0" conditionals="1" coveredconditionals="0" methods="1" coveredmethods="0"/>
        <line num="1" count="0" type="cond" truecount="0" falsecount="1"/>
        <line num="2" count="0" type="stmt"/>
        <line num="3" count="0" type="stmt"/>
        <line num="4" count="0" type="stmt"/>
        <line num="5" count="0" type="stmt"/>
        <line num="7" count="0" type="stmt"/>
        <line num="8" count="0" type="stmt"/>
        <line num="9" count="0" type="stmt"/>
        <line num="10" count="0" type="stmt"/>
        <line num="11" count="0" type="stmt"/>
        <line num="12" count="0" type="stmt"/>
        <line num="13" count="0" type="stmt"/>
      </file>
    </package>
    <package name="meli-frontend.src.components.atoms">
      <metrics statements="470" coveredstatements="469" conditionals="63" coveredconditionals="62" methods="13" coveredmethods="13"/>
      <file name="Badge.tsx" path="/Users/buk/workspace/personal/meli-test/meli-frontend/src/components/atoms/Badge.tsx">
        <metrics statements="24" coveredstatements="24" conditionals="1" coveredconditionals="1" methods="1" coveredmethods="1"/>
        <line num="1" count="1" type="stmt"/>
        <line num="2" count="1" type="stmt"/>
        <line num="3" count="1" type="stmt"/>
        <line num="5" count="1" type="stmt"/>
        <line num="6" count="1" type="stmt"/>
        <line num="7" count="1" type="stmt"/>
        <line num="8" count="1" type="stmt"/>
        <line num="9" count="1" type="stmt"/>
        <line num="10" count="1" type="stmt"/>
        <line num="11" count="1" type="stmt"/>
        <line num="12" count="1" type="stmt"/>
        <line num="13" count="1" type="stmt"/>
        <line num="14" count="1" type="stmt"/>
        <line num="15" count="1" type="stmt"/>
        <line num="16" count="1" type="stmt"/>
        <line num="17" count="1" type="stmt"/>
        <line num="18" count="1" type="stmt"/>
        <line num="19" count="1" type="stmt"/>
        <line num="20" count="1" type="stmt"/>
        <line num="21" count="1" type="stmt"/>
        <line num="22" count="1" type="stmt"/>
        <line num="27" count="64" type="cond" truecount="1" falsecount="0"/>
        <line num="28" count="64" type="stmt"/>
        <line num="29" count="64" type="stmt"/>
      </file>
      <file name="Button.tsx" path="/Users/buk/workspace/personal/meli-test/meli-frontend/src/components/atoms/Button.tsx">
        <metrics statements="37" coveredstatements="37" conditionals="3" coveredconditionals="3" methods="0" coveredmethods="0"/>
        <line num="1" count="1" type="stmt"/>
        <line num="2" count="1" type="stmt"/>
        <line num="3" count="1" type="stmt"/>
        <line num="4" count="1" type="stmt"/>
        <line num="6" count="1" type="stmt"/>
        <line num="7" count="1" type="stmt"/>
        <line num="8" count="1" type="stmt"/>
        <line num="9" count="1" type="stmt"/>
        <line num="10" count="1" type="stmt"/>
        <line num="11" count="1" type="stmt"/>
        <line num="12" count="1" type="stmt"/>
        <line num="13" count="1" type="stmt"/>
        <line num="14" count="1" type="stmt"/>
        <line num="15" count="1" type="stmt"/>
        <line num="16" count="1" type="stmt"/>
        <line num="17" count="1" type="stmt"/>
        <line num="18" count="1" type="stmt"/>
        <line num="19" count="1" type="stmt"/>
        <line num="20" count="1" type="stmt"/>
        <line num="21" count="1" type="stmt"/>
        <line num="22" count="1" type="stmt"/>
        <line num="23" count="1" type="stmt"/>
        <line num="24" count="1" type="stmt"/>
        <line num="25" count="1" type="stmt"/>
        <line num="26" count="1" type="stmt"/>
        <line num="27" count="1" type="stmt"/>
        <line num="28" count="1" type="stmt"/>
        <line num="29" count="1" type="stmt"/>
        <line num="30" count="1" type="stmt"/>
        <line num="37" count="1" type="stmt"/>
        <line num="38" count="1" type="cond" truecount="1" falsecount="0"/>
        <line num="39" count="95" type="cond" truecount="2" falsecount="0"/>
        <line num="40" count="95" type="stmt"/>
        <line num="41" count="95" type="stmt"/>
        <line num="43" count="95" type="stmt"/>
        <line num="44" count="1" type="stmt"/>
        <line num="45" count="1" type="stmt"/>
      </file>
      <file name="Card.tsx" path="/Users/buk/workspace/personal/meli-test/meli-frontend/src/components/atoms/Card.tsx">
        <metrics statements="40" coveredstatements="40" conditionals="6" coveredconditionals="6" methods="0" coveredmethods="0"/>
        <line num="1" count="1" type="stmt"/>
        <line num="2" count="1" type="stmt"/>
        <line num="4" count="1" type="stmt"/>
        <line num="5" count="1" type="cond" truecount="1" falsecount="0"/>
        <line num="6" count="17" type="stmt"/>
        <line num="7" count="17" type="stmt"/>
        <line num="8" count="17" type="stmt"/>
        <line num="9" count="17" type="stmt"/>
        <line num="10" count="17" type="stmt"/>
        <line num="12" count="1" type="stmt"/>
        <line num="13" count="1" type="stmt"/>
        <line num="15" count="1" type="stmt"/>
        <line num="16" count="1" type="cond" truecount="1" falsecount="0"/>
        <line num="17" count="16" type="stmt"/>
        <line num="19" count="1" type="stmt"/>
        <line num="20" count="1" type="stmt"/>
        <line num="22" count="1" type="stmt"/>
        <line num="23" count="1" type="cond" truecount="1" falsecount="0"/>
        <line num="24" count="17" type="stmt"/>
        <line num="25" count="17" type="stmt"/>
        <line num="26" count="17" type="stmt"/>
        <line num="27" count="17" type="stmt"/>
        <line num="28" count="17" type="stmt"/>
        <line num="30" count="1" type="stmt"/>
        <line num="31" count="1" type="stmt"/>
        <line num="33" count="1" type="stmt"/>
        <line num="36" count="1" type="cond" truecount="1" falsecount="0"/>
        <line num="37" count="17" type="stmt"/>
        <line num="38" count="1" type="stmt"/>
        <line num="39" count="1" type="stmt"/>
        <line num="41" count="1" type="stmt"/>
        <line num="42" count="1" type="cond" truecount="1" falsecount="0"/>
        <line num="43" count="16" type="stmt"/>
        <line num="45" count="1" type="stmt"/>
        <line num="46" count="1" type="stmt"/>
        <line num="48" count="1" type="stmt"/>
        <line num="49" count="1" type="cond" truecount="1" falsecount="0"/>
        <line num="50" count="16" type="stmt"/>
        <line num="52" count="1" type="stmt"/>
        <line num="53" count="1" type="stmt"/>
      </file>
      <file name="Input.tsx" path="/Users/buk/workspace/personal/meli-test/meli-frontend/src/components/atoms/Input.tsx">
        <metrics statements="17" coveredstatements="17" conditionals="1" coveredconditionals="1" methods="0" coveredmethods="0"/>
        <line num="1" count="1" type="stmt"/>
        <line num="2" count="1" type="stmt"/>
        <line num="6" count="1" type="stmt"/>
        <line num="7" count="1" type="cond" truecount="1" falsecount="0"/>
        <line num="8" count="60" type="stmt"/>
        <line num="9" count="60" type="stmt"/>
        <line num="10" count="60" type="stmt"/>
        <line num="11" count="60" type="stmt"/>
        <line num="12" count="60" type="stmt"/>
        <line num="13" count="60" type="stmt"/>
        <line num="14" count="60" type="stmt"/>
        <line num="15" count="60" type="stmt"/>
        <line num="16" count="60" type="stmt"/>
        <line num="17" count="60" type="stmt"/>
        <line num="19" count="60" type="stmt"/>
        <line num="20" count="1" type="stmt"/>
        <line num="21" count="1" type="stmt"/>
      </file>
      <file name="Label.tsx" path="/Users/buk/workspace/personal/meli-test/meli-frontend/src/components/atoms/Label.tsx">
        <metrics statements="12" coveredstatements="12" conditionals="1" coveredconditionals="1" methods="0" coveredmethods="0"/>
        <line num="1" count="1" type="stmt"/>
        <line num="2" count="1" type="stmt"/>
        <line num="3" count="1" type="stmt"/>
        <line num="4" count="1" type="stmt"/>
        <line num="6" count="1" type="stmt"/>
        <line num="7" count="1" type="stmt"/>
        <line num="8" count="1" type="stmt"/>
        <line num="10" count="1" type="stmt"/>
        <line num="13" count="1" type="cond" truecount="1" falsecount="0"/>
        <line num="14" count="19" type="stmt"/>
        <line num="15" count="1" type="stmt"/>
        <line num="16" count="1" type="stmt"/>
      </file>
      <file name="MLLogo.tsx" path="/Users/buk/workspace/personal/meli-test/meli-frontend/src/components/atoms/MLLogo.tsx">
        <metrics statements="22" coveredstatements="22" conditionals="1" coveredconditionals="1" methods="1" coveredmethods="1"/>
        <line num="1" count="1" type="stmt"/>
        <line num="8" count="1" type="stmt"/>
        <line num="9" count="1" type="stmt"/>
        <line num="10" count="1" type="stmt"/>
        <line num="11" count="1" type="stmt"/>
        <line num="12" count="1" type="stmt"/>
        <line num="14" count="1" type="cond" truecount="1" falsecount="0"/>
        <line num="15" count="54" type="stmt"/>
        <line num="16" count="54" type="stmt"/>
        <line num="18" count="54" type="stmt"/>
        <line num="19" count="54" type="stmt"/>
        <line num="20" count="54" type="stmt"/>
        <line num="21" count="54" type="stmt"/>
        <line num="22" count="54" type="stmt"/>
        <line num="24" count="54" type="stmt"/>
        <line num="25" count="54" type="stmt"/>
        <line num="26" count="54" type="stmt"/>
        <line num="27" count="54" type="stmt"/>
        <line num="28" count="54" type="stmt"/>
        <line num="29" count="54" type="stmt"/>
        <line num="31" count="54" type="stmt"/>
        <line num="33" count="1" type="stmt"/>
      </file>
      <file name="PaymentIcon.tsx" path="/Users/buk/workspace/personal/meli-test/meli-frontend/src/components/atoms/PaymentIcon.tsx">
        <metrics statements="35" coveredstatements="34" conditionals="10" coveredconditionals="9" methods="2" coveredmethods="2"/>
        <line num="1" count="1" type="stmt"/>
        <line num="2" count="1" type="stmt"/>
        <line num="20" count="1" type="stmt"/>
        <line num="21" count="1" type="stmt"/>
        <line num="22" count="1" type="stmt"/>
        <line num="23" count="1" type="stmt"/>
        <line num="24" count="1" type="stmt"/>
        <line num="26" count="1" type="cond" truecount="1" falsecount="0"/>
        <line num="27" count="13" type="stmt"/>
        <line num="28" count="13" type="stmt"/>
        <line num="29" count="13" type="stmt"/>
        <line num="30" count="13" type="stmt"/>
        <line num="31" count="13" type="stmt"/>
        <line num="33" count="13" type="cond" truecount="1" falsecount="0"/>
        <line num="34" count="13" type="stmt"/>
        <line num="35" count="13" type="cond" truecount="1" falsecount="0"/>
        <line num="36" count="13" type="cond" truecount="1" falsecount="0"/>
        <line num="37" count="13" type="cond" truecount="1" falsecount="0"/>
        <line num="38" count="13" type="cond" truecount="1" falsecount="0"/>
        <line num="39" count="13" type="cond" truecount="1" falsecount="0"/>
        <line num="40" count="11" type="stmt"/>
        <line num="41" count="13" type="cond" truecount="1" falsecount="0"/>
        <line num="42" count="1" type="stmt"/>
        <line num="43" count="13" type="cond" truecount="1" falsecount="0"/>
        <line num="44" count="1" type="stmt"/>
        <line num="45" count="13" type="cond" truecount="0" falsecount="1"/>
        <line num="46" count="0" type="stmt"/>
        <line num="47" count="13" type="stmt"/>
        <line num="48" count="13" type="stmt"/>
        <line num="50" count="13" type="stmt"/>
        <line num="51" count="13" type="stmt"/>
        <line num="52" count="13" type="stmt"/>
        <line num="53" count="13" type="stmt"/>
        <line num="55" count="13" type="stmt"/>
        <line num="57" count="1" type="stmt"/>
      </file>
      <file name="PriceDisplay.tsx" path="/Users/buk/workspace/personal/meli-test/meli-frontend/src/components/atoms/PriceDisplay.tsx">
        <metrics statements="60" coveredstatements="60" conditionals="8" coveredconditionals="8" methods="2" coveredmethods="2"/>
        <line num="1" count="1" type="stmt"/>
        <line num="13" count="1" type="stmt"/>
        <line num="14" count="1" type="stmt"/>
        <line num="15" count="1" type="stmt"/>
        <line num="16" count="1" type="stmt"/>
        <line num="17" count="1" type="stmt"/>
        <line num="18" count="1" type="stmt"/>
        <line num="19" count="1" type="stmt"/>
        <line num="20" count="1" type="stmt"/>
        <line num="21" count="1" type="stmt"/>
        <line num="22" count="1" type="stmt"/>
        <line num="23" count="1" type="stmt"/>
        <line num="24" count="1" type="stmt"/>
        <line num="25" count="1" type="stmt"/>
        <line num="26" count="1" type="stmt"/>
        <line num="27" count="1" type="stmt"/>
        <line num="28" count="1" type="stmt"/>
        <line num="29" count="1" type="stmt"/>
        <line num="31" count="1" type="cond" truecount="1" falsecount="0"/>
        <line num="32" count="120" type="stmt"/>
        <line num="33" count="120" type="stmt"/>
        <line num="34" count="120" type="stmt"/>
        <line num="35" count="120" type="stmt"/>
        <line num="36" count="120" type="stmt"/>
        <line num="37" count="120" type="stmt"/>
        <line num="38" count="120" type="stmt"/>
        <line num="39" count="120" type="stmt"/>
        <line num="40" count="120" type="stmt"/>
        <line num="41" count="120" type="stmt"/>
        <line num="43" count="120" type="cond" truecount="1" falsecount="0"/>
        <line num="44" count="226" type="stmt"/>
        <line num="45" count="226" type="stmt"/>
        <line num="47" count="120" type="stmt"/>
        <line num="48" count="120" type="stmt"/>
        <line num="49" count="120" type="cond" truecount="3" falsecount="0"/>
        <line num="50" count="107" type="stmt"/>
        <line num="51" count="107" type="cond" truecount="1" falsecount="0"/>
        <line num="52" count="106" type="stmt"/>
        <line num="53" count="106" type="stmt"/>
        <line num="54" count="106" type="stmt"/>
        <line num="56" count="107" type="stmt"/>
        <line num="58" count="120" type="stmt"/>
        <line num="59" count="120" type="stmt"/>
        <line num="60" count="120" type="stmt"/>
        <line num="61" count="120" type="stmt"/>
        <line num="62" count="120" type="stmt"/>
        <line num="63" count="120" type="stmt"/>
        <line num="64" count="120" type="stmt"/>
        <line num="65" count="120" type="cond" truecount="1" falsecount="0"/>
        <line num="66" count="1" type="stmt"/>
        <line num="67" count="1" type="stmt"/>
        <line num="68" count="1" type="stmt"/>
        <line num="70" count="120" type="cond" truecount="1" falsecount="0"/>
        <line num="71" count="107" type="stmt"/>
        <line num="72" count="107" type="stmt"/>
        <line num="73" count="107" type="stmt"/>
        <line num="75" count="120" type="stmt"/>
        <line num="76" count="120" type="stmt"/>
        <line num="78" count="120" type="stmt"/>
        <line num="80" count="1" type="stmt"/>
      </file>
      <file name="ProductBadge.tsx" path="/Users/buk/workspace/personal/meli-test/meli-frontend/src/components/atoms/ProductBadge.tsx">
        <metrics statements="18" coveredstatements="18" conditionals="1" coveredconditionals="1" methods="1" coveredmethods="1"/>
        <line num="1" count="1" type="stmt"/>
        <line num="9" count="1" type="cond" truecount="1" falsecount="0"/>
        <line num="10" count="87" type="stmt"/>
        <line num="11" count="87" type="stmt"/>
        <line num="12" count="87" type="stmt"/>
        <line num="13" count="87" type="stmt"/>
        <line num="14" count="87" type="stmt"/>
        <line num="15" count="87" type="stmt"/>
        <line num="16" count="87" type="stmt"/>
        <line num="17" count="87" type="stmt"/>
        <line num="18" count="87" type="stmt"/>
        <line num="19" count="87" type="stmt"/>
        <line num="21" count="87" type="stmt"/>
        <line num="22" count="87" type="stmt"/>
        <line num="23" count="87" type="stmt"/>
        <line num="24" count="87" type="stmt"/>
        <line num="26" count="87" type="stmt"/>
        <line num="28" count="1" type="stmt"/>
      </file>
      <file name="RatingStar.tsx" path="/Users/buk/workspace/personal/meli-test/meli-frontend/src/components/atoms/RatingStar.tsx">
        <metrics statements="41" coveredstatements="41" conditionals="7" coveredconditionals="7" methods="1" coveredmethods="1"/>
        <line num="1" count="1" type="stmt"/>
        <line num="2" count="1" type="stmt"/>
        <line num="11" count="1" type="stmt"/>
        <line num="12" count="1" type="stmt"/>
        <line num="13" count="1" type="stmt"/>
        <line num="14" count="1" type="stmt"/>
        <line num="15" count="1" type="stmt"/>
        <line num="17" count="1" type="cond" truecount="1" falsecount="0"/>
        <line num="18" count="95" type="stmt"/>
        <line num="19" count="95" type="stmt"/>
        <line num="20" count="95" type="stmt"/>
        <line num="21" count="95" type="stmt"/>
        <line num="22" count="95" type="stmt"/>
        <line num="23" count="95" type="stmt"/>
        <line num="24" count="95" type="stmt"/>
        <line num="25" count="95" type="stmt"/>
        <line num="26" count="95" type="stmt"/>
        <line num="28" count="95" type="stmt"/>
        <line num="29" count="95" type="cond" truecount="2" falsecount="0"/>
        <line num="31" count="95" type="stmt"/>
        <line num="33" count="95" type="cond" truecount="1" falsecount="0"/>
        <line num="34" count="8" type="stmt"/>
        <line num="35" count="8" type="stmt"/>
        <line num="36" count="8" type="stmt"/>
        <line num="37" count="8" type="stmt"/>
        <line num="38" count="8" type="stmt"/>
        <line num="40" count="8" type="cond" truecount="1" falsecount="0"/>
        <line num="42" count="95" type="cond" truecount="1" falsecount="0"/>
        <line num="43" count="14" type="stmt"/>
        <line num="44" count="14" type="stmt"/>
        <line num="45" count="14" type="stmt"/>
        <line num="46" count="14" type="stmt"/>
        <line num="47" count="14" type="stmt"/>
        <line num="49" count="14" type="cond" truecount="1" falsecount="0"/>
        <line num="52" count="73" type="stmt"/>
        <line num="53" count="73" type="stmt"/>
        <line num="54" count="73" type="stmt"/>
        <line num="55" count="73" type="stmt"/>
        <line num="56" count="73" type="stmt"/>
        <line num="58" count="73" type="stmt"/>
        <line num="60" count="1" type="stmt"/>
      </file>
      <file name="SellerBadge.tsx" path="/Users/buk/workspace/personal/meli-test/meli-frontend/src/components/atoms/SellerBadge.tsx">
        <metrics statements="40" coveredstatements="40" conditionals="1" coveredconditionals="1" methods="1" coveredmethods="1"/>
        <line num="1" count="1" type="stmt"/>
        <line num="2" count="1" type="stmt"/>
        <line num="9" count="1" type="stmt"/>
        <line num="10" count="1" type="stmt"/>
        <line num="11" count="1" type="stmt"/>
        <line num="12" count="1" type="stmt"/>
        <line num="13" count="1" type="stmt"/>
        <line num="14" count="1" type="stmt"/>
        <line num="15" count="1" type="stmt"/>
        <line num="16" count="1" type="stmt"/>
        <line num="17" count="1" type="stmt"/>
        <line num="18" count="1" type="stmt"/>
        <line num="19" count="1" type="stmt"/>
        <line num="20" count="1" type="stmt"/>
        <line num="21" count="1" type="stmt"/>
        <line num="22" count="1" type="stmt"/>
        <line num="23" count="1" type="stmt"/>
        <line num="24" count="1" type="stmt"/>
        <line num="25" count="1" type="stmt"/>
        <line num="26" count="1" type="stmt"/>
        <line num="27" count="1" type="stmt"/>
        <line num="28" count="1" type="stmt"/>
        <line num="29" count="1" type="stmt"/>
        <line num="30" count="1" type="stmt"/>
        <line num="31" count="1" type="stmt"/>
        <line num="32" count="1" type="stmt"/>
        <line num="33" count="1" type="stmt"/>
        <line num="34" count="1" type="stmt"/>
        <line num="36" count="1" type="cond" truecount="1" falsecount="0"/>
        <line num="37" count="56" type="stmt"/>
        <line num="39" count="56" type="stmt"/>
        <line num="40" count="56" type="stmt"/>
        <line num="41" count="56" type="stmt"/>
        <line num="43" count="56" type="stmt"/>
        <line num="44" count="56" type="stmt"/>
        <line num="45" count="56" type="stmt"/>
        <line num="46" count="56" type="stmt"/>
        <line num="47" count="56" type="stmt"/>
        <line num="49" count="56" type="stmt"/>
        <line num="51" count="1" type="stmt"/>
      </file>
      <file name="Separator.tsx" path="/Users/buk/workspace/personal/meli-test/meli-frontend/src/components/atoms/Separator.tsx">
        <metrics statements="16" coveredstatements="16" conditionals="3" coveredconditionals="3" methods="1" coveredmethods="1"/>
        <line num="1" count="1" type="stmt"/>
        <line num="8" count="1" type="cond" truecount="1" falsecount="0"/>
        <line num="9" count="84" type="stmt"/>
        <line num="10" count="84" type="stmt"/>
        <line num="11" count="84" type="stmt"/>
        <line num="12" count="84" type="cond" truecount="1" falsecount="0"/>
        <line num="13" count="83" type="cond" truecount="1" falsecount="0"/>
        <line num="14" count="1" type="stmt"/>
        <line num="16" count="84" type="stmt"/>
        <line num="17" count="84" type="stmt"/>
        <line num="18" count="84" type="stmt"/>
        <line num="19" count="84" type="stmt"/>
        <line num="20" count="84" type="stmt"/>
        <line num="21" count="84" type="stmt"/>
        <line num="23" count="84" type="stmt"/>
        <line num="25" count="1" type="stmt"/>
      </file>
      <file name="ShippingBadge.tsx" path="/Users/buk/workspace/personal/meli-test/meli-frontend/src/components/atoms/ShippingBadge.tsx">
        <metrics statements="30" coveredstatements="30" conditionals="3" coveredconditionals="3" methods="1" coveredmethods="1"/>
        <line num="1" count="1" type="stmt"/>
        <line num="2" count="1" type="stmt"/>
        <line num="10" count="1" type="stmt"/>
        <line num="11" count="1" type="stmt"/>
        <line num="12" count="1" type="stmt"/>
        <line num="13" count="1" type="stmt"/>
        <line num="14" count="1" type="stmt"/>
        <line num="15" count="1" type="stmt"/>
        <line num="16" count="1" type="stmt"/>
        <line num="17" count="1" type="stmt"/>
        <line num="18" count="1" type="stmt"/>
        <line num="19" count="1" type="stmt"/>
        <line num="20" count="1" type="stmt"/>
        <line num="21" count="1" type="stmt"/>
        <line num="22" count="1" type="stmt"/>
        <line num="23" count="1" type="stmt"/>
        <line num="25" count="1" type="cond" truecount="1" falsecount="0"/>
        <line num="26" count="35" type="stmt"/>
        <line num="27" count="35" type="stmt"/>
        <line num="28" count="35" type="stmt"/>
        <line num="29" count="35" type="stmt"/>
        <line num="30" count="35" type="cond" truecount="2" falsecount="0"/>
        <line num="32" count="34" type="stmt"/>
        <line num="33" count="34" type="stmt"/>
        <line num="34" count="34" type="stmt"/>
        <line num="36" count="34" type="stmt"/>
        <line num="37" count="34" type="stmt"/>
        <line num="38" count="34" type="stmt"/>
        <line num="40" count="34" type="stmt"/>
        <line num="42" count="1" type="stmt"/>
      </file>
      <file name="StarIcon.tsx" path="/Users/buk/workspace/personal/meli-test/meli-frontend/src/components/atoms/StarIcon.tsx">
        <metrics statements="36" coveredstatements="36" conditionals="3" coveredconditionals="3" methods="1" coveredmethods="1"/>
        <line num="1" count="1" type="stmt"/>
        <line num="14" count="1" type="cond" truecount="1" falsecount="0"/>
        <line num="15" count="2169" type="stmt"/>
        <line num="16" count="2169" type="stmt"/>
        <line num="17" count="2169" type="stmt"/>
        <line num="18" count="2169" type="stmt"/>
        <line num="19" count="2169" type="stmt"/>
        <line num="20" count="2169" type="stmt"/>
        <line num="21" count="2169" type="stmt"/>
        <line num="22" count="2169" type="stmt"/>
        <line num="23" count="2169" type="stmt"/>
        <line num="24" count="2169" type="stmt"/>
        <line num="25" count="2169" type="stmt"/>
        <line num="28" count="2169" type="stmt"/>
        <line num="30" count="2169" type="stmt"/>
        <line num="31" count="2169" type="stmt"/>
        <line num="32" count="2169" type="stmt"/>
        <line num="33" count="2169" type="stmt"/>
        <line num="34" count="2169" type="stmt"/>
        <line num="36" count="2169" type="stmt"/>
        <line num="37" count="2169" type="stmt"/>
        <line num="38" count="2169" type="stmt"/>
        <line num="39" count="2169" type="stmt"/>
        <line num="40" count="2169" type="stmt"/>
        <line num="41" count="2169" type="stmt"/>
        <line num="42" count="2169" type="stmt"/>
        <line num="43" count="2169" type="stmt"/>
        <line num="44" count="2169" type="cond" truecount="2" falsecount="0"/>
        <line num="45" count="2169" type="stmt"/>
        <line num="46" count="2169" type="stmt"/>
        <line num="47" count="2169" type="stmt"/>
        <line num="48" count="2169" type="stmt"/>
        <line num="49" count="2169" type="stmt"/>
        <line num="50" count="2169" type="stmt"/>
        <line num="52" count="2169" type="stmt"/>
        <line num="54" count="1" type="stmt"/>
      </file>
      <file name="VariantButton.tsx" path="/Users/buk/workspace/personal/meli-test/meli-frontend/src/components/atoms/VariantButton.tsx">
        <metrics statements="42" coveredstatements="42" conditionals="14" coveredconditionals="14" methods="1" coveredmethods="1"/>
        <line num="1" count="1" type="stmt"/>
        <line num="2" count="1" type="stmt"/>
        <line num="3" count="1" type="stmt"/>
        <line num="15" count="1" type="cond" truecount="1" falsecount="0"/>
        <line num="16" count="673" type="stmt"/>
        <line num="17" count="673" type="stmt"/>
        <line num="18" count="673" type="stmt"/>
        <line num="19" count="673" type="stmt"/>
        <line num="20" count="673" type="stmt"/>
        <line num="21" count="673" type="stmt"/>
        <line num="22" count="673" type="stmt"/>
        <line num="24" count="673" type="cond" truecount="1" falsecount="0"/>
        <line num="25" count="558" type="cond" truecount="1" falsecount="0"/>
        <line num="26" count="224" type="cond" truecount="1" falsecount="0"/>
        <line num="27" count="334" type="cond" truecount="1" falsecount="0"/>
        <line num="28" count="115" type="stmt"/>
        <line num="30" count="673" type="stmt"/>
        <line num="31" count="673" type="stmt"/>
        <line num="32" count="673" type="stmt"/>
        <line num="33" count="673" type="stmt"/>
        <line num="34" count="673" type="stmt"/>
        <line num="35" count="673" type="stmt"/>
        <line num="36" count="673" type="cond" truecount="2" falsecount="0"/>
        <line num="38" count="673" type="cond" truecount="2" falsecount="0"/>
        <line num="39" count="212" type="stmt"/>
        <line num="40" count="212" type="cond" truecount="2" falsecount="0"/>
        <line num="41" count="212" type="stmt"/>
        <line num="42" count="212" type="stmt"/>
        <line num="43" count="212" type="stmt"/>
        <line num="44" count="212" type="stmt"/>
        <line num="45" count="212" type="stmt"/>
        <line num="46" count="212" type="stmt"/>
        <line num="47" count="212" type="stmt"/>
        <line num="48" count="212" type="cond" truecount="1" falsecount="0"/>
        <line num="50" count="461" type="stmt"/>
        <line num="53" count="673" type="cond" truecount="2" falsecount="0"/>
        <line num="54" count="224" type="stmt"/>
        <line num="55" count="224" type="stmt"/>
        <line num="56" count="224" type="stmt"/>
        <line num="58" count="673" type="stmt"/>
        <line num="60" count="673" type="stmt"/>
        <line num="62" count="1" type="stmt"/>
      </file>
    </package>
    <package name="meli-frontend.src.components.atoms.ui">
      <metrics statements="85" coveredstatements="65" conditionals="4" coveredconditionals="4" methods="2" coveredmethods="0"/>
      <file name="dialog.tsx" path="/Users/buk/workspace/personal/meli-test/meli-frontend/src/components/atoms/ui/dialog.tsx">
        <metrics statements="85" coveredstatements="65" conditionals="4" coveredconditionals="4" methods="2" coveredmethods="0"/>
        <line num="1" count="1" type="stmt"/>
        <line num="2" count="1" type="stmt"/>
        <line num="3" count="1" type="stmt"/>
        <line num="5" count="1" type="stmt"/>
        <line num="7" count="1" type="stmt"/>
        <line num="9" count="1" type="stmt"/>
        <line num="11" count="1" type="stmt"/>
        <line num="13" count="1" type="stmt"/>
        <line num="15" count="1" type="stmt"/>
        <line num="18" count="1" type="cond" truecount="1" falsecount="0"/>
        <line num="19" count="12" type="stmt"/>
        <line num="20" count="12" type="stmt"/>
        <line num="21" count="12" type="stmt"/>
        <line num="22" count="12" type="stmt"/>
        <line num="23" count="12" type="stmt"/>
        <line num="24" count="12" type="stmt"/>
        <line num="25" count="12" type="stmt"/>
        <line num="26" count="12" type="stmt"/>
        <line num="27" count="12" type="stmt"/>
        <line num="28" count="1" type="stmt"/>
        <line num="30" count="1" type="stmt"/>
        <line num="33" count="1" type="cond" truecount="1" falsecount="0"/>
        <line num="34" count="174" type="stmt"/>
        <line num="35" count="174" type="stmt"/>
        <line num="36" count="174" type="stmt"/>
        <line num="37" count="174" type="stmt"/>
        <line num="38" count="174" type="stmt"/>
        <line num="39" count="174" type="stmt"/>
        <line num="40" count="174" type="stmt"/>
        <line num="41" count="174" type="stmt"/>
        <line num="42" count="174" type="stmt"/>
        <line num="44" count="174" type="stmt"/>
        <line num="45" count="174" type="stmt"/>
        <line num="46" count="174" type="stmt"/>
        <line num="47" count="174" type="stmt"/>
        <line num="48" count="174" type="stmt"/>
        <line num="49" count="174" type="stmt"/>
        <line num="50" count="174" type="stmt"/>
        <line num="51" count="1" type="stmt"/>
        <line num="52" count="1" type="stmt"/>
        <line num="54" count="1" type="stmt"/>
        <line num="55" count="0" type="stmt"/>
        <line num="56" count="0" type="stmt"/>
        <line num="57" count="0" type="stmt"/>
        <line num="58" count="0" type="stmt"/>
        <line num="59" count="0" type="stmt"/>
        <line num="60" count="0" type="stmt"/>
        <line num="61" count="0" type="stmt"/>
        <line num="62" count="0" type="stmt"/>
        <line num="63" count="0" type="stmt"/>
        <line num="64" count="0" type="stmt"/>
        <line num="66" count="1" type="stmt"/>
        <line num="68" count="1" type="stmt"/>
        <line num="69" count="0" type="stmt"/>
        <line num="70" count="0" type="stmt"/>
        <line num="71" count="0" type="stmt"/>
        <line num="72" count="0" type="stmt"/>
        <line num="73" count="0" type="stmt"/>
        <line num="74" count="0" type="stmt"/>
        <line num="75" count="0" type="stmt"/>
        <line num="76" count="0" type="stmt"/>
        <line num="77" count="0" type="stmt"/>
        <line num="78" count="0" type="stmt"/>
        <line num="80" count="1" type="stmt"/>
        <line num="82" count="1" type="stmt"/>
        <line num="85" count="1" type="cond" truecount="1" falsecount="0"/>
        <line num="86" count="6" type="stmt"/>
        <line num="87" count="6" type="stmt"/>
        <line num="88" count="6" type="stmt"/>
        <line num="89" count="6" type="stmt"/>
        <line num="90" count="6" type="stmt"/>
        <line num="91" count="6" type="stmt"/>
        <line num="92" count="6" type="stmt"/>
        <line num="93" count="6" type="stmt"/>
        <line num="94" count="6" type="stmt"/>
        <line num="95" count="1" type="stmt"/>
        <line num="97" count="1" type="stmt"/>
        <line num="100" count="1" type="cond" truecount="1" falsecount="0"/>
        <line num="101" count="6" type="stmt"/>
        <line num="102" count="6" type="stmt"/>
        <line num="103" count="6" type="stmt"/>
        <line num="104" count="6" type="stmt"/>
        <line num="105" count="6" type="stmt"/>
        <line num="106" count="6" type="stmt"/>
        <line num="107" count="1" type="stmt"/>
      </file>
    </package>
    <package name="meli-frontend.src.components.molecules">
      <metrics statements="769" coveredstatements="741" conditionals="117" coveredconditionals="112" methods="35" coveredmethods="30"/>
      <file name="CategoryRatings.tsx" path="/Users/buk/workspace/personal/meli-test/meli-frontend/src/components/molecules/CategoryRatings.tsx">
        <metrics statements="17" coveredstatements="17" conditionals="2" coveredconditionals="2" methods="1" coveredmethods="1"/>
        <line num="1" count="1" type="stmt"/>
        <line num="2" count="1" type="stmt"/>
        <line num="15" count="1" type="cond" truecount="1" falsecount="0"/>
        <line num="16" count="35" type="stmt"/>
        <line num="17" count="35" type="stmt"/>
        <line num="18" count="35" type="stmt"/>
        <line num="19" count="35" type="stmt"/>
        <line num="20" count="35" type="stmt"/>
        <line num="21" count="35" type="cond" truecount="1" falsecount="0"/>
        <line num="22" count="126" type="stmt"/>
        <line num="23" count="126" type="stmt"/>
        <line num="24" count="126" type="stmt"/>
        <line num="25" count="126" type="stmt"/>
        <line num="26" count="35" type="stmt"/>
        <line num="27" count="35" type="stmt"/>
        <line num="29" count="35" type="stmt"/>
        <line num="31" count="1" type="stmt"/>
      </file>
      <file name="CharacteristicCategory.tsx" path="/Users/buk/workspace/personal/meli-test/meli-frontend/src/components/molecules/CharacteristicCategory.tsx">
        <metrics statements="30" coveredstatements="30" conditionals="4" coveredconditionals="4" methods="1" coveredmethods="1"/>
        <line num="1" count="1" type="stmt"/>
        <line num="12" count="1" type="cond" truecount="1" falsecount="0"/>
        <line num="13" count="13" type="stmt"/>
        <line num="14" count="13" type="stmt"/>
        <line num="15" count="13" type="stmt"/>
        <line num="16" count="13" type="stmt"/>
        <line num="17" count="13" type="stmt"/>
        <line num="18" count="13" type="stmt"/>
        <line num="20" count="13" type="stmt"/>
        <line num="21" count="13" type="stmt"/>
        <line num="22" count="13" type="stmt"/>
        <line num="25" count="13" type="stmt"/>
        <line num="26" count="13" type="cond" truecount="1" falsecount="0"/>
        <line num="27" count="33" type="stmt"/>
        <line num="28" count="33" type="stmt"/>
        <line num="29" count="33" type="stmt"/>
        <line num="30" count="33" type="cond" truecount="2" falsecount="0"/>
        <line num="31" count="33" type="stmt"/>
        <line num="33" count="33" type="stmt"/>
        <line num="34" count="33" type="stmt"/>
        <line num="35" count="33" type="stmt"/>
        <line num="36" count="33" type="stmt"/>
        <line num="37" count="33" type="stmt"/>
        <line num="38" count="33" type="stmt"/>
        <line num="39" count="33" type="stmt"/>
        <line num="40" count="13" type="stmt"/>
        <line num="41" count="13" type="stmt"/>
        <line num="42" count="13" type="stmt"/>
        <line num="44" count="13" type="stmt"/>
        <line num="46" count="1" type="stmt"/>
      </file>
      <file name="CharacteristicHighlight.tsx" path="/Users/buk/workspace/personal/meli-test/meli-frontend/src/components/molecules/CharacteristicHighlight.tsx">
        <metrics statements="22" coveredstatements="22" conditionals="2" coveredconditionals="2" methods="1" coveredmethods="1"/>
        <line num="1" count="1" type="stmt"/>
        <line num="2" count="1" type="stmt"/>
        <line num="11" count="1" type="cond" truecount="1" falsecount="0"/>
        <line num="12" count="94" type="stmt"/>
        <line num="13" count="94" type="stmt"/>
        <line num="14" count="94" type="stmt"/>
        <line num="15" count="94" type="stmt"/>
        <line num="16" count="94" type="stmt"/>
        <line num="18" count="94" type="stmt"/>
        <line num="20" count="94" type="stmt"/>
        <line num="21" count="94" type="stmt"/>
        <line num="23" count="94" type="cond" truecount="1" falsecount="0"/>
        <line num="24" count="60" type="stmt"/>
        <line num="25" count="60" type="stmt"/>
        <line num="26" count="60" type="stmt"/>
        <line num="30" count="94" type="stmt"/>
        <line num="31" count="94" type="stmt"/>
        <line num="32" count="94" type="stmt"/>
        <line num="33" count="94" type="stmt"/>
        <line num="34" count="94" type="stmt"/>
        <line num="36" count="94" type="stmt"/>
        <line num="38" count="1" type="stmt"/>
      </file>
      <file name="CharacteristicRange.tsx" path="/Users/buk/workspace/personal/meli-test/meli-frontend/src/components/molecules/CharacteristicRange.tsx">
        <metrics statements="54" coveredstatements="54" conditionals="9" coveredconditionals="9" methods="1" coveredmethods="1"/>
        <line num="1" count="1" type="stmt"/>
        <line num="2" count="1" type="stmt"/>
        <line num="17" count="1" type="cond" truecount="1" falsecount="0"/>
        <line num="18" count="72" type="stmt"/>
        <line num="19" count="72" type="stmt"/>
        <line num="20" count="72" type="stmt"/>
        <line num="21" count="72" type="stmt"/>
        <line num="22" count="72" type="stmt"/>
        <line num="23" count="72" type="stmt"/>
        <line num="24" count="72" type="stmt"/>
        <line num="25" count="72" type="stmt"/>
        <line num="26" count="72" type="stmt"/>
        <line num="27" count="72" type="stmt"/>
        <line num="28" count="72" type="stmt"/>
        <line num="30" count="72" type="cond" truecount="2" falsecount="0"/>
        <line num="33" count="72" type="cond" truecount="2" falsecount="0"/>
        <line num="36" count="72" type="stmt"/>
        <line num="38" count="72" type="stmt"/>
        <line num="39" count="72" type="stmt"/>
        <line num="41" count="72" type="stmt"/>
        <line num="43" count="72" type="cond" truecount="1" falsecount="0"/>
        <line num="44" count="27" type="stmt"/>
        <line num="45" count="27" type="stmt"/>
        <line num="46" count="27" type="stmt"/>
        <line num="50" count="72" type="stmt"/>
        <line num="52" count="72" type="stmt"/>
        <line num="53" count="72" type="stmt"/>
        <line num="54" count="72" type="stmt"/>
        <line num="55" count="72" type="stmt"/>
        <line num="58" count="72" type="stmt"/>
        <line num="60" count="72" type="stmt"/>
        <line num="61" count="72" type="cond" truecount="1" falsecount="0"/>
        <line num="62" count="362" type="stmt"/>
        <line num="63" count="362" type="stmt"/>
        <line num="64" count="362" type="stmt"/>
        <line num="65" count="362" type="cond" truecount="2" falsecount="0"/>
        <line num="66" count="362" type="stmt"/>
        <line num="67" count="362" type="stmt"/>
        <line num="68" count="72" type="stmt"/>
        <line num="69" count="72" type="stmt"/>
        <line num="72" count="72" type="stmt"/>
        <line num="73" count="72" type="stmt"/>
        <line num="74" count="72" type="stmt"/>
        <line num="75" count="72" type="stmt"/>
        <line num="76" count="72" type="stmt"/>
        <line num="77" count="72" type="stmt"/>
        <line num="78" count="72" type="stmt"/>
        <line num="79" count="72" type="stmt"/>
        <line num="80" count="72" type="stmt"/>
        <line num="81" count="72" type="stmt"/>
        <line num="82" count="72" type="stmt"/>
        <line num="84" count="72" type="stmt"/>
        <line num="86" count="72" type="stmt"/>
        <line num="88" count="1" type="stmt"/>
      </file>
      <file name="FormField.tsx" path="/Users/buk/workspace/personal/meli-test/meli-frontend/src/components/molecules/FormField.tsx">
        <metrics statements="22" coveredstatements="22" conditionals="6" coveredconditionals="6" methods="0" coveredmethods="0"/>
        <line num="1" count="1" type="stmt"/>
        <line num="2" count="1" type="stmt"/>
        <line num="3" count="1" type="stmt"/>
        <line num="4" count="1" type="stmt"/>
        <line num="12" count="1" type="stmt"/>
        <line num="13" count="1" type="cond" truecount="1" falsecount="0"/>
        <line num="14" count="13" type="cond" truecount="1" falsecount="0"/>
        <line num="16" count="13" type="stmt"/>
        <line num="17" count="13" type="stmt"/>
        <line num="18" count="13" type="stmt"/>
        <line num="19" count="13" type="stmt"/>
        <line num="20" count="13" type="stmt"/>
        <line num="21" count="13" type="stmt"/>
        <line num="22" count="13" type="cond" truecount="1" falsecount="0"/>
        <line num="23" count="13" type="stmt"/>
        <line num="24" count="13" type="stmt"/>
        <line num="25" count="13" type="cond" truecount="1" falsecount="0"/>
        <line num="26" count="13" type="cond" truecount="2" falsecount="0"/>
        <line num="27" count="13" type="stmt"/>
        <line num="29" count="13" type="stmt"/>
        <line num="30" count="1" type="stmt"/>
        <line num="31" count="1" type="stmt"/>
      </file>
      <file name="MLSearchBar.tsx" path="/Users/buk/workspace/personal/meli-test/meli-frontend/src/components/molecules/MLSearchBar.tsx">
        <metrics statements="34" coveredstatements="34" conditionals="3" coveredconditionals="3" methods="3" coveredmethods="3"/>
        <line num="1" count="1" type="stmt"/>
        <line num="2" count="1" type="stmt"/>
        <line num="10" count="1" type="cond" truecount="1" falsecount="0"/>
        <line num="11" count="91" type="stmt"/>
        <line num="12" count="91" type="stmt"/>
        <line num="13" count="91" type="stmt"/>
        <line num="14" count="91" type="stmt"/>
        <line num="15" count="91" type="stmt"/>
        <line num="17" count="91" type="cond" truecount="1" falsecount="0"/>
        <line num="18" count="3" type="stmt"/>
        <line num="19" count="3" type="stmt"/>
        <line num="20" count="3" type="stmt"/>
        <line num="21" count="3" type="stmt"/>
        <line num="22" count="3" type="stmt"/>
        <line num="24" count="91" type="stmt"/>
        <line num="25" count="91" type="stmt"/>
        <line num="26" count="91" type="stmt"/>
        <line num="27" count="91" type="stmt"/>
        <line num="28" count="91" type="stmt"/>
        <line num="29" count="91" type="stmt"/>
        <line num="30" count="91" type="cond" truecount="1" falsecount="0"/>
        <line num="31" count="91" type="stmt"/>
        <line num="32" count="91" type="stmt"/>
        <line num="33" count="91" type="stmt"/>
        <line num="34" count="91" type="stmt"/>
        <line num="35" count="91" type="stmt"/>
        <line num="36" count="91" type="stmt"/>
        <line num="37" count="91" type="stmt"/>
        <line num="39" count="91" type="stmt"/>
        <line num="40" count="91" type="stmt"/>
        <line num="41" count="91" type="stmt"/>
        <line num="42" count="91" type="stmt"/>
        <line num="44" count="91" type="stmt"/>
        <line num="46" count="1" type="stmt"/>
      </file>
      <file name="NavLink.tsx" path="/Users/buk/workspace/personal/meli-test/meli-frontend/src/components/molecules/NavLink.tsx">
        <metrics statements="18" coveredstatements="18" conditionals="4" coveredconditionals="4" methods="1" coveredmethods="1"/>
        <line num="1" count="1" type="stmt"/>
        <line num="2" count="1" type="stmt"/>
        <line num="3" count="1" type="stmt"/>
        <line num="11" count="1" type="cond" truecount="1" falsecount="0"/>
        <line num="12" count="50" type="stmt"/>
        <line num="13" count="50" type="stmt"/>
        <line num="14" count="50" type="stmt"/>
        <line num="15" count="50" type="stmt"/>
        <line num="16" count="50" type="cond" truecount="1" falsecount="0"/>
        <line num="17" count="14" type="cond" truecount="1" falsecount="0"/>
        <line num="18" count="36" type="stmt"/>
        <line num="19" count="50" type="stmt"/>
        <line num="20" count="50" type="stmt"/>
        <line num="21" count="50" type="stmt"/>
        <line num="23" count="50" type="cond" truecount="1" falsecount="0"/>
        <line num="24" count="50" type="stmt"/>
        <line num="25" count="50" type="stmt"/>
        <line num="27" count="50" type="stmt"/>
      </file>
      <file name="ProductGallery.tsx" path="/Users/buk/workspace/personal/meli-test/meli-frontend/src/components/molecules/ProductGallery.tsx">
        <metrics statements="120" coveredstatements="120" conditionals="15" coveredconditionals="13" methods="7" coveredmethods="4"/>
        <line num="1" count="1" type="stmt"/>
        <line num="2" count="1" type="stmt"/>
        <line num="3" count="1" type="stmt"/>
        <line num="9" count="1" type="stmt"/>
        <line num="17" count="1" type="cond" truecount="1" falsecount="0"/>
        <line num="18" count="124" type="stmt"/>
        <line num="19" count="124" type="stmt"/>
        <line num="20" count="124" type="stmt"/>
        <line num="21" count="124" type="stmt"/>
        <line num="22" count="124" type="stmt"/>
        <line num="23" count="124" type="stmt"/>
        <line num="25" count="124" type="cond" truecount="1" falsecount="0"/>
        <line num="26" count="1" type="cond" truecount="1" falsecount="1"/>
        <line num="27" count="1" type="stmt"/>
        <line num="29" count="124" type="cond" truecount="1" falsecount="0"/>
        <line num="30" count="1" type="cond" truecount="1" falsecount="1"/>
        <line num="31" count="1" type="stmt"/>
        <line num="33" count="124" type="stmt"/>
        <line num="34" count="124" type="stmt"/>
        <line num="36" count="124" type="stmt"/>
        <line num="38" count="124" type="stmt"/>
        <line num="39" count="124" type="cond" truecount="1" falsecount="0"/>
        <line num="40" count="368" type="stmt"/>
        <line num="41" count="368" type="stmt"/>
        <line num="42" count="368" type="cond" truecount="1" falsecount="0"/>
        <line num="43" count="368" type="stmt"/>
        <line num="44" count="368" type="cond" truecount="1" falsecount="0"/>
        <line num="45" count="124" type="cond" truecount="1" falsecount="0"/>
        <line num="46" count="244" type="stmt"/>
        <line num="47" count="368" type="stmt"/>
        <line num="49" count="368" type="stmt"/>
        <line num="50" count="368" type="stmt"/>
        <line num="51" count="368" type="stmt"/>
        <line num="52" count="368" type="stmt"/>
        <line num="53" count="368" type="stmt"/>
        <line num="54" count="368" type="stmt"/>
        <line num="55" count="124" type="stmt"/>
        <line num="56" count="124" type="stmt"/>
        <line num="59" count="124" type="stmt"/>
        <line num="60" count="124" type="stmt"/>
        <line num="61" count="124" type="stmt"/>
        <line num="62" count="124" type="stmt"/>
        <line num="63" count="124" type="stmt"/>
        <line num="64" count="124" type="stmt"/>
        <line num="65" count="124" type="stmt"/>
        <line num="66" count="124" type="stmt"/>
        <line num="67" count="124" type="stmt"/>
        <line num="70" count="124" type="stmt"/>
        <line num="72" count="124" type="stmt"/>
        <line num="73" count="124" type="stmt"/>
        <line num="74" count="124" type="stmt"/>
        <line num="77" count="124" type="stmt"/>
        <line num="78" count="124" type="stmt"/>
        <line num="79" count="124" type="stmt"/>
        <line num="80" count="124" type="stmt"/>
        <line num="81" count="124" type="stmt"/>
        <line num="82" count="124" type="stmt"/>
        <line num="83" count="124" type="stmt"/>
        <line num="86" count="124" type="cond" truecount="1" falsecount="0"/>
        <line num="87" count="123" type="stmt"/>
        <line num="88" count="123" type="stmt"/>
        <line num="89" count="123" type="stmt"/>
        <line num="90" count="123" type="stmt"/>
        <line num="91" count="123" type="stmt"/>
        <line num="93" count="123" type="stmt"/>
        <line num="94" count="123" type="stmt"/>
        <line num="96" count="123" type="stmt"/>
        <line num="97" count="123" type="stmt"/>
        <line num="98" count="123" type="stmt"/>
        <line num="99" count="123" type="stmt"/>
        <line num="101" count="123" type="stmt"/>
        <line num="102" count="123" type="stmt"/>
        <line num="103" count="123" type="stmt"/>
        <line num="105" count="124" type="stmt"/>
        <line num="108" count="124" type="stmt"/>
        <line num="109" count="124" type="cond" truecount="1" falsecount="0"/>
        <line num="110" count="368" type="stmt"/>
        <line num="111" count="368" type="stmt"/>
        <line num="112" count="368" type="stmt"/>
        <line num="113" count="368" type="stmt"/>
        <line num="114" count="368" type="cond" truecount="2" falsecount="0"/>
        <line num="115" count="368" type="stmt"/>
        <line num="116" count="368" type="stmt"/>
        <line num="117" count="368" type="stmt"/>
        <line num="118" count="124" type="stmt"/>
        <line num="119" count="124" type="stmt"/>
        <line num="120" count="124" type="stmt"/>
        <line num="123" count="124" type="stmt"/>
        <line num="124" count="124" type="stmt"/>
        <line num="125" count="124" type="stmt"/>
        <line num="126" count="124" type="stmt"/>
        <line num="127" count="124" type="stmt"/>
        <line num="128" count="124" type="stmt"/>
        <line num="129" count="124" type="stmt"/>
        <line num="130" count="124" type="stmt"/>
        <line num="131" count="124" type="stmt"/>
        <line num="132" count="124" type="stmt"/>
        <line num="133" count="124" type="stmt"/>
        <line num="135" count="124" type="stmt"/>
        <line num="136" count="124" type="stmt"/>
        <line num="138" count="124" type="stmt"/>
        <line num="139" count="124" type="stmt"/>
        <line num="140" count="124" type="stmt"/>
        <line num="141" count="124" type="stmt"/>
        <line num="142" count="124" type="stmt"/>
        <line num="144" count="124" type="stmt"/>
        <line num="145" count="124" type="stmt"/>
        <line num="146" count="124" type="stmt"/>
        <line num="147" count="124" type="stmt"/>
        <line num="149" count="124" type="stmt"/>
        <line num="150" count="124" type="stmt"/>
        <line num="152" count="124" type="stmt"/>
        <line num="153" count="124" type="stmt"/>
        <line num="154" count="124" type="stmt"/>
        <line num="155" count="124" type="stmt"/>
        <line num="156" count="124" type="stmt"/>
        <line num="157" count="124" type="stmt"/>
        <line num="158" count="124" type="stmt"/>
        <line num="160" count="124" type="stmt"/>
        <line num="162" count="1" type="stmt"/>
      </file>
      <file name="ProductImage.tsx" path="/Users/buk/workspace/personal/meli-test/meli-frontend/src/components/molecules/ProductImage.tsx">
        <metrics statements="31" coveredstatements="31" conditionals="5" coveredconditionals="5" methods="2" coveredmethods="2"/>
        <line num="1" count="1" type="stmt"/>
        <line num="2" count="1" type="stmt"/>
        <line num="12" count="1" type="cond" truecount="1" falsecount="0"/>
        <line num="13" count="262" type="stmt"/>
        <line num="14" count="262" type="stmt"/>
        <line num="15" count="262" type="stmt"/>
        <line num="16" count="262" type="stmt"/>
        <line num="17" count="262" type="stmt"/>
        <line num="18" count="262" type="stmt"/>
        <line num="19" count="262" type="stmt"/>
        <line num="21" count="262" type="stmt"/>
        <line num="22" count="262" type="stmt"/>
        <line num="23" count="262" type="stmt"/>
        <line num="24" count="262" type="stmt"/>
        <line num="26" count="262" type="cond" truecount="1" falsecount="0"/>
        <line num="27" count="260" type="stmt"/>
        <line num="30" count="262" type="stmt"/>
        <line num="31" count="262" type="stmt"/>
        <line num="32" count="262" type="stmt"/>
        <line num="33" count="262" type="cond" truecount="1" falsecount="0"/>
        <line num="34" count="262" type="stmt"/>
        <line num="35" count="262" type="stmt"/>
        <line num="37" count="262" type="cond" truecount="2" falsecount="0"/>
        <line num="38" count="2" type="stmt"/>
        <line num="39" count="2" type="stmt"/>
        <line num="40" count="2" type="stmt"/>
        <line num="41" count="2" type="stmt"/>
        <line num="42" count="2" type="stmt"/>
        <line num="44" count="262" type="stmt"/>
        <line num="46" count="262" type="stmt"/>
        <line num="48" count="1" type="stmt"/>
      </file>
      <file name="QuantitySelector.tsx" path="/Users/buk/workspace/personal/meli-test/meli-frontend/src/components/molecules/QuantitySelector.tsx">
        <metrics statements="62" coveredstatements="62" conditionals="7" coveredconditionals="7" methods="4" coveredmethods="4"/>
        <line num="1" count="1" type="stmt"/>
        <line num="2" count="1" type="stmt"/>
        <line num="13" count="1" type="cond" truecount="1" falsecount="0"/>
        <line num="14" count="55" type="stmt"/>
        <line num="15" count="55" type="stmt"/>
        <line num="16" count="55" type="stmt"/>
        <line num="17" count="55" type="stmt"/>
        <line num="18" count="55" type="stmt"/>
        <line num="19" count="55" type="stmt"/>
        <line num="20" count="55" type="stmt"/>
        <line num="21" count="55" type="cond" truecount="2" falsecount="0"/>
        <line num="23" count="55" type="cond" truecount="1" falsecount="0"/>
        <line num="24" count="1" type="stmt"/>
        <line num="25" count="1" type="stmt"/>
        <line num="26" count="1" type="stmt"/>
        <line num="27" count="1" type="stmt"/>
        <line num="29" count="55" type="cond" truecount="1" falsecount="0"/>
        <line num="30" count="1" type="stmt"/>
        <line num="31" count="1" type="stmt"/>
        <line num="32" count="1" type="stmt"/>
        <line num="33" count="1" type="stmt"/>
        <line num="35" count="55" type="cond" truecount="1" falsecount="0"/>
        <line num="36" count="1" type="stmt"/>
        <line num="37" count="1" type="stmt"/>
        <line num="38" count="1" type="stmt"/>
        <line num="39" count="1" type="stmt"/>
        <line num="40" count="1" type="stmt"/>
        <line num="42" count="55" type="stmt"/>
        <line num="43" count="55" type="stmt"/>
        <line num="44" count="55" type="stmt"/>
        <line num="46" count="55" type="stmt"/>
        <line num="47" count="55" type="stmt"/>
        <line num="48" count="55" type="stmt"/>
        <line num="49" count="55" type="stmt"/>
        <line num="50" count="55" type="stmt"/>
        <line num="51" count="55" type="stmt"/>
        <line num="52" count="55" type="stmt"/>
        <line num="54" count="55" type="stmt"/>
        <line num="55" count="55" type="stmt"/>
        <line num="57" count="55" type="stmt"/>
        <line num="58" count="55" type="stmt"/>
        <line num="59" count="55" type="stmt"/>
        <line num="60" count="55" type="stmt"/>
        <line num="61" count="55" type="stmt"/>
        <line num="62" count="55" type="stmt"/>
        <line num="63" count="55" type="stmt"/>
        <line num="64" count="55" type="stmt"/>
        <line num="66" count="55" type="stmt"/>
        <line num="67" count="55" type="stmt"/>
        <line num="68" count="55" type="stmt"/>
        <line num="69" count="55" type="stmt"/>
        <line num="70" count="55" type="stmt"/>
        <line num="72" count="55" type="stmt"/>
        <line num="73" count="55" type="stmt"/>
        <line num="75" count="55" type="cond" truecount="1" falsecount="0"/>
        <line num="76" count="44" type="stmt"/>
        <line num="77" count="44" type="stmt"/>
        <line num="78" count="44" type="stmt"/>
        <line num="80" count="55" type="stmt"/>
        <line num="81" count="55" type="stmt"/>
        <line num="83" count="55" type="stmt"/>
        <line num="85" count="1" type="stmt"/>
      </file>
      <file name="QuestionItem.tsx" path="/Users/buk/workspace/personal/meli-test/meli-frontend/src/components/molecules/QuestionItem.tsx">
        <metrics statements="44" coveredstatements="44" conditionals="13" coveredconditionals="10" methods="2" coveredmethods="2"/>
        <line num="1" count="1" type="stmt"/>
        <line num="2" count="1" type="stmt"/>
        <line num="18" count="1" type="cond" truecount="1" falsecount="0"/>
        <line num="19" count="12" type="cond" truecount="1" falsecount="0"/>
        <line num="20" count="21" type="stmt"/>
        <line num="21" count="21" type="stmt"/>
        <line num="22" count="21" type="stmt"/>
        <line num="24" count="21" type="cond" truecount="2" falsecount="0"/>
        <line num="25" count="21" type="cond" truecount="1" falsecount="1"/>
        <line num="26" count="21" type="cond" truecount="1" falsecount="1"/>
        <line num="27" count="21" type="cond" truecount="1" falsecount="1"/>
        <line num="28" count="20" type="stmt"/>
        <line num="29" count="21" type="stmt"/>
        <line num="31" count="12" type="stmt"/>
        <line num="32" count="12" type="stmt"/>
        <line num="34" count="12" type="stmt"/>
        <line num="35" count="12" type="stmt"/>
        <line num="36" count="12" type="stmt"/>
        <line num="37" count="12" type="stmt"/>
        <line num="38" count="12" type="stmt"/>
        <line num="39" count="12" type="stmt"/>
        <line num="40" count="12" type="stmt"/>
        <line num="41" count="12" type="stmt"/>
        <line num="42" count="12" type="stmt"/>
        <line num="43" count="12" type="stmt"/>
        <line num="44" count="12" type="stmt"/>
        <line num="47" count="12" type="cond" truecount="2" falsecount="0"/>
        <line num="48" count="9" type="stmt"/>
        <line num="49" count="9" type="stmt"/>
        <line num="50" count="9" type="stmt"/>
        <line num="51" count="9" type="stmt"/>
        <line num="52" count="9" type="stmt"/>
        <line num="53" count="9" type="stmt"/>
        <line num="54" count="9" type="stmt"/>
        <line num="55" count="9" type="stmt"/>
        <line num="57" count="9" type="stmt"/>
        <line num="61" count="12" type="cond" truecount="1" falsecount="0"/>
        <line num="62" count="3" type="stmt"/>
        <line num="63" count="3" type="stmt"/>
        <line num="65" count="3" type="stmt"/>
        <line num="66" count="3" type="stmt"/>
        <line num="68" count="12" type="stmt"/>
        <line num="70" count="12" type="stmt"/>
        <line num="72" count="1" type="stmt"/>
      </file>
      <file name="RatingStars.tsx" path="/Users/buk/workspace/personal/meli-test/meli-frontend/src/components/molecules/RatingStars.tsx">
        <metrics statements="56" coveredstatements="56" conditionals="8" coveredconditionals="8" methods="1" coveredmethods="1"/>
        <line num="1" count="1" type="stmt"/>
        <line num="2" count="1" type="stmt"/>
        <line num="14" count="1" type="stmt"/>
        <line num="15" count="1" type="stmt"/>
        <line num="16" count="1" type="stmt"/>
        <line num="17" count="1" type="stmt"/>
        <line num="18" count="1" type="stmt"/>
        <line num="20" count="1" type="cond" truecount="1" falsecount="0"/>
        <line num="21" count="19" type="stmt"/>
        <line num="22" count="19" type="stmt"/>
        <line num="23" count="19" type="stmt"/>
        <line num="24" count="19" type="stmt"/>
        <line num="25" count="19" type="stmt"/>
        <line num="26" count="19" type="stmt"/>
        <line num="27" count="19" type="stmt"/>
        <line num="28" count="19" type="stmt"/>
        <line num="29" count="19" type="stmt"/>
        <line num="30" count="19" type="stmt"/>
        <line num="31" count="19" type="cond" truecount="2" falsecount="0"/>
        <line num="33" count="19" type="stmt"/>
        <line num="34" count="19" type="stmt"/>
        <line num="35" count="19" type="stmt"/>
        <line num="37" count="19" type="cond" truecount="1" falsecount="0"/>
        <line num="38" count="73" type="stmt"/>
        <line num="39" count="73" type="stmt"/>
        <line num="40" count="73" type="stmt"/>
        <line num="41" count="73" type="stmt"/>
        <line num="42" count="73" type="stmt"/>
        <line num="43" count="73" type="stmt"/>
        <line num="44" count="19" type="stmt"/>
        <line num="47" count="19" type="cond" truecount="1" falsecount="0"/>
        <line num="48" count="8" type="stmt"/>
        <line num="49" count="8" type="stmt"/>
        <line num="50" count="8" type="stmt"/>
        <line num="51" count="8" type="stmt"/>
        <line num="52" count="8" type="stmt"/>
        <line num="56" count="19" type="cond" truecount="1" falsecount="0"/>
        <line num="57" count="14" type="stmt"/>
        <line num="58" count="14" type="stmt"/>
        <line num="59" count="14" type="stmt"/>
        <line num="60" count="14" type="stmt"/>
        <line num="61" count="14" type="stmt"/>
        <line num="62" count="14" type="stmt"/>
        <line num="63" count="19" type="stmt"/>
        <line num="64" count="19" type="stmt"/>
        <line num="66" count="19" type="cond" truecount="1" falsecount="0"/>
        <line num="67" count="18" type="stmt"/>
        <line num="68" count="18" type="stmt"/>
        <line num="69" count="18" type="stmt"/>
        <line num="72" count="19" type="cond" truecount="1" falsecount="0"/>
        <line num="73" count="3" type="stmt"/>
        <line num="74" count="3" type="stmt"/>
        <line num="75" count="3" type="stmt"/>
        <line num="77" count="19" type="stmt"/>
        <line num="79" count="19" type="stmt"/>
        <line num="81" count="1" type="stmt"/>
      </file>
      <file name="ReviewItem.tsx" path="/Users/buk/workspace/personal/meli-test/meli-frontend/src/components/molecules/ReviewItem.tsx">
        <metrics statements="57" coveredstatements="57" conditionals="15" coveredconditionals="15" methods="1" coveredmethods="1"/>
        <line num="1" count="1" type="stmt"/>
        <line num="2" count="1" type="stmt"/>
        <line num="28" count="1" type="cond" truecount="1" falsecount="0"/>
        <line num="29" count="138" type="stmt"/>
        <line num="30" count="138" type="stmt"/>
        <line num="31" count="138" type="stmt"/>
        <line num="32" count="138" type="stmt"/>
        <line num="34" count="138" type="stmt"/>
        <line num="35" count="138" type="cond" truecount="2" falsecount="0"/>
        <line num="37" count="80" type="cond" truecount="1" falsecount="0"/>
        <line num="38" count="237" type="cond" truecount="2" falsecount="0"/>
        <line num="39" count="235" type="stmt"/>
        <line num="40" count="235" type="cond" truecount="1" falsecount="0"/>
        <line num="41" count="2" type="stmt"/>
        <line num="42" count="80" type="stmt"/>
        <line num="44" count="80" type="cond" truecount="1" falsecount="0"/>
        <line num="45" count="317" type="stmt"/>
        <line num="46" count="317" type="stmt"/>
        <line num="47" count="317" type="stmt"/>
        <line num="48" count="317" type="stmt"/>
        <line num="49" count="317" type="stmt"/>
        <line num="50" count="317" type="stmt"/>
        <line num="51" count="317" type="stmt"/>
        <line num="52" count="317" type="stmt"/>
        <line num="53" count="80" type="stmt"/>
        <line num="54" count="80" type="stmt"/>
        <line num="57" count="138" type="cond" truecount="1" falsecount="0"/>
        <line num="58" count="80" type="cond" truecount="2" falsecount="0"/>
        <line num="59" count="58" type="stmt"/>
        <line num="61" count="138" type="stmt"/>
        <line num="62" count="138" type="stmt"/>
        <line num="64" count="138" type="stmt"/>
        <line num="65" count="138" type="stmt"/>
        <line num="66" count="138" type="stmt"/>
        <line num="67" count="138" type="stmt"/>
        <line num="70" count="138" type="cond" truecount="1" falsecount="0"/>
        <line num="71" count="92" type="stmt"/>
        <line num="72" count="92" type="stmt"/>
        <line num="73" count="92" type="stmt"/>
        <line num="74" count="92" type="stmt"/>
        <line num="75" count="92" type="stmt"/>
        <line num="76" count="92" type="stmt"/>
        <line num="80" count="138" type="stmt"/>
        <line num="83" count="138" type="cond" truecount="2" falsecount="0"/>
        <line num="84" count="68" type="stmt"/>
        <line num="85" count="68" type="cond" truecount="1" falsecount="0"/>
        <line num="86" count="123" type="stmt"/>
        <line num="87" count="123" type="stmt"/>
        <line num="88" count="123" type="stmt"/>
        <line num="89" count="123" type="stmt"/>
        <line num="90" count="123" type="stmt"/>
        <line num="91" count="123" type="stmt"/>
        <line num="92" count="68" type="stmt"/>
        <line num="93" count="68" type="stmt"/>
        <line num="96" count="138" type="stmt"/>
        <line num="98" count="138" type="stmt"/>
        <line num="100" count="1" type="stmt"/>
      </file>
      <file name="ReviewPhotoCard.tsx" path="/Users/buk/workspace/personal/meli-test/meli-frontend/src/components/molecules/ReviewPhotoCard.tsx">
        <metrics statements="26" coveredstatements="26" conditionals="1" coveredconditionals="1" methods="1" coveredmethods="1"/>
        <line num="1" count="1" type="stmt"/>
        <line num="2" count="1" type="stmt"/>
        <line num="11" count="1" type="cond" truecount="1" falsecount="0"/>
        <line num="12" count="131" type="stmt"/>
        <line num="13" count="131" type="stmt"/>
        <line num="14" count="131" type="stmt"/>
        <line num="15" count="131" type="stmt"/>
        <line num="16" count="131" type="stmt"/>
        <line num="17" count="131" type="stmt"/>
        <line num="18" count="131" type="stmt"/>
        <line num="19" count="131" type="stmt"/>
        <line num="20" count="131" type="stmt"/>
        <line num="23" count="131" type="stmt"/>
        <line num="24" count="131" type="stmt"/>
        <line num="25" count="131" type="stmt"/>
        <line num="26" count="131" type="stmt"/>
        <line num="27" count="131" type="stmt"/>
        <line num="30" count="131" type="stmt"/>
        <line num="31" count="131" type="stmt"/>
        <line num="32" count="131" type="stmt"/>
        <line num="33" count="131" type="stmt"/>
        <line num="34" count="131" type="stmt"/>
        <line num="35" count="131" type="stmt"/>
        <line num="36" count="131" type="stmt"/>
        <line num="38" count="131" type="stmt"/>
        <line num="40" count="1" type="stmt"/>
      </file>
      <file name="SearchBar.tsx" path="/Users/buk/workspace/personal/meli-test/meli-frontend/src/components/molecules/SearchBar.tsx">
        <metrics statements="28" coveredstatements="28" conditionals="3" coveredconditionals="3" methods="3" coveredmethods="3"/>
        <line num="1" count="1" type="stmt"/>
        <line num="2" count="1" type="stmt"/>
        <line num="3" count="1" type="stmt"/>
        <line num="4" count="1" type="stmt"/>
        <line num="12" count="1" type="cond" truecount="1" falsecount="0"/>
        <line num="13" count="35" type="stmt"/>
        <line num="14" count="35" type="stmt"/>
        <line num="15" count="35" type="stmt"/>
        <line num="16" count="35" type="stmt"/>
        <line num="17" count="35" type="stmt"/>
        <line num="19" count="35" type="cond" truecount="1" falsecount="0"/>
        <line num="20" count="2" type="stmt"/>
        <line num="21" count="2" type="stmt"/>
        <line num="22" count="2" type="stmt"/>
        <line num="24" count="35" type="stmt"/>
        <line num="25" count="35" type="stmt"/>
        <line num="26" count="35" type="stmt"/>
        <line num="27" count="35" type="stmt"/>
        <line num="28" count="35" type="stmt"/>
        <line num="29" count="35" type="stmt"/>
        <line num="30" count="35" type="cond" truecount="1" falsecount="0"/>
        <line num="31" count="35" type="stmt"/>
        <line num="32" count="35" type="stmt"/>
        <line num="33" count="35" type="stmt"/>
        <line num="34" count="35" type="stmt"/>
        <line num="35" count="35" type="stmt"/>
        <line num="36" count="35" type="stmt"/>
        <line num="38" count="35" type="stmt"/>
      </file>
      <file name="SellerInfo.tsx" path="/Users/buk/workspace/personal/meli-test/meli-frontend/src/components/molecules/SellerInfo.tsx">
        <metrics statements="42" coveredstatements="42" conditionals="6" coveredconditionals="6" methods="1" coveredmethods="1"/>
        <line num="1" count="1" type="stmt"/>
        <line num="2" count="1" type="stmt"/>
        <line num="3" count="1" type="stmt"/>
        <line num="15" count="1" type="cond" truecount="1" falsecount="0"/>
        <line num="16" count="15" type="stmt"/>
        <line num="17" count="15" type="stmt"/>
        <line num="18" count="15" type="stmt"/>
        <line num="19" count="15" type="stmt"/>
        <line num="20" count="15" type="stmt"/>
        <line num="21" count="15" type="stmt"/>
        <line num="22" count="15" type="stmt"/>
        <line num="23" count="15" type="stmt"/>
        <line num="24" count="15" type="stmt"/>
        <line num="25" count="15" type="stmt"/>
        <line num="27" count="15" type="stmt"/>
        <line num="28" count="15" type="stmt"/>
        <line num="29" count="15" type="stmt"/>
        <line num="32" count="15" type="cond" truecount="1" falsecount="0"/>
        <line num="33" count="3" type="stmt"/>
        <line num="34" count="3" type="stmt"/>
        <line num="35" count="3" type="stmt"/>
        <line num="36" count="3" type="stmt"/>
        <line num="40" count="15" type="cond" truecount="1" falsecount="0"/>
        <line num="41" count="3" type="stmt"/>
        <line num="42" count="3" type="stmt"/>
        <line num="43" count="3" type="cond" truecount="1" falsecount="0"/>
        <line num="44" count="2" type="stmt"/>
        <line num="45" count="2" type="stmt"/>
        <line num="46" count="2" type="stmt"/>
        <line num="48" count="3" type="stmt"/>
        <line num="52" count="15" type="cond" truecount="1" falsecount="0"/>
        <line num="53" count="4" type="stmt"/>
        <line num="54" count="4" type="stmt"/>
        <line num="55" count="4" type="stmt"/>
        <line num="56" count="4" type="stmt"/>
        <line num="60" count="15" type="cond" truecount="1" falsecount="0"/>
        <line num="61" count="3" type="stmt"/>
        <line num="62" count="3" type="stmt"/>
        <line num="63" count="3" type="stmt"/>
        <line num="65" count="15" type="stmt"/>
        <line num="67" count="15" type="stmt"/>
        <line num="69" count="1" type="stmt"/>
      </file>
      <file name="StarRating.tsx" path="/Users/buk/workspace/personal/meli-test/meli-frontend/src/components/molecules/StarRating.tsx">
        <metrics statements="31" coveredstatements="31" conditionals="8" coveredconditionals="8" methods="2" coveredmethods="2"/>
        <line num="1" count="1" type="stmt"/>
        <line num="2" count="1" type="stmt"/>
        <line num="16" count="1" type="cond" truecount="1" falsecount="0"/>
        <line num="17" count="431" type="stmt"/>
[...]
        <line num="75" count="0" type="stmt"/>
        <line num="76" count="0" type="stmt"/>
        <line num="77" count="0" type="stmt"/>
        <line num="79" count="0" type="stmt"/>
        <line num="80" count="0" type="stmt"/>
        <line num="81" count="0" type="stmt"/>
        <line num="82" count="0" type="stmt"/>
        <line num="83" count="0" type="stmt"/>
        <line num="84" count="0" type="stmt"/>
        <line num="86" count="0" type="stmt"/>
        <line num="87" count="0" type="stmt"/>
        <line num="88" count="0" type="stmt"/>
      </file>
      <file name="products.service.ts" path="/Users/buk/workspace/personal/meli-test/meli-frontend/src/services/products.service.ts">
        <metrics statements="25" coveredstatements="0" conditionals="1" coveredconditionals="0" methods="1" coveredmethods="0"/>
        <line num="1" count="0" type="cond" truecount="0" falsecount="1"/>
        <line num="2" count="0" type="stmt"/>
        <line num="4" count="0" type="stmt"/>
        <line num="5" count="0" type="stmt"/>
        <line num="6" count="0" type="stmt"/>
        <line num="7" count="0" type="stmt"/>
        <line num="9" count="0" type="stmt"/>
        <line num="10" count="0" type="stmt"/>
        <line num="11" count="0" type="stmt"/>
        <line num="13" count="0" type="stmt"/>
        <line num="14" count="0" type="stmt"/>
        <line num="15" count="0" type="stmt"/>
        <line num="17" count="0" type="stmt"/>
        <line num="18" count="0" type="stmt"/>
        <line num="19" count="0" type="stmt"/>
        <line num="21" count="0" type="stmt"/>
        <line num="22" count="0" type="stmt"/>
        <line num="23" count="0" type="stmt"/>
        <line num="24" count="0" type="stmt"/>
        <line num="25" count="0" type="stmt"/>
        <line num="26" count="0" type="stmt"/>
        <line num="27" count="0" type="stmt"/>
        <line num="28" count="0" type="stmt"/>
        <line num="29" count="0" type="stmt"/>
        <line num="30" count="0" type="stmt"/>
      </file>
    </package>
    <package name="meli-frontend.src.services.implementations">
      <metrics statements="154" coveredstatements="119" conditionals="32" coveredconditionals="30" methods="12" coveredmethods="6"/>
      <file name="ApiProductService.ts" path="/Users/buk/workspace/personal/meli-test/meli-frontend/src/services/implementations/ApiProductService.ts">
        <metrics statements="109" coveredstatements="109" conditionals="31" coveredconditionals="30" methods="6" coveredmethods="6"/>
        <line num="8" count="1" type="stmt"/>
        <line num="9" count="1" type="cond" truecount="1" falsecount="0"/>
        <line num="11" count="1" type="cond" truecount="1" falsecount="0"/>
        <line num="13" count="25" type="stmt"/>
        <line num="14" count="25" type="cond" truecount="1" falsecount="1"/>
        <line num="15" count="25" type="stmt"/>
        <line num="20" count="1" type="cond" truecount="1" falsecount="0"/>
        <line num="21" count="9" type="stmt"/>
        <line num="22" count="9" type="stmt"/>
        <line num="23" count="9" type="stmt"/>
        <line num="24" count="9" type="stmt"/>
        <line num="25" count="9" type="stmt"/>
        <line num="26" count="9" type="stmt"/>
        <line num="27" count="9" type="cond" truecount="1" falsecount="0"/>
        <line num="29" count="9" type="cond" truecount="1" falsecount="0"/>
        <line num="30" count="2" type="cond" truecount="1" falsecount="0"/>
        <line num="31" count="1" type="stmt"/>
        <line num="32" count="1" type="stmt"/>
        <line num="33" count="1" type="stmt"/>
        <line num="34" count="1" type="cond" truecount="1" falsecount="0"/>
        <line num="36" count="5" type="stmt"/>
        <line num="37" count="5" type="stmt"/>
        <line num="38" count="9" type="cond" truecount="1" falsecount="0"/>
        <line num="39" count="4" type="cond" truecount="1" falsecount="0"/>
        <line num="40" count="3" type="stmt"/>
        <line num="41" count="3" type="cond" truecount="1" falsecount="0"/>
        <line num="42" count="1" type="stmt"/>
        <line num="43" count="1" type="stmt"/>
        <line num="44" count="9" type="stmt"/>
        <line num="49" count="1" type="cond" truecount="1" falsecount="0"/>
        <line num="50" count="6" type="stmt"/>
        <line num="51" count="6" type="stmt"/>
        <line num="52" count="6" type="stmt"/>
        <line num="53" count="6" type="stmt"/>
        <line num="55" count="6" type="stmt"/>
        <line num="56" count="6" type="cond" truecount="1" falsecount="0"/>
        <line num="57" count="6" type="stmt"/>
        <line num="59" count="6" type="stmt"/>
        <line num="60" count="6" type="stmt"/>
        <line num="61" count="6" type="stmt"/>
        <line num="62" count="6" type="stmt"/>
        <line num="63" count="6" type="stmt"/>
        <line num="64" count="6" type="stmt"/>
        <line num="65" count="6" type="stmt"/>
        <line num="66" count="6" type="stmt"/>
        <line num="67" count="6" type="cond" truecount="1" falsecount="0"/>
        <line num="69" count="6" type="cond" truecount="1" falsecount="0"/>
        <line num="70" count="1" type="stmt"/>
        <line num="71" count="1" type="cond" truecount="1" falsecount="0"/>
        <line num="73" count="3" type="stmt"/>
        <line num="74" count="3" type="stmt"/>
        <line num="75" count="3" type="stmt"/>
        <line num="76" count="3" type="cond" truecount="1" falsecount="0"/>
        <line num="77" count="2" type="stmt"/>
        <line num="78" count="2" type="cond" truecount="1" falsecount="0"/>
        <line num="79" count="1" type="stmt"/>
        <line num="80" count="1" type="stmt"/>
        <line num="81" count="6" type="stmt"/>
        <line num="86" count="1" type="cond" truecount="1" falsecount="0"/>
        <line num="87" count="8" type="stmt"/>
        <line num="88" count="8" type="stmt"/>
        <line num="89" count="8" type="stmt"/>
        <line num="90" count="8" type="stmt"/>
        <line num="91" count="8" type="stmt"/>
        <line num="92" count="8" type="stmt"/>
        <line num="93" count="8" type="stmt"/>
        <line num="94" count="8" type="stmt"/>
        <line num="95" count="8" type="stmt"/>
        <line num="96" count="8" type="cond" truecount="1" falsecount="0"/>
        <line num="98" count="8" type="cond" truecount="1" falsecount="0"/>
        <line num="99" count="1" type="stmt"/>
        <line num="100" count="1" type="cond" truecount="1" falsecount="0"/>
        <line num="102" count="5" type="stmt"/>
        <line num="103" count="5" type="cond" truecount="1" falsecount="0"/>
        <line num="104" count="8" type="cond" truecount="1" falsecount="0"/>
        <line num="105" count="3" type="cond" truecount="1" falsecount="0"/>
        <line num="106" count="2" type="stmt"/>
        <line num="107" count="2" type="cond" truecount="1" falsecount="0"/>
        <line num="108" count="1" type="stmt"/>
        <line num="109" count="1" type="stmt"/>
        <line num="110" count="8" type="stmt"/>
        <line num="116" count="1" type="cond" truecount="1" falsecount="0"/>
        <line num="117" count="10" type="stmt"/>
        <line num="119" count="10" type="stmt"/>
        <line num="122" count="10" type="stmt"/>
        <line num="125" count="10" type="stmt"/>
        <line num="126" count="10" type="stmt"/>
        <line num="129" count="10" type="stmt"/>
        <line num="132" count="10" type="stmt"/>
        <line num="133" count="10" type="stmt"/>
        <line num="136" count="10" type="stmt"/>
        <line num="137" count="10" type="stmt"/>
        <line num="140" count="10" type="cond" truecount="2" falsecount="0"/>
        <line num="141" count="1" type="stmt"/>
        <line num="142" count="1" type="stmt"/>
        <line num="143" count="1" type="stmt"/>
        <line num="144" count="10" type="cond" truecount="1" falsecount="0"/>
        <line num="145" count="10" type="stmt"/>
        <line num="146" count="10" type="stmt"/>
        <line num="149" count="10" type="stmt"/>
        <line num="150" count="10" type="stmt"/>
        <line num="153" count="10" type="stmt"/>
        <line num="154" count="10" type="stmt"/>
        <line num="155" count="10" type="stmt"/>
        <line num="156" count="10" type="stmt"/>
        <line num="157" count="10" type="stmt"/>
        <line num="158" count="10" type="stmt"/>
        <line num="159" count="10" type="stmt"/>
        <line num="160" count="1" type="stmt"/>
      </file>
      <file name="MockProductService.ts" path="/Users/buk/workspace/personal/meli-test/meli-frontend/src/services/implementations/MockProductService.ts">
        <metrics statements="45" coveredstatements="10" conditionals="1" coveredconditionals="0" methods="6" coveredmethods="0"/>
        <line num="3" count="1" type="stmt"/>
        <line num="4" count="1" type="stmt"/>
        <line num="10" count="1" type="stmt"/>
        <line num="11" count="1" type="cond" truecount="0" falsecount="1"/>
        <line num="13" count="1" type="stmt"/>
        <line num="14" count="0" type="stmt"/>
        <line num="16" count="0" type="stmt"/>
        <line num="17" count="0" type="stmt"/>
        <line num="18" count="0" type="stmt"/>
        <line num="19" count="0" type="stmt"/>
        <line num="20" count="0" type="stmt"/>
        <line num="21" count="0" type="stmt"/>
        <line num="22" count="0" type="stmt"/>
        <line num="23" count="0" type="stmt"/>
        <line num="24" count="0" type="stmt"/>
        <line num="30" count="1" type="stmt"/>
        <line num="32" count="0" type="stmt"/>
        <line num="36" count="0" type="stmt"/>
        <line num="37" count="0" type="stmt"/>
        <line num="38" count="0" type="stmt"/>
        <line num="42" count="0" type="stmt"/>
        <line num="43" count="0" type="stmt"/>
        <line num="44" count="0" type="stmt"/>
        <line num="49" count="1" type="stmt"/>
        <line num="50" count="0" type="stmt"/>
        <line num="51" count="0" type="stmt"/>
        <line num="52" count="0" type="stmt"/>
        <line num="57" count="1" type="stmt"/>
        <line num="58" count="0" type="stmt"/>
        <line num="59" count="0" type="stmt"/>
        <line num="60" count="0" type="stmt"/>
        <line num="61" count="0" type="stmt"/>
        <line num="64" count="0" type="stmt"/>
        <line num="65" count="0" type="stmt"/>
        <line num="66" count="0" type="stmt"/>
        <line num="67" count="0" type="stmt"/>
        <line num="70" count="0" type="stmt"/>
        <line num="71" count="0" type="stmt"/>
        <line num="72" count="0" type="stmt"/>
        <line num="77" count="1" type="stmt"/>
        <line num="78" count="0" type="stmt"/>
        <line num="79" count="0" type="stmt"/>
        <line num="82" count="0" type="stmt"/>
        <line num="83" count="0" type="stmt"/>
        <line num="84" count="1" type="stmt"/>
      </file>
    </package>
    <package name="meli-frontend.src.types">
      <metrics statements="0" coveredstatements="0" conditionals="1" coveredconditionals="1" methods="1" coveredmethods="1"/>
      <file name="common.ts" path="/Users/buk/workspace/personal/meli-test/meli-frontend/src/types/common.ts">
        <metrics statements="0" coveredstatements="0" conditionals="1" coveredconditionals="1" methods="1" coveredmethods="1"/>
      </file>
      <file name="product.ts" path="/Users/buk/workspace/personal/meli-test/meli-frontend/src/types/product.ts">
        <metrics statements="0" coveredstatements="0" conditionals="0" coveredconditionals="0" methods="0" coveredmethods="0"/>
      </file>
    </package>
    <package name="meli-frontend.src.utils">
      <metrics statements="152" coveredstatements="22" conditionals="3" coveredconditionals="2" methods="6" coveredmethods="2"/>
      <file name="variantIdMapping.ts" path="/Users/buk/workspace/personal/meli-test/meli-frontend/src/utils/variantIdMapping.ts">
        <metrics statements="20" coveredstatements="13" conditionals="0" coveredconditionals="0" methods="2" coveredmethods="0"/>
        <line num="8" count="1" type="stmt"/>
        <line num="9" count="1" type="stmt"/>
        <line num="10" count="1" type="stmt"/>
        <line num="11" count="1" type="stmt"/>
        <line num="12" count="1" type="stmt"/>
        <line num="13" count="1" type="stmt"/>
        <line num="14" count="1" type="stmt"/>
        <line num="15" count="1" type="stmt"/>
        <line num="16" count="1" type="stmt"/>
        <line num="17" count="1" type="stmt"/>
        <line num="18" count="1" type="stmt"/>
        <line num="23" count="1" type="stmt"/>
        <line num="24" count="0" type="stmt"/>
        <line num="25" count="0" type="stmt"/>
        <line num="26" count="0" type="stmt"/>
        <line num="27" count="0" type="stmt"/>
        <line num="33" count="1" type="stmt"/>
        <line num="34" count="0" type="stmt"/>
        <line num="35" count="0" type="stmt"/>
        <line num="36" count="0" type="stmt"/>
      </file>
      <file name="variantMapper.ts" path="/Users/buk/workspace/personal/meli-test/meli-frontend/src/utils/variantMapper.ts">
        <metrics statements="64" coveredstatements="0" conditionals="1" coveredconditionals="1" methods="1" coveredmethods="1"/>
        <line num="9" count="0" type="stmt"/>
        <line num="11" count="0" type="stmt"/>
        <line num="12" count="0" type="stmt"/>
        <line num="13" count="0" type="stmt"/>
        <line num="14" count="0" type="stmt"/>
        <line num="15" count="0" type="stmt"/>
        <line num="16" count="0" type="stmt"/>
        <line num="19" count="0" type="stmt"/>
        <line num="20" count="0" type="stmt"/>
        <line num="21" count="0" type="stmt"/>
        <line num="22" count="0" type="stmt"/>
        <line num="23" count="0" type="stmt"/>
        <line num="24" count="0" type="stmt"/>
        <line num="29" count="0" type="stmt"/>
        <line num="35" count="0" type="stmt"/>
        <line num="51" count="0" type="stmt"/>
        <line num="52" count="0" type="stmt"/>
        <line num="53" count="0" type="stmt"/>
        <line num="54" count="0" type="stmt"/>
        <line num="56" count="0" type="stmt"/>
        <line num="57" count="0" type="stmt"/>
        <line num="58" count="0" type="stmt"/>
        <line num="61" count="0" type="stmt"/>
        <line num="63" count="0" type="stmt"/>
        <line num="64" count="0" type="stmt"/>
        <line num="66" count="0" type="stmt"/>
        <line num="68" count="0" type="stmt"/>
        <line num="70" count="0" type="stmt"/>
        <line num="71" count="0" type="stmt"/>
        <line num="72" count="0" type="stmt"/>
        <line num="73" count="0" type="stmt"/>
        <line num="74" count="0" type="stmt"/>
        <line num="75" count="0" type="stmt"/>
        <line num="76" count="0" type="stmt"/>
        <line num="77" count="0" type="stmt"/>
        <line num="78" count="0" type="stmt"/>
        <line num="79" count="0" type="stmt"/>
        <line num="82" count="0" type="stmt"/>
        <line num="83" count="0" type="stmt"/>
        <line num="84" count="0" type="stmt"/>
        <line num="85" count="0" type="stmt"/>
        <line num="86" count="0" type="stmt"/>
        <line num="87" count="0" type="stmt"/>
        <line num="88" count="0" type="stmt"/>
        <line num="91" count="0" type="stmt"/>
        <line num="92" count="0" type="stmt"/>
        <line num="100" count="0" type="stmt"/>
        <line num="101" count="0" type="stmt"/>
        <line num="102" count="0" type="stmt"/>
        <line num="103" count="0" type="stmt"/>
        <line num="104" count="0" type="stmt"/>
        <line num="105" count="0" type="stmt"/>
        <line num="106" count="0" type="stmt"/>
        <line num="107" count="0" type="stmt"/>
        <line num="116" count="0" type="stmt"/>
        <line num="117" count="0" type="stmt"/>
        <line num="118" count="0" type="stmt"/>
        <line num="119" count="0" type="stmt"/>
        <line num="120" count="0" type="stmt"/>
        <line num="121" count="0" type="stmt"/>
        <line num="122" count="0" type="stmt"/>
        <line num="123" count="0" type="stmt"/>
        <line num="124" count="0" type="stmt"/>
        <line num="125" count="0" type="stmt"/>
      </file>
      <file name="variantUrl.ts" path="/Users/buk/workspace/personal/meli-test/meli-frontend/src/utils/variantUrl.ts">
        <metrics statements="68" coveredstatements="9" conditionals="2" coveredconditionals="1" methods="3" coveredmethods="1"/>
        <line num="1" count="1" type="stmt"/>
        <line num="10" count="1" type="stmt"/>
        <line num="11" count="0" type="stmt"/>
        <line num="12" count="0" type="stmt"/>
        <line num="13" count="0" type="stmt"/>
        <line num="14" count="0" type="stmt"/>
        <line num="16" count="0" type="stmt"/>
        <line num="17" count="0" type="stmt"/>
        <line num="18" count="0" type="stmt"/>
        <line num="19" count="0" type="stmt"/>
        <line num="20" count="0" type="stmt"/>
        <line num="22" count="0" type="stmt"/>
        <line num="23" count="0" type="stmt"/>
        <line num="31" count="1" type="cond" truecount="1" falsecount="0"/>
        <line num="32" count="52" type="stmt"/>
        <line num="33" count="52" type="stmt"/>
        <line num="34" count="52" type="stmt"/>
        <line num="36" count="52" type="stmt"/>
        <line num="37" count="52" type="cond" truecount="0" falsecount="1"/>
        <line num="39" count="0" type="stmt"/>
        <line num="42" count="0" type="stmt"/>
        <line num="45" count="0" type="stmt"/>
        <line num="47" count="0" type="stmt"/>
        <line num="49" count="0" type="stmt"/>
        <line num="50" count="0" type="stmt"/>
        <line num="51" count="0" type="stmt"/>
        <line num="52" count="0" type="stmt"/>
        <line num="53" count="0" type="stmt"/>
        <line num="56" count="0" type="stmt"/>
        <line num="59" count="0" type="stmt"/>
        <line num="61" count="0" type="stmt"/>
        <line num="62" count="0" type="stmt"/>
        <line num="63" count="0" type="stmt"/>
        <line num="64" count="0" type="stmt"/>
        <line num="65" count="0" type="stmt"/>
        <line num="68" count="0" type="stmt"/>
        <line num="69" count="0" type="stmt"/>
        <line num="70" count="0" type="stmt"/>
        <line num="71" count="0" type="stmt"/>
        <line num="72" count="0" type="stmt"/>
        <line num="73" count="0" type="stmt"/>
        <line num="76" count="0" type="stmt"/>
        <line num="77" count="0" type="stmt"/>
        <line num="78" count="0" type="stmt"/>
        <line num="79" count="0" type="stmt"/>
        <line num="80" count="0" type="stmt"/>
        <line num="82" count="0" type="stmt"/>
        <line num="83" count="0" type="stmt"/>
        <line num="91" count="1" type="stmt"/>
        <line num="92" count="0" type="stmt"/>
        <line num="93" count="0" type="stmt"/>
        <line num="94" count="0" type="stmt"/>
        <line num="95" count="0" type="stmt"/>
        <line num="97" count="0" type="stmt"/>
        <line num="99" count="0" type="stmt"/>
        <line num="100" count="0" type="stmt"/>
        <line num="101" count="0" type="stmt"/>
        <line num="102" count="0" type="stmt"/>
        <line num="103" count="0" type="stmt"/>
        <line num="104" count="0" type="stmt"/>
        <line num="107" count="0" type="stmt"/>
        <line num="109" count="0" type="stmt"/>
        <line num="110" count="0" type="stmt"/>
        <line num="111" count="0" type="stmt"/>
        <line num="112" count="0" type="stmt"/>
        <line num="113" count="0" type="stmt"/>
        <line num="115" count="0" type="stmt"/>
        <line num="116" count="0" type="stmt"/>
      </file>
    </package>
  </project>
</coverage>
