{"/Users/buk/workspace/personal/meli-test/meli-frontend/postcss.config.js": {"path":"/Users/buk/workspace/personal/meli-test/meli-frontend/postcss.config.js","all":true,"statementMap":{"0":{"start":{"line":1,"column":0},"end":{"line":1,"column":16}},"1":{"start":{"line":2,"column":0},"end":{"line":2,"column":12}},"2":{"start":{"line":3,"column":0},"end":{"line":3,"column":20}},"3":{"start":{"line":4,"column":0},"end":{"line":4,"column":21}},"4":{"start":{"line":5,"column":0},"end":{"line":5,"column":4}},"5":{"start":{"line":6,"column":0},"end":{"line":6,"column":2}}},"s":{"0":0,"1":0,"2":0,"3":0,"4":0,"5":0},"branchMap":{"0":{"type":"branch","line":1,"loc":{"start":{"line":1,"column":80},"end":{"line":6,"column":2}},"locations":[{"start":{"line":1,"column":80},"end":{"line":6,"column":2}}]}},"b":{"0":[0]},"fnMap":{"0":{"name":"(empty-report)","decl":{"start":{"line":1,"column":80},"end":{"line":6,"column":2}},"loc":{"start":{"line":1,"column":80},"end":{"line":6,"column":2}},"line":1}},"f":{"0":0}}
,"/Users/buk/workspace/personal/meli-test/meli-frontend/tailwind.config.js": {"path":"/Users/buk/workspace/personal/meli-test/meli-frontend/tailwind.config.js","all":true,"statementMap":{"0":{"start":{"line":1,"column":0},"end":{"line":1,"column":43}},"1":{"start":{"line":2,"column":0},"end":{"line":2,"column":16}},"2":{"start":{"line":3,"column":0},"end":{"line":3,"column":22}},"3":{"start":{"line":4,"column":0},"end":{"line":4,"column":58}},"4":{"start":{"line":5,"column":0},"end":{"line":5,"column":10}},"5":{"start":{"line":6,"column":0},"end":{"line":6,"column":16}},"6":{"start":{"line":7,"column":0},"end":{"line":7,"column":19}},"7":{"start":{"line":8,"column":0},"end":{"line":8,"column":22}},"8":{"start":{"line":9,"column":0},"end":{"line":9,"column":16}},"9":{"start":{"line":10,"column":0},"end":{"line":10,"column":24}},"10":{"start":{"line":11,"column":0},"end":{"line":11,"column":8}},"11":{"start":{"line":12,"column":0},"end":{"line":12,"column":6}},"12":{"start":{"line":13,"column":0},"end":{"line":13,"column":13}},"13":{"start":{"line":14,"column":0},"end":{"line":14,"column":15}},"14":{"start":{"line":15,"column":0},"end":{"line":15,"column":37}},"15":{"start":{"line":16,"column":0},"end":{"line":16,"column":35}},"16":{"start":{"line":17,"column":0},"end":{"line":17,"column":33}},"17":{"start":{"line":18,"column":0},"end":{"line":18,"column":45}},"18":{"start":{"line":19,"column":0},"end":{"line":19,"column":45}},"19":{"start":{"line":20,"column":0},"end":{"line":20,"column":18}},"20":{"start":{"line":21,"column":0},"end":{"line":21,"column":41}},"21":{"start":{"line":22,"column":0},"end":{"line":22,"column":55}},"22":{"start":{"line":23,"column":0},"end":{"line":23,"column":10}},"23":{"start":{"line":24,"column":0},"end":{"line":24,"column":20}},"24":{"start":{"line":25,"column":0},"end":{"line":25,"column":43}},"25":{"start":{"line":26,"column":0},"end":{"line":26,"column":57}},"26":{"start":{"line":27,"column":0},"end":{"line":27,"column":10}},"27":{"start":{"line":28,"column":0},"end":{"line":28,"column":22}},"28":{"start":{"line":29,"column":0},"end":{"line":29,"column":45}},"29":{"start":{"line":30,"column":0},"end":{"line":30,"column":59}},"30":{"start":{"line":31,"column":0},"end":{"line":31,"column":10}},"31":{"start":{"line":32,"column":0},"end":{"line":32,"column":16}},"32":{"start":{"line":33,"column":0},"end":{"line":33,"column":39}},"33":{"start":{"line":34,"column":0},"end":{"line":34,"column":53}},"34":{"start":{"line":35,"column":0},"end":{"line":35,"column":10}},"35":{"start":{"line":36,"column":0},"end":{"line":36,"column":17}},"36":{"start":{"line":37,"column":0},"end":{"line":37,"column":40}},"37":{"start":{"line":38,"column":0},"end":{"line":38,"column":54}},"38":{"start":{"line":39,"column":0},"end":{"line":39,"column":10}},"39":{"start":{"line":40,"column":0},"end":{"line":40,"column":18}},"40":{"start":{"line":41,"column":0},"end":{"line":41,"column":41}},"41":{"start":{"line":42,"column":0},"end":{"line":42,"column":55}},"42":{"start":{"line":43,"column":0},"end":{"line":43,"column":10}},"43":{"start":{"line":44,"column":0},"end":{"line":44,"column":15}},"44":{"start":{"line":45,"column":0},"end":{"line":45,"column":38}},"45":{"start":{"line":46,"column":0},"end":{"line":46,"column":52}},"46":{"start":{"line":47,"column":0},"end":{"line":47,"column":10}},"47":{"start":{"line":48,"column":0},"end":{"line":48,"column":45}},"48":{"start":{"line":49,"column":0},"end":{"line":49,"column":13}},"49":{"start":{"line":50,"column":0},"end":{"line":50,"column":28}},"50":{"start":{"line":51,"column":0},"end":{"line":51,"column":35}},"51":{"start":{"line":52,"column":0},"end":{"line":52,"column":26}},"52":{"start":{"line":53,"column":0},"end":{"line":53,"column":33}},"53":{"start":{"line":54,"column":0},"end":{"line":54,"column":34}},"54":{"start":{"line":55,"column":0},"end":{"line":55,"column":27}},"55":{"start":{"line":56,"column":0},"end":{"line":56,"column":35}},"56":{"start":{"line":57,"column":0},"end":{"line":57,"column":34}},"57":{"start":{"line":58,"column":0},"end":{"line":58,"column":35}},"58":{"start":{"line":59,"column":0},"end":{"line":59,"column":33}},"59":{"start":{"line":60,"column":0},"end":{"line":60,"column":35}},"60":{"start":{"line":61,"column":0},"end":{"line":61,"column":27}},"61":{"start":{"line":62,"column":0},"end":{"line":62,"column":27}},"62":{"start":{"line":63,"column":0},"end":{"line":63,"column":10}},"63":{"start":{"line":64,"column":0},"end":{"line":64,"column":8}},"64":{"start":{"line":65,"column":0},"end":{"line":65,"column":21}},"65":{"start":{"line":66,"column":0},"end":{"line":66,"column":28}},"66":{"start":{"line":67,"column":0},"end":{"line":67,"column":40}},"67":{"start":{"line":68,"column":0},"end":{"line":68,"column":40}},"68":{"start":{"line":69,"column":0},"end":{"line":69,"column":8}},"69":{"start":{"line":70,"column":0},"end":{"line":70,"column":19}},"70":{"start":{"line":71,"column":0},"end":{"line":71,"column":93}},"71":{"start":{"line":72,"column":0},"end":{"line":72,"column":8}},"72":{"start":{"line":73,"column":0},"end":{"line":73,"column":17}},"73":{"start":{"line":74,"column":0},"end":{"line":74,"column":33}},"74":{"start":{"line":75,"column":0},"end":{"line":75,"column":8}},"75":{"start":{"line":76,"column":0},"end":{"line":76,"column":18}},"76":{"start":{"line":77,"column":0},"end":{"line":77,"column":27}},"77":{"start":{"line":78,"column":0},"end":{"line":78,"column":32}},"78":{"start":{"line":79,"column":0},"end":{"line":79,"column":66}},"79":{"start":{"line":80,"column":0},"end":{"line":80,"column":10}},"80":{"start":{"line":81,"column":0},"end":{"line":81,"column":25}},"81":{"start":{"line":82,"column":0},"end":{"line":82,"column":68}},"82":{"start":{"line":83,"column":0},"end":{"line":83,"column":30}},"83":{"start":{"line":84,"column":0},"end":{"line":84,"column":10}},"84":{"start":{"line":85,"column":0},"end":{"line":85,"column":8}},"85":{"start":{"line":86,"column":0},"end":{"line":86,"column":18}},"86":{"start":{"line":87,"column":0},"end":{"line":87,"column":57}},"87":{"start":{"line":88,"column":0},"end":{"line":88,"column":53}},"88":{"start":{"line":89,"column":0},"end":{"line":89,"column":8}},"89":{"start":{"line":90,"column":0},"end":{"line":90,"column":6}},"90":{"start":{"line":91,"column":0},"end":{"line":91,"column":4}},"91":{"start":{"line":92,"column":0},"end":{"line":92,"column":44}},"92":{"start":{"line":93,"column":0},"end":{"line":93,"column":2}}},"s":{"0":0,"1":0,"2":0,"3":0,"4":0,"5":0,"6":0,"7":0,"8":0,"9":0,"10":0,"11":0,"12":0,"13":0,"14":0,"15":0,"16":0,"17":0,"18":0,"19":0,"20":0,"21":0,"22":0,"23":0,"24":0,"25":0,"26":0,"27":0,"28":0,"29":0,"30":0,"31":0,"32":0,"33":0,"34":0,"35":0,"36":0,"37":0,"38":0,"39":0,"40":0,"41":0,"42":0,"43":0,"44":0,"45":0,"46":0,"47":0,"48":0,"49":0,"50":0,"51":0,"52":0,"53":0,"54":0,"55":0,"56":0,"57":0,"58":0,"59":0,"60":0,"61":0,"62":0,"63":0,"64":0,"65":0,"66":0,"67":0,"68":0,"69":0,"70":0,"71":0,"72":0,"73":0,"74":0,"75":0,"76":0,"77":0,"78":0,"79":0,"80":0,"81":0,"82":0,"83":0,"84":0,"85":0,"86":0,"87":0,"88":0,"89":0,"90":0,"91":0,"92":0},"branchMap":{"0":{"type":"branch","line":1,"loc":{"start":{"line":1,"column":2729},"end":{"line":93,"column":2}},"locations":[{"start":{"line":1,"column":2729},"end":{"line":93,"column":2}}]}},"b":{"0":[0]},"fnMap":{"0":{"name":"(empty-report)","decl":{"start":{"line":1,"column":2729},"end":{"line":93,"column":2}},"loc":{"start":{"line":1,"column":2729},"end":{"line":93,"column":2}},"line":1}},"f":{"0":0}}
,"/Users/buk/workspace/personal/meli-test/meli-frontend/src/App.tsx": {"path":"/Users/buk/workspace/personal/meli-test/meli-frontend/src/App.tsx","all":true,"statementMap":{"0":{"start":{"line":1,"column":0},"end":{"line":1,"column":49}},"1":{"start":{"line":2,"column":0},"end":{"line":2,"column":62}},"3":{"start":{"line":4,"column":0},"end":{"line":4,"column":16}},"4":{"start":{"line":5,"column":0},"end":{"line":5,"column":10}},"5":{"start":{"line":6,"column":0},"end":{"line":6,"column":12}},"7":{"start":{"line":8,"column":0},"end":{"line":8,"column":75}},"8":{"start":{"line":9,"column":0},"end":{"line":9,"column":13}},"10":{"start":{"line":11,"column":0},"end":{"line":11,"column":1}},"12":{"start":{"line":13,"column":0},"end":{"line":13,"column":19}}},"s":{"0":0,"1":0,"3":0,"4":0,"5":0,"7":0,"8":0,"10":0,"12":0},"branchMap":{"0":{"type":"branch","line":1,"loc":{"start":{"line":1,"column":344},"end":{"line":13,"column":19}},"locations":[{"start":{"line":1,"column":344},"end":{"line":13,"column":19}}]}},"b":{"0":[0]},"fnMap":{"0":{"name":"(empty-report)","decl":{"start":{"line":1,"column":344},"end":{"line":13,"column":19}},"loc":{"start":{"line":1,"column":344},"end":{"line":13,"column":19}},"line":1}},"f":{"0":0}}
,"/Users/buk/workspace/personal/meli-test/meli-frontend/src/main.tsx": {"path":"/Users/buk/workspace/personal/meli-test/meli-frontend/src/main.tsx","all":true,"statementMap":{"0":{"start":{"line":1,"column":0},"end":{"line":1,"column":35}},"1":{"start":{"line":2,"column":0},"end":{"line":2,"column":46}},"2":{"start":{"line":3,"column":0},"end":{"line":3,"column":49}},"3":{"start":{"line":4,"column":0},"end":{"line":4,"column":28}},"4":{"start":{"line":5,"column":0},"end":{"line":5,"column":28}},"6":{"start":{"line":7,"column":0},"end":{"line":7,"column":52}},"7":{"start":{"line":8,"column":0},"end":{"line":8,"column":14}},"8":{"start":{"line":9,"column":0},"end":{"line":9,"column":19}},"9":{"start":{"line":10,"column":0},"end":{"line":10,"column":13}},"10":{"start":{"line":11,"column":0},"end":{"line":11,"column":20}},"11":{"start":{"line":12,"column":0},"end":{"line":12,"column":15}},"12":{"start":{"line":13,"column":0},"end":{"line":13,"column":2}}},"s":{"0":0,"1":0,"2":0,"3":0,"4":0,"6":0,"7":0,"8":0,"9":0,"10":0,"11":0,"12":0},"branchMap":{"0":{"type":"branch","line":1,"loc":{"start":{"line":1,"column":286},"end":{"line":13,"column":-199}},"locations":[{"start":{"line":1,"column":286},"end":{"line":13,"column":-199}}]}},"b":{"0":[0]},"fnMap":{"0":{"name":"(empty-report)","decl":{"start":{"line":1,"column":286},"end":{"line":13,"column":-199}},"loc":{"start":{"line":1,"column":286},"end":{"line":13,"column":-199}},"line":1}},"f":{"0":0}}
,"/Users/buk/workspace/personal/meli-test/meli-frontend/src/components/atoms/Badge.tsx": {"path":"/Users/buk/workspace/personal/meli-test/meli-frontend/src/components/atoms/Badge.tsx","all":false,"statementMap":{"0":{"start":{"line":1,"column":0},"end":{"line":1,"column":31}},"1":{"start":{"line":2,"column":0},"end":{"line":2,"column":66}},"2":{"start":{"line":3,"column":0},"end":{"line":3,"column":33}},"4":{"start":{"line":5,"column":0},"end":{"line":5,"column":26}},"5":{"start":{"line":6,"column":0},"end":{"line":6,"column":171}},"6":{"start":{"line":7,"column":0},"end":{"line":7,"column":3}},"7":{"start":{"line":8,"column":0},"end":{"line":8,"column":15}},"8":{"start":{"line":9,"column":0},"end":{"line":9,"column":16}},"9":{"start":{"line":10,"column":0},"end":{"line":10,"column":93}},"10":{"start":{"line":11,"column":0},"end":{"line":11,"column":18}},"11":{"start":{"line":12,"column":0},"end":{"line":12,"column":92}},"12":{"start":{"line":13,"column":0},"end":{"line":13,"column":20}},"13":{"start":{"line":14,"column":0},"end":{"line":14,"column":98}},"14":{"start":{"line":15,"column":0},"end":{"line":15,"column":35}},"15":{"start":{"line":16,"column":0},"end":{"line":16,"column":8}},"16":{"start":{"line":17,"column":0},"end":{"line":17,"column":6}},"17":{"start":{"line":18,"column":0},"end":{"line":18,"column":22}},"18":{"start":{"line":19,"column":0},"end":{"line":19,"column":25}},"19":{"start":{"line":20,"column":0},"end":{"line":20,"column":6}},"20":{"start":{"line":21,"column":0},"end":{"line":21,"column":3}},"21":{"start":{"line":22,"column":0},"end":{"line":22,"column":2}},"26":{"start":{"line":27,"column":0},"end":{"line":27,"column":62}},"27":{"start":{"line":28,"column":0},"end":{"line":28,"column":82}},"28":{"start":{"line":29,"column":0},"end":{"line":29,"column":1}}},"s":{"0":1,"1":1,"2":1,"4":1,"5":1,"6":1,"7":1,"8":1,"9":1,"10":1,"11":1,"12":1,"13":1,"14":1,"15":1,"16":1,"17":1,"18":1,"19":1,"20":1,"21":1,"26":64,"27":64,"28":64},"branchMap":{"0":{"type":"branch","line":27,"loc":{"start":{"line":27,"column":0},"end":{"line":29,"column":1}},"locations":[{"start":{"line":27,"column":0},"end":{"line":29,"column":1}}]}},"b":{"0":[64]},"fnMap":{"0":{"name":"Badge","decl":{"start":{"line":27,"column":0},"end":{"line":29,"column":1}},"loc":{"start":{"line":27,"column":0},"end":{"line":29,"column":1}},"line":27}},"f":{"0":64}}
,"/Users/buk/workspace/personal/meli-test/meli-frontend/src/components/atoms/Button.tsx": {"path":"/Users/buk/workspace/personal/meli-test/meli-frontend/src/components/atoms/Button.tsx","all":false,"statementMap":{"0":{"start":{"line":1,"column":0},"end":{"line":1,"column":31}},"1":{"start":{"line":2,"column":0},"end":{"line":2,"column":44}},"2":{"start":{"line":3,"column":0},"end":{"line":3,"column":66}},"3":{"start":{"line":4,"column":0},"end":{"line":4,"column":33}},"5":{"start":{"line":6,"column":0},"end":{"line":6,"column":27}},"6":{"start":{"line":7,"column":0},"end":{"line":7,"column":283}},"7":{"start":{"line":8,"column":0},"end":{"line":8,"column":3}},"8":{"start":{"line":9,"column":0},"end":{"line":9,"column":15}},"9":{"start":{"line":10,"column":0},"end":{"line":10,"column":16}},"10":{"start":{"line":11,"column":0},"end":{"line":11,"column":74}},"11":{"start":{"line":12,"column":0},"end":{"line":12,"column":90}},"12":{"start":{"line":13,"column":0},"end":{"line":13,"column":98}},"13":{"start":{"line":14,"column":0},"end":{"line":14,"column":82}},"14":{"start":{"line":15,"column":0},"end":{"line":15,"column":62}},"15":{"start":{"line":16,"column":0},"end":{"line":16,"column":64}},"16":{"start":{"line":17,"column":0},"end":{"line":17,"column":8}},"17":{"start":{"line":18,"column":0},"end":{"line":18,"column":13}},"18":{"start":{"line":19,"column":0},"end":{"line":19,"column":34}},"19":{"start":{"line":20,"column":0},"end":{"line":20,"column":34}},"20":{"start":{"line":21,"column":0},"end":{"line":21,"column":35}},"21":{"start":{"line":22,"column":0},"end":{"line":22,"column":26}},"22":{"start":{"line":23,"column":0},"end":{"line":23,"column":8}},"23":{"start":{"line":24,"column":0},"end":{"line":24,"column":6}},"24":{"start":{"line":25,"column":0},"end":{"line":25,"column":22}},"25":{"start":{"line":26,"column":0},"end":{"line":26,"column":25}},"26":{"start":{"line":27,"column":0},"end":{"line":27,"column":22}},"27":{"start":{"line":28,"column":0},"end":{"line":28,"column":6}},"28":{"start":{"line":29,"column":0},"end":{"line":29,"column":3}},"29":{"start":{"line":30,"column":0},"end":{"line":30,"column":2}},"36":{"start":{"line":37,"column":0},"end":{"line":37,"column":64}},"37":{"start":{"line":38,"column":0},"end":{"line":38,"column":69}},"38":{"start":{"line":39,"column":0},"end":{"line":39,"column":43}},"39":{"start":{"line":40,"column":0},"end":{"line":40,"column":12}},"40":{"start":{"line":41,"column":0},"end":{"line":41,"column":96}},"42":{"start":{"line":43,"column":0},"end":{"line":43,"column":3}},"43":{"start":{"line":44,"column":0},"end":{"line":44,"column":2}},"44":{"start":{"line":45,"column":0},"end":{"line":45,"column":30}}},"s":{"0":1,"1":1,"2":1,"3":1,"5":1,"6":1,"7":1,"8":1,"9":1,"10":1,"11":1,"12":1,"13":1,"14":1,"15":1,"16":1,"17":1,"18":1,"19":1,"20":1,"21":1,"22":1,"23":1,"24":1,"25":1,"26":1,"27":1,"28":1,"29":1,"36":1,"37":1,"38":95,"39":95,"40":95,"42":95,"43":1,"44":1},"branchMap":{"0":{"type":"branch","line":38,"loc":{"start":{"line":38,"column":2},"end":{"line":43,"column":3}},"locations":[{"start":{"line":38,"column":2},"end":{"line":43,"column":3}}]},"1":{"type":"branch","line":39,"loc":{"start":{"line":39,"column":17},"end":{"line":39,"column":34}},"locations":[{"start":{"line":39,"column":17},"end":{"line":39,"column":34}}]},"2":{"type":"branch","line":39,"loc":{"start":{"line":39,"column":27},"end":{"line":39,"column":43}},"locations":[{"start":{"line":39,"column":27},"end":{"line":39,"column":43}}]}},"b":{"0":[95],"1":[6],"2":[89]},"fnMap":{},"f":{}}
,"/Users/buk/workspace/personal/meli-test/meli-frontend/src/components/atoms/Card.tsx": {"path":"/Users/buk/workspace/personal/meli-test/meli-frontend/src/components/atoms/Card.tsx","all":false,"statementMap":{"0":{"start":{"line":1,"column":0},"end":{"line":1,"column":31}},"1":{"start":{"line":2,"column":0},"end":{"line":2,"column":33}},"3":{"start":{"line":4,"column":0},"end":{"line":4,"column":84}},"4":{"start":{"line":5,"column":0},"end":{"line":5,"column":37}},"5":{"start":{"line":6,"column":0},"end":{"line":6,"column":8}},"6":{"start":{"line":7,"column":0},"end":{"line":7,"column":15}},"7":{"start":{"line":8,"column":0},"end":{"line":8,"column":91}},"8":{"start":{"line":9,"column":0},"end":{"line":9,"column":16}},"9":{"start":{"line":10,"column":0},"end":{"line":10,"column":6}},"11":{"start":{"line":12,"column":0},"end":{"line":12,"column":2}},"12":{"start":{"line":13,"column":0},"end":{"line":13,"column":26}},"14":{"start":{"line":15,"column":0},"end":{"line":15,"column":90}},"15":{"start":{"line":16,"column":0},"end":{"line":16,"column":37}},"16":{"start":{"line":17,"column":0},"end":{"line":17,"column":91}},"18":{"start":{"line":19,"column":0},"end":{"line":19,"column":2}},"19":{"start":{"line":20,"column":0},"end":{"line":20,"column":38}},"21":{"start":{"line":22,"column":0},"end":{"line":22,"column":99}},"22":{"start":{"line":23,"column":0},"end":{"line":23,"column":37}},"23":{"start":{"line":24,"column":0},"end":{"line":24,"column":7}},"24":{"start":{"line":25,"column":0},"end":{"line":25,"column":15}},"25":{"start":{"line":26,"column":0},"end":{"line":26,"column":85}},"26":{"start":{"line":27,"column":0},"end":{"line":27,"column":16}},"27":{"start":{"line":28,"column":0},"end":{"line":28,"column":6}},"29":{"start":{"line":30,"column":0},"end":{"line":30,"column":2}},"30":{"start":{"line":31,"column":0},"end":{"line":31,"column":36}},"32":{"start":{"line":33,"column":0},"end":{"line":33,"column":41}},"35":{"start":{"line":36,"column":0},"end":{"line":36,"column":37}},"36":{"start":{"line":37,"column":0},"end":{"line":37,"column":87}},"37":{"start":{"line":38,"column":0},"end":{"line":38,"column":3}},"38":{"start":{"line":39,"column":0},"end":{"line":39,"column":48}},"40":{"start":{"line":41,"column":0},"end":{"line":41,"column":91}},"41":{"start":{"line":42,"column":0},"end":{"line":42,"column":37}},"42":{"start":{"line":43,"column":0},"end":{"line":43,"column":70}},"44":{"start":{"line":45,"column":0},"end":{"line":45,"column":2}},"45":{"start":{"line":46,"column":0},"end":{"line":46,"column":40}},"47":{"start":{"line":48,"column":0},"end":{"line":48,"column":90}},"48":{"start":{"line":49,"column":0},"end":{"line":49,"column":37}},"49":{"start":{"line":50,"column":0},"end":{"line":50,"column":88}},"51":{"start":{"line":52,"column":0},"end":{"line":52,"column":2}},"52":{"start":{"line":53,"column":0},"end":{"line":53,"column":38}}},"s":{"0":1,"1":1,"3":1,"4":1,"5":17,"6":17,"7":17,"8":17,"9":17,"11":1,"12":1,"14":1,"15":1,"16":16,"18":1,"19":1,"21":1,"22":1,"23":17,"24":17,"25":17,"26":17,"27":17,"29":1,"30":1,"32":1,"35":1,"36":17,"37":1,"38":1,"40":1,"41":1,"42":16,"44":1,"45":1,"47":1,"48":1,"49":16,"51":1,"52":1},"branchMap":{"0":{"type":"branch","line":5,"loc":{"start":{"line":5,"column":2},"end":{"line":10,"column":6}},"locations":[{"start":{"line":5,"column":2},"end":{"line":10,"column":6}}]},"1":{"type":"branch","line":16,"loc":{"start":{"line":16,"column":2},"end":{"line":17,"column":91}},"locations":[{"start":{"line":16,"column":2},"end":{"line":17,"column":91}}]},"2":{"type":"branch","line":23,"loc":{"start":{"line":23,"column":2},"end":{"line":28,"column":6}},"locations":[{"start":{"line":23,"column":2},"end":{"line":28,"column":6}}]},"3":{"type":"branch","line":36,"loc":{"start":{"line":36,"column":2},"end":{"line":37,"column":87}},"locations":[{"start":{"line":36,"column":2},"end":{"line":37,"column":87}}]},"4":{"type":"branch","line":42,"loc":{"start":{"line":42,"column":2},"end":{"line":43,"column":70}},"locations":[{"start":{"line":42,"column":2},"end":{"line":43,"column":70}}]},"5":{"type":"branch","line":49,"loc":{"start":{"line":49,"column":2},"end":{"line":50,"column":88}},"locations":[{"start":{"line":49,"column":2},"end":{"line":50,"column":88}}]}},"b":{"0":[17],"1":[16],"2":[17],"3":[17],"4":[16],"5":[16]},"fnMap":{},"f":{}}
,"/Users/buk/workspace/personal/meli-test/meli-frontend/src/components/atoms/Input.tsx": {"path":"/Users/buk/workspace/personal/meli-test/meli-frontend/src/components/atoms/Input.tsx","all":false,"statementMap":{"0":{"start":{"line":1,"column":0},"end":{"line":1,"column":31}},"1":{"start":{"line":2,"column":0},"end":{"line":2,"column":33}},"5":{"start":{"line":6,"column":0},"end":{"line":6,"column":61}},"6":{"start":{"line":7,"column":0},"end":{"line":7,"column":43}},"7":{"start":{"line":8,"column":0},"end":{"line":8,"column":12}},"8":{"start":{"line":9,"column":0},"end":{"line":9,"column":12}},"9":{"start":{"line":10,"column":0},"end":{"line":10,"column":19}},"10":{"start":{"line":11,"column":0},"end":{"line":11,"column":22}},"11":{"start":{"line":12,"column":0},"end":{"line":12,"column":361}},"12":{"start":{"line":13,"column":0},"end":{"line":13,"column":19}},"13":{"start":{"line":14,"column":0},"end":{"line":14,"column":10}},"14":{"start":{"line":15,"column":0},"end":{"line":15,"column":17}},"15":{"start":{"line":16,"column":0},"end":{"line":16,"column":18}},"16":{"start":{"line":17,"column":0},"end":{"line":17,"column":8}},"18":{"start":{"line":19,"column":0},"end":{"line":19,"column":3}},"19":{"start":{"line":20,"column":0},"end":{"line":20,"column":2}},"20":{"start":{"line":21,"column":0},"end":{"line":21,"column":28}}},"s":{"0":1,"1":1,"5":1,"6":1,"7":60,"8":60,"9":60,"10":60,"11":60,"12":60,"13":60,"14":60,"15":60,"16":60,"18":60,"19":1,"20":1},"branchMap":{"0":{"type":"branch","line":7,"loc":{"start":{"line":7,"column":2},"end":{"line":19,"column":3}},"locations":[{"start":{"line":7,"column":2},"end":{"line":19,"column":3}}]}},"b":{"0":[60]},"fnMap":{},"f":{}}
,"/Users/buk/workspace/personal/meli-test/meli-frontend/src/components/atoms/Label.tsx": {"path":"/Users/buk/workspace/personal/meli-test/meli-frontend/src/components/atoms/Label.tsx","all":false,"statementMap":{"0":{"start":{"line":1,"column":0},"end":{"line":1,"column":31}},"1":{"start":{"line":2,"column":0},"end":{"line":2,"column":56}},"2":{"start":{"line":3,"column":0},"end":{"line":3,"column":66}},"3":{"start":{"line":4,"column":0},"end":{"line":4,"column":33}},"5":{"start":{"line":6,"column":0},"end":{"line":6,"column":26}},"6":{"start":{"line":7,"column":0},"end":{"line":7,"column":94}},"7":{"start":{"line":8,"column":0},"end":{"line":8,"column":2}},"9":{"start":{"line":10,"column":0},"end":{"line":10,"column":31}},"12":{"start":{"line":13,"column":0},"end":{"line":13,"column":37}},"13":{"start":{"line":14,"column":0},"end":{"line":14,"column":89}},"14":{"start":{"line":15,"column":0},"end":{"line":15,"column":3}},"15":{"start":{"line":16,"column":0},"end":{"line":16,"column":52}}},"s":{"0":1,"1":1,"2":1,"3":1,"5":1,"6":1,"7":1,"9":1,"12":1,"13":19,"14":1,"15":1},"branchMap":{"0":{"type":"branch","line":13,"loc":{"start":{"line":13,"column":2},"end":{"line":14,"column":89}},"locations":[{"start":{"line":13,"column":2},"end":{"line":14,"column":89}}]}},"b":{"0":[19]},"fnMap":{},"f":{}}
,"/Users/buk/workspace/personal/meli-test/meli-frontend/src/components/atoms/MLLogo.tsx": {"path":"/Users/buk/workspace/personal/meli-test/meli-frontend/src/components/atoms/MLLogo.tsx","all":false,"statementMap":{"0":{"start":{"line":1,"column":0},"end":{"line":1,"column":26}},"7":{"start":{"line":8,"column":0},"end":{"line":8,"column":21}},"8":{"start":{"line":9,"column":0},"end":{"line":9,"column":12}},"9":{"start":{"line":10,"column":0},"end":{"line":10,"column":13}},"10":{"start":{"line":11,"column":0},"end":{"line":11,"column":13}},"11":{"start":{"line":12,"column":0},"end":{"line":12,"column":2}},"13":{"start":{"line":14,"column":0},"end":{"line":14,"column":83}},"14":{"start":{"line":15,"column":0},"end":{"line":15,"column":10}},"15":{"start":{"line":16,"column":0},"end":{"line":16,"column":6}},"17":{"start":{"line":18,"column":0},"end":{"line":18,"column":10}},"18":{"start":{"line":19,"column":0},"end":{"line":19,"column":79}},"19":{"start":{"line":20,"column":0},"end":{"line":20,"column":27}},"20":{"start":{"line":21,"column":0},"end":{"line":21,"column":65}},"21":{"start":{"line":22,"column":0},"end":{"line":22,"column":8}},"23":{"start":{"line":24,"column":0},"end":{"line":24,"column":10}},"24":{"start":{"line":25,"column":0},"end":{"line":25,"column":131}},"25":{"start":{"line":26,"column":0},"end":{"line":26,"column":27}},"26":{"start":{"line":27,"column":0},"end":{"line":27,"column":71}},"27":{"start":{"line":28,"column":0},"end":{"line":28,"column":8}},"28":{"start":{"line":29,"column":0},"end":{"line":29,"column":7}},"30":{"start":{"line":31,"column":0},"end":{"line":31,"column":2}},"32":{"start":{"line":33,"column":0},"end":{"line":33,"column":22}}},"s":{"0":1,"7":1,"8":1,"9":1,"10":1,"11":1,"13":1,"14":54,"15":54,"17":54,"18":54,"19":54,"20":54,"21":54,"23":54,"24":54,"25":54,"26":54,"27":54,"28":54,"30":54,"32":1},"branchMap":{"0":{"type":"branch","line":14,"loc":{"start":{"line":14,"column":45},"end":{"line":31,"column":2}},"locations":[{"start":{"line":14,"column":45},"end":{"line":31,"column":2}}]}},"b":{"0":[54]},"fnMap":{"0":{"name":"MLLogo","decl":{"start":{"line":14,"column":45},"end":{"line":31,"column":2}},"loc":{"start":{"line":14,"column":45},"end":{"line":31,"column":2}},"line":14}},"f":{"0":54}}
,"/Users/buk/workspace/personal/meli-test/meli-frontend/src/components/atoms/PaymentIcon.tsx": {"path":"/Users/buk/workspace/personal/meli-test/meli-frontend/src/components/atoms/PaymentIcon.tsx","all":false,"statementMap":{"0":{"start":{"line":1,"column":0},"end":{"line":1,"column":26}},"1":{"start":{"line":2,"column":0},"end":{"line":2,"column":61}},"19":{"start":{"line":20,"column":0},"end":{"line":20,"column":21}},"20":{"start":{"line":21,"column":0},"end":{"line":21,"column":16}},"21":{"start":{"line":22,"column":0},"end":{"line":22,"column":16}},"22":{"start":{"line":23,"column":0},"end":{"line":23,"column":18}},"23":{"start":{"line":24,"column":0},"end":{"line":24,"column":2}},"25":{"start":{"line":26,"column":0},"end":{"line":26,"column":57}},"26":{"start":{"line":27,"column":0},"end":{"line":27,"column":9}},"27":{"start":{"line":28,"column":0},"end":{"line":28,"column":14}},"28":{"start":{"line":29,"column":0},"end":{"line":29,"column":17}},"29":{"start":{"line":30,"column":0},"end":{"line":30,"column":7}},"30":{"start":{"line":31,"column":0},"end":{"line":31,"column":37}},"32":{"start":{"line":33,"column":0},"end":{"line":33,"column":28}},"33":{"start":{"line":34,"column":0},"end":{"line":34,"column":21}},"34":{"start":{"line":35,"column":0},"end":{"line":35,"column":25}},"35":{"start":{"line":36,"column":0},"end":{"line":36,"column":24}},"36":{"start":{"line":37,"column":0},"end":{"line":37,"column":18}},"37":{"start":{"line":38,"column":0},"end":{"line":38,"column":24}},"38":{"start":{"line":39,"column":0},"end":{"line":39,"column":18}},"39":{"start":{"line":40,"column":0},"end":{"line":40,"column":74}},"40":{"start":{"line":41,"column":0},"end":{"line":41,"column":26}},"41":{"start":{"line":42,"column":0},"end":{"line":42,"column":65}},"42":{"start":{"line":43,"column":0},"end":{"line":43,"column":27}},"43":{"start":{"line":44,"column":0},"end":{"line":44,"column":73}},"44":{"start":{"line":45,"column":0},"end":{"line":45,"column":14}},"45":{"start":{"line":46,"column":0},"end":{"line":46,"column":74}},"46":{"start":{"line":47,"column":0},"end":{"line":47,"column":5}},"47":{"start":{"line":48,"column":0},"end":{"line":48,"column":4}},"49":{"start":{"line":50,"column":0},"end":{"line":50,"column":10}},"50":{"start":{"line":51,"column":0},"end":{"line":51,"column":69}},"51":{"start":{"line":52,"column":0},"end":{"line":52,"column":20}},"52":{"start":{"line":53,"column":0},"end":{"line":53,"column":10}},"54":{"start":{"line":55,"column":0},"end":{"line":55,"column":2}},"56":{"start":{"line":57,"column":0},"end":{"line":57,"column":27}}},"s":{"0":1,"1":1,"19":1,"20":1,"21":1,"22":1,"23":1,"25":1,"26":13,"27":13,"28":13,"29":13,"30":13,"32":13,"33":13,"34":13,"35":13,"36":13,"37":13,"38":13,"39":11,"40":13,"41":1,"42":13,"43":1,"44":13,"45":0,"46":13,"47":13,"49":13,"50":13,"51":13,"52":13,"54":13,"56":1},"branchMap":{"0":{"type":"branch","line":26,"loc":{"start":{"line":26,"column":55},"end":{"line":55,"column":2}},"locations":[{"start":{"line":26,"column":55},"end":{"line":55,"column":2}}]},"1":{"type":"branch","line":33,"loc":{"start":{"line":33,"column":21},"end":{"line":48,"column":4}},"locations":[{"start":{"line":33,"column":21},"end":{"line":48,"column":4}}]},"2":{"type":"branch","line":35,"loc":{"start":{"line":35,"column":6},"end":{"line":35,"column":25}},"locations":[{"start":{"line":35,"column":6},"end":{"line":35,"column":25}}]},"3":{"type":"branch","line":36,"loc":{"start":{"line":36,"column":6},"end":{"line":36,"column":24}},"locations":[{"start":{"line":36,"column":6},"end":{"line":36,"column":24}}]},"4":{"type":"branch","line":37,"loc":{"start":{"line":37,"column":6},"end":{"line":37,"column":18}},"locations":[{"start":{"line":37,"column":6},"end":{"line":37,"column":18}}]},"5":{"type":"branch","line":38,"loc":{"start":{"line":38,"column":6},"end":{"line":38,"column":24}},"locations":[{"start":{"line":38,"column":6},"end":{"line":38,"column":24}}]},"6":{"type":"branch","line":39,"loc":{"start":{"line":39,"column":6},"end":{"line":40,"column":74}},"locations":[{"start":{"line":39,"column":6},"end":{"line":40,"column":74}}]},"7":{"type":"branch","line":41,"loc":{"start":{"line":41,"column":6},"end":{"line":42,"column":65}},"locations":[{"start":{"line":41,"column":6},"end":{"line":42,"column":65}}]},"8":{"type":"branch","line":43,"loc":{"start":{"line":43,"column":6},"end":{"line":44,"column":73}},"locations":[{"start":{"line":43,"column":6},"end":{"line":44,"column":73}}]},"9":{"type":"branch","line":45,"loc":{"start":{"line":45,"column":6},"end":{"line":46,"column":74}},"locations":[{"start":{"line":45,"column":6},"end":{"line":46,"column":74}}]}},"b":{"0":[13],"1":[13],"2":[7],"3":[8],"4":[9],"5":[10],"6":[11],"7":[1],"8":[1],"9":[0]},"fnMap":{"0":{"name":"PaymentIcon","decl":{"start":{"line":26,"column":55},"end":{"line":55,"column":2}},"loc":{"start":{"line":26,"column":55},"end":{"line":55,"column":2}},"line":26},"1":{"name":"renderIcon","decl":{"start":{"line":33,"column":21},"end":{"line":48,"column":4}},"loc":{"start":{"line":33,"column":21},"end":{"line":48,"column":4}},"line":33}},"f":{"0":13,"1":13}}
,"/Users/buk/workspace/personal/meli-test/meli-frontend/src/components/atoms/PriceDisplay.tsx": {"path":"/Users/buk/workspace/personal/meli-test/meli-frontend/src/components/atoms/PriceDisplay.tsx","all":false,"statementMap":{"0":{"start":{"line":1,"column":0},"end":{"line":1,"column":26}},"12":{"start":{"line":13,"column":0},"end":{"line":13,"column":21}},"13":{"start":{"line":14,"column":0},"end":{"line":14,"column":7}},"14":{"start":{"line":15,"column":0},"end":{"line":15,"column":21}},"15":{"start":{"line":16,"column":0},"end":{"line":16,"column":22}},"16":{"start":{"line":17,"column":0},"end":{"line":17,"column":26}},"17":{"start":{"line":18,"column":0},"end":{"line":18,"column":4}},"18":{"start":{"line":19,"column":0},"end":{"line":19,"column":7}},"19":{"start":{"line":20,"column":0},"end":{"line":20,"column":22}},"20":{"start":{"line":21,"column":0},"end":{"line":21,"column":23}},"21":{"start":{"line":22,"column":0},"end":{"line":22,"column":24}},"22":{"start":{"line":23,"column":0},"end":{"line":23,"column":4}},"23":{"start":{"line":24,"column":0},"end":{"line":24,"column":7}},"24":{"start":{"line":25,"column":0},"end":{"line":25,"column":22}},"25":{"start":{"line":26,"column":0},"end":{"line":26,"column":23}},"26":{"start":{"line":27,"column":0},"end":{"line":27,"column":25}},"27":{"start":{"line":28,"column":0},"end":{"line":28,"column":4}},"28":{"start":{"line":29,"column":0},"end":{"line":29,"column":2}},"30":{"start":{"line":31,"column":0},"end":{"line":31,"column":59}},"31":{"start":{"line":32,"column":0},"end":{"line":32,"column":9}},"32":{"start":{"line":33,"column":0},"end":{"line":33,"column":17}},"33":{"start":{"line":34,"column":0},"end":{"line":34,"column":16}},"34":{"start":{"line":35,"column":0},"end":{"line":35,"column":11}},"35":{"start":{"line":36,"column":0},"end":{"line":36,"column":22}},"36":{"start":{"line":37,"column":0},"end":{"line":37,"column":14}},"37":{"start":{"line":38,"column":0},"end":{"line":38,"column":17}},"38":{"start":{"line":39,"column":0},"end":{"line":39,"column":7}},"39":{"start":{"line":40,"column":0},"end":{"line":40,"column":41}},"40":{"start":{"line":41,"column":0},"end":{"line":41,"column":63}},"42":{"start":{"line":43,"column":0},"end":{"line":43,"column":41}},"43":{"start":{"line":44,"column":0},"end":{"line":44,"column":64}},"44":{"start":{"line":45,"column":0},"end":{"line":45,"column":4}},"46":{"start":{"line":47,"column":0},"end":{"line":47,"column":10}},"47":{"start":{"line":48,"column":0},"end":{"line":48,"column":31}},"48":{"start":{"line":49,"column":0},"end":{"line":49,"column":55}},"49":{"start":{"line":50,"column":0},"end":{"line":50,"column":54}},"50":{"start":{"line":51,"column":0},"end":{"line":51,"column":29}},"51":{"start":{"line":52,"column":0},"end":{"line":52,"column":73}},"52":{"start":{"line":53,"column":0},"end":{"line":53,"column":53}},"53":{"start":{"line":54,"column":0},"end":{"line":54,"column":19}},"55":{"start":{"line":56,"column":0},"end":{"line":56,"column":14}},"57":{"start":{"line":58,"column":0},"end":{"line":58,"column":46}},"58":{"start":{"line":59,"column":0},"end":{"line":59,"column":91}},"59":{"start":{"line":60,"column":0},"end":{"line":60,"column":20}},"60":{"start":{"line":61,"column":0},"end":{"line":61,"column":15}},"61":{"start":{"line":62,"column":0},"end":{"line":62,"column":85}},"62":{"start":{"line":63,"column":0},"end":{"line":63,"column":37}},"63":{"start":{"line":64,"column":0},"end":{"line":64,"column":15}},"64":{"start":{"line":65,"column":0},"end":{"line":65,"column":29}},"65":{"start":{"line":66,"column":0},"end":{"line":66,"column":105}},"66":{"start":{"line":67,"column":0},"end":{"line":67,"column":53}},"67":{"start":{"line":68,"column":0},"end":{"line":68,"column":17}},"69":{"start":{"line":70,"column":0},"end":{"line":70,"column":22}},"70":{"start":{"line":71,"column":0},"end":{"line":71,"column":116}},"71":{"start":{"line":72,"column":0},"end":{"line":72,"column":27}},"72":{"start":{"line":73,"column":0},"end":{"line":73,"column":17}},"74":{"start":{"line":75,"column":0},"end":{"line":75,"column":12}},"75":{"start":{"line":76,"column":0},"end":{"line":76,"column":10}},"77":{"start":{"line":78,"column":0},"end":{"line":78,"column":2}},"79":{"start":{"line":80,"column":0},"end":{"line":80,"column":28}}},"s":{"0":1,"12":1,"13":1,"14":1,"15":1,"16":1,"17":1,"18":1,"19":1,"20":1,"21":1,"22":1,"23":1,"24":1,"25":1,"26":1,"27":1,"28":1,"30":1,"31":120,"32":120,"33":120,"34":120,"35":120,"36":120,"37":120,"38":120,"39":120,"40":120,"42":120,"43":226,"44":226,"46":120,"47":120,"48":120,"49":107,"50":107,"51":106,"52":106,"53":106,"55":107,"57":120,"58":120,"59":120,"60":120,"61":120,"62":120,"63":120,"64":120,"65":1,"66":1,"67":1,"69":120,"70":107,"71":107,"72":107,"74":120,"75":120,"77":120,"79":1},"branchMap":{"0":{"type":"branch","line":31,"loc":{"start":{"line":31,"column":57},"end":{"line":78,"column":2}},"locations":[{"start":{"line":31,"column":57},"end":{"line":78,"column":2}}]},"1":{"type":"branch","line":49,"loc":{"start":{"line":49,"column":7},"end":{"line":49,"column":55}},"locations":[{"start":{"line":49,"column":7},"end":{"line":49,"column":55}}]},"2":{"type":"branch","line":49,"loc":{"start":{"line":49,"column":24},"end":{"line":49,"column":55}},"locations":[{"start":{"line":49,"column":24},"end":{"line":49,"column":55}}]},"3":{"type":"branch","line":49,"loc":{"start":{"line":49,"column":41},"end":{"line":56,"column":14}},"locations":[{"start":{"line":49,"column":41},"end":{"line":56,"column":14}}]},"4":{"type":"branch","line":51,"loc":{"start":{"line":51,"column":11},"end":{"line":54,"column":19}},"locations":[{"start":{"line":51,"column":11},"end":{"line":54,"column":19}}]},"5":{"type":"branch","line":65,"loc":{"start":{"line":65,"column":23},"end":{"line":68,"column":17}},"locations":[{"start":{"line":65,"column":23},"end":{"line":68,"column":17}}]},"6":{"type":"branch","line":70,"loc":{"start":{"line":70,"column":9},"end":{"line":73,"column":17}},"locations":[{"start":{"line":70,"column":9},"end":{"line":73,"column":17}}]},"7":{"type":"branch","line":43,"loc":{"start":{"line":43,"column":23},"end":{"line":45,"column":4}},"locations":[{"start":{"line":43,"column":23},"end":{"line":45,"column":4}}]}},"b":{"0":[120],"1":[118],"2":[12],"3":[107],"4":[106],"5":[1],"6":[107],"7":[226]},"fnMap":{"0":{"name":"PriceDisplay","decl":{"start":{"line":31,"column":57},"end":{"line":78,"column":2}},"loc":{"start":{"line":31,"column":57},"end":{"line":78,"column":2}},"line":31},"1":{"name":"formatNumber","decl":{"start":{"line":43,"column":23},"end":{"line":45,"column":4}},"loc":{"start":{"line":43,"column":23},"end":{"line":45,"column":4}},"line":43}},"f":{"0":120,"1":226}}
,"/Users/buk/workspace/personal/meli-test/meli-frontend/src/components/atoms/ProductBadge.tsx": {"path":"/Users/buk/workspace/personal/meli-test/meli-frontend/src/components/atoms/ProductBadge.tsx","all":false,"statementMap":{"0":{"start":{"line":1,"column":0},"end":{"line":1,"column":26}},"8":{"start":{"line":9,"column":0},"end":{"line":9,"column":59}},"9":{"start":{"line":10,"column":0},"end":{"line":10,"column":7}},"10":{"start":{"line":11,"column":0},"end":{"line":11,"column":18}},"11":{"start":{"line":12,"column":0},"end":{"line":12,"column":17}},"12":{"start":{"line":13,"column":0},"end":{"line":13,"column":7}},"13":{"start":{"line":14,"column":0},"end":{"line":14,"column":26}},"14":{"start":{"line":15,"column":0},"end":{"line":15,"column":54}},"15":{"start":{"line":16,"column":0},"end":{"line":16,"column":73}},"16":{"start":{"line":17,"column":0},"end":{"line":17,"column":78}},"17":{"start":{"line":18,"column":0},"end":{"line":18,"column":93}},"18":{"start":{"line":19,"column":0},"end":{"line":19,"column":4}},"20":{"start":{"line":21,"column":0},"end":{"line":21,"column":10}},"21":{"start":{"line":22,"column":0},"end":{"line":22,"column":77}},"22":{"start":{"line":23,"column":0},"end":{"line":23,"column":12}},"23":{"start":{"line":24,"column":0},"end":{"line":24,"column":11}},"25":{"start":{"line":26,"column":0},"end":{"line":26,"column":2}},"27":{"start":{"line":28,"column":0},"end":{"line":28,"column":28}}},"s":{"0":1,"8":1,"9":87,"10":87,"11":87,"12":87,"13":87,"14":87,"15":87,"16":87,"17":87,"18":87,"20":87,"21":87,"22":87,"23":87,"25":87,"27":1},"branchMap":{"0":{"type":"branch","line":9,"loc":{"start":{"line":9,"column":57},"end":{"line":26,"column":2}},"locations":[{"start":{"line":9,"column":57},"end":{"line":26,"column":2}}]}},"b":{"0":[87]},"fnMap":{"0":{"name":"ProductBadge","decl":{"start":{"line":9,"column":57},"end":{"line":26,"column":2}},"loc":{"start":{"line":9,"column":57},"end":{"line":26,"column":2}},"line":9}},"f":{"0":87}}
,"/Users/buk/workspace/personal/meli-test/meli-frontend/src/components/atoms/RatingStar.tsx": {"path":"/Users/buk/workspace/personal/meli-test/meli-frontend/src/components/atoms/RatingStar.tsx","all":false,"statementMap":{"0":{"start":{"line":1,"column":0},"end":{"line":1,"column":26}},"1":{"start":{"line":2,"column":0},"end":{"line":2,"column":46}},"10":{"start":{"line":11,"column":0},"end":{"line":11,"column":21}},"11":{"start":{"line":12,"column":0},"end":{"line":12,"column":16}},"12":{"start":{"line":13,"column":0},"end":{"line":13,"column":16}},"13":{"start":{"line":14,"column":0},"end":{"line":14,"column":16}},"14":{"start":{"line":15,"column":0},"end":{"line":15,"column":2}},"16":{"start":{"line":17,"column":0},"end":{"line":17,"column":55}},"17":{"start":{"line":18,"column":0},"end":{"line":18,"column":7}},"18":{"start":{"line":19,"column":0},"end":{"line":19,"column":14}},"19":{"start":{"line":20,"column":0},"end":{"line":20,"column":19}},"20":{"start":{"line":21,"column":0},"end":{"line":21,"column":17}},"21":{"start":{"line":22,"column":0},"end":{"line":22,"column":7}},"22":{"start":{"line":23,"column":0},"end":{"line":23,"column":24}},"23":{"start":{"line":24,"column":0},"end":{"line":24,"column":46}},"24":{"start":{"line":25,"column":0},"end":{"line":25,"column":40}},"25":{"start":{"line":26,"column":0},"end":{"line":26,"column":4}},"27":{"start":{"line":28,"column":0},"end":{"line":28,"column":55}},"28":{"start":{"line":29,"column":0},"end":{"line":29,"column":49}},"30":{"start":{"line":31,"column":0},"end":{"line":31,"column":56}},"32":{"start":{"line":33,"column":0},"end":{"line":33,"column":24}},"33":{"start":{"line":34,"column":0},"end":{"line":34,"column":12}},"34":{"start":{"line":35,"column":0},"end":{"line":35,"column":15}},"35":{"start":{"line":36,"column":0},"end":{"line":36,"column":57}},"36":{"start":{"line":37,"column":0},"end":{"line":37,"column":33}},"37":{"start":{"line":38,"column":0},"end":{"line":38,"column":8}},"39":{"start":{"line":40,"column":0},"end":{"line":40,"column":3}},"41":{"start":{"line":42,"column":0},"end":{"line":42,"column":25}},"42":{"start":{"line":43,"column":0},"end":{"line":43,"column":12}},"43":{"start":{"line":44,"column":0},"end":{"line":44,"column":11}},"44":{"start":{"line":45,"column":0},"end":{"line":45,"column":48}},"45":{"start":{"line":46,"column":0},"end":{"line":46,"column":33}},"46":{"start":{"line":47,"column":0},"end":{"line":47,"column":8}},"48":{"start":{"line":49,"column":0},"end":{"line":49,"column":3}},"51":{"start":{"line":52,"column":0},"end":{"line":52,"column":10}},"52":{"start":{"line":53,"column":0},"end":{"line":53,"column":9}},"53":{"start":{"line":54,"column":0},"end":{"line":54,"column":55}},"54":{"start":{"line":55,"column":0},"end":{"line":55,"column":31}},"55":{"start":{"line":56,"column":0},"end":{"line":56,"column":6}},"57":{"start":{"line":58,"column":0},"end":{"line":58,"column":2}},"59":{"start":{"line":60,"column":0},"end":{"line":60,"column":26}}},"s":{"0":1,"1":1,"10":1,"11":1,"12":1,"13":1,"14":1,"16":1,"17":95,"18":95,"19":95,"20":95,"21":95,"22":95,"23":95,"24":95,"25":95,"27":95,"28":95,"30":95,"32":95,"33":8,"34":8,"35":8,"36":8,"37":8,"39":8,"41":95,"42":14,"43":14,"44":14,"45":14,"46":14,"48":14,"51":73,"52":73,"53":73,"54":73,"55":73,"57":73,"59":1},"branchMap":{"0":{"type":"branch","line":17,"loc":{"start":{"line":17,"column":53},"end":{"line":58,"column":2}},"locations":[{"start":{"line":17,"column":53},"end":{"line":58,"column":2}}]},"1":{"type":"branch","line":29,"loc":{"start":{"line":29,"column":32},"end":{"line":29,"column":47}},"locations":[{"start":{"line":29,"column":32},"end":{"line":29,"column":47}}]},"2":{"type":"branch","line":29,"loc":{"start":{"line":29,"column":41},"end":{"line":29,"column":49}},"locations":[{"start":{"line":29,"column":41},"end":{"line":29,"column":49}}]},"3":{"type":"branch","line":33,"loc":{"start":{"line":33,"column":23},"end":{"line":40,"column":3}},"locations":[{"start":{"line":33,"column":23},"end":{"line":40,"column":3}}]},"4":{"type":"branch","line":40,"loc":{"start":{"line":40,"column":2},"end":{"line":42,"column":24}},"locations":[{"start":{"line":40,"column":2},"end":{"line":42,"column":24}}]},"5":{"type":"branch","line":42,"loc":{"start":{"line":42,"column":24},"end":{"line":49,"column":3}},"locations":[{"start":{"line":42,"column":24},"end":{"line":49,"column":3}}]},"6":{"type":"branch","line":49,"loc":{"start":{"line":49,"column":2},"end":{"line":58,"column":2}},"locations":[{"start":{"line":49,"column":2},"end":{"line":58,"column":2}}]}},"b":{"0":[95],"1":[5],"2":[90],"3":[8],"4":[87],"5":[14],"6":[73]},"fnMap":{"0":{"name":"RatingStar","decl":{"start":{"line":17,"column":53},"end":{"line":58,"column":2}},"loc":{"start":{"line":17,"column":53},"end":{"line":58,"column":2}},"line":17}},"f":{"0":95}}
,"/Users/buk/workspace/personal/meli-test/meli-frontend/src/components/atoms/SellerBadge.tsx": {"path":"/Users/buk/workspace/personal/meli-test/meli-frontend/src/components/atoms/SellerBadge.tsx","all":false,"statementMap":{"0":{"start":{"line":1,"column":0},"end":{"line":1,"column":26}},"1":{"start":{"line":2,"column":0},"end":{"line":2,"column":37}},"8":{"start":{"line":9,"column":0},"end":{"line":9,"column":21}},"9":{"start":{"line":10,"column":0},"end":{"line":10,"column":13}},"10":{"start":{"line":11,"column":0},"end":{"line":11,"column":34}},"11":{"start":{"line":12,"column":0},"end":{"line":12,"column":29}},"12":{"start":{"line":13,"column":0},"end":{"line":13,"column":23}},"13":{"start":{"line":14,"column":0},"end":{"line":14,"column":32}},"14":{"start":{"line":15,"column":0},"end":{"line":15,"column":4}},"15":{"start":{"line":16,"column":0},"end":{"line":16,"column":9}},"16":{"start":{"line":17,"column":0},"end":{"line":17,"column":30}},"17":{"start":{"line":18,"column":0},"end":{"line":18,"column":29}},"18":{"start":{"line":19,"column":0},"end":{"line":19,"column":23}},"19":{"start":{"line":20,"column":0},"end":{"line":20,"column":32}},"20":{"start":{"line":21,"column":0},"end":{"line":21,"column":4}},"21":{"start":{"line":22,"column":0},"end":{"line":22,"column":11}},"22":{"start":{"line":23,"column":0},"end":{"line":23,"column":25}},"23":{"start":{"line":24,"column":0},"end":{"line":24,"column":27}},"24":{"start":{"line":25,"column":0},"end":{"line":25,"column":21}},"25":{"start":{"line":26,"column":0},"end":{"line":26,"column":30}},"26":{"start":{"line":27,"column":0},"end":{"line":27,"column":4}},"27":{"start":{"line":28,"column":0},"end":{"line":28,"column":11}},"28":{"start":{"line":29,"column":0},"end":{"line":29,"column":25}},"29":{"start":{"line":30,"column":0},"end":{"line":30,"column":29}},"30":{"start":{"line":31,"column":0},"end":{"line":31,"column":23}},"31":{"start":{"line":32,"column":0},"end":{"line":32,"column":32}},"32":{"start":{"line":33,"column":0},"end":{"line":33,"column":4}},"33":{"start":{"line":34,"column":0},"end":{"line":34,"column":2}},"35":{"start":{"line":36,"column":0},"end":{"line":36,"column":96}},"36":{"start":{"line":37,"column":0},"end":{"line":37,"column":36}},"38":{"start":{"line":39,"column":0},"end":{"line":39,"column":10}},"39":{"start":{"line":40,"column":0},"end":{"line":40,"column":8}},"40":{"start":{"line":41,"column":0},"end":{"line":41,"column":125}},"42":{"start":{"line":43,"column":0},"end":{"line":43,"column":53}},"43":{"start":{"line":44,"column":0},"end":{"line":44,"column":64}},"44":{"start":{"line":45,"column":0},"end":{"line":45,"column":21}},"45":{"start":{"line":46,"column":0},"end":{"line":46,"column":13}},"46":{"start":{"line":47,"column":0},"end":{"line":47,"column":10}},"48":{"start":{"line":49,"column":0},"end":{"line":49,"column":2}},"50":{"start":{"line":51,"column":0},"end":{"line":51,"column":27}}},"s":{"0":1,"1":1,"8":1,"9":1,"10":1,"11":1,"12":1,"13":1,"14":1,"15":1,"16":1,"17":1,"18":1,"19":1,"20":1,"21":1,"22":1,"23":1,"24":1,"25":1,"26":1,"27":1,"28":1,"29":1,"30":1,"31":1,"32":1,"33":1,"35":1,"36":56,"38":56,"39":56,"40":56,"42":56,"43":56,"44":56,"45":56,"46":56,"48":56,"50":1},"branchMap":{"0":{"type":"branch","line":36,"loc":{"start":{"line":36,"column":55},"end":{"line":49,"column":2}},"locations":[{"start":{"line":36,"column":55},"end":{"line":49,"column":2}}]}},"b":{"0":[56]},"fnMap":{"0":{"name":"SellerBadge","decl":{"start":{"line":36,"column":55},"end":{"line":49,"column":2}},"loc":{"start":{"line":36,"column":55},"end":{"line":49,"column":2}},"line":36}},"f":{"0":56}}
,"/Users/buk/workspace/personal/meli-test/meli-frontend/src/components/atoms/Separator.tsx": {"path":"/Users/buk/workspace/personal/meli-test/meli-frontend/src/components/atoms/Separator.tsx","all":false,"statementMap":{"0":{"start":{"line":1,"column":0},"end":{"line":1,"column":26}},"7":{"start":{"line":8,"column":0},"end":{"line":8,"column":53}},"8":{"start":{"line":9,"column":0},"end":{"line":9,"column":17}},"9":{"start":{"line":10,"column":0},"end":{"line":10,"column":29}},"10":{"start":{"line":11,"column":0},"end":{"line":11,"column":7}},"11":{"start":{"line":12,"column":0},"end":{"line":12,"column":55}},"12":{"start":{"line":13,"column":0},"end":{"line":13,"column":19}},"13":{"start":{"line":14,"column":0},"end":{"line":14,"column":20}},"15":{"start":{"line":16,"column":0},"end":{"line":16,"column":10}},"16":{"start":{"line":17,"column":0},"end":{"line":17,"column":8}},"17":{"start":{"line":18,"column":0},"end":{"line":18,"column":70}},"18":{"start":{"line":19,"column":0},"end":{"line":19,"column":22}},"19":{"start":{"line":20,"column":0},"end":{"line":20,"column":36}},"20":{"start":{"line":21,"column":0},"end":{"line":21,"column":6}},"22":{"start":{"line":23,"column":0},"end":{"line":23,"column":2}},"24":{"start":{"line":25,"column":0},"end":{"line":25,"column":25}}},"s":{"0":1,"7":1,"8":84,"9":84,"10":84,"11":84,"12":83,"13":1,"15":84,"16":84,"17":84,"18":84,"19":84,"20":84,"22":84,"24":1},"branchMap":{"0":{"type":"branch","line":8,"loc":{"start":{"line":8,"column":51},"end":{"line":23,"column":2}},"locations":[{"start":{"line":8,"column":51},"end":{"line":23,"column":2}}]},"1":{"type":"branch","line":12,"loc":{"start":{"line":12,"column":43},"end":{"line":13,"column":19}},"locations":[{"start":{"line":12,"column":43},"end":{"line":13,"column":19}}]},"2":{"type":"branch","line":13,"loc":{"start":{"line":13,"column":6},"end":{"line":14,"column":20}},"locations":[{"start":{"line":13,"column":6},"end":{"line":14,"column":20}}]}},"b":{"0":[84],"1":[83],"2":[1]},"fnMap":{"0":{"name":"Separator","decl":{"start":{"line":8,"column":51},"end":{"line":23,"column":2}},"loc":{"start":{"line":8,"column":51},"end":{"line":23,"column":2}},"line":8}},"f":{"0":84}}
,"/Users/buk/workspace/personal/meli-test/meli-frontend/src/components/atoms/ShippingBadge.tsx": {"path":"/Users/buk/workspace/personal/meli-test/meli-frontend/src/components/atoms/ShippingBadge.tsx","all":false,"statementMap":{"0":{"start":{"line":1,"column":0},"end":{"line":1,"column":26}},"1":{"start":{"line":2,"column":0},"end":{"line":2,"column":37}},"9":{"start":{"line":10,"column":0},"end":{"line":10,"column":21}},"10":{"start":{"line":11,"column":0},"end":{"line":11,"column":7}},"11":{"start":{"line":12,"column":0},"end":{"line":12,"column":35}},"12":{"start":{"line":13,"column":0},"end":{"line":13,"column":20}},"13":{"start":{"line":14,"column":0},"end":{"line":14,"column":4}},"14":{"start":{"line":15,"column":0},"end":{"line":15,"column":7}},"15":{"start":{"line":16,"column":0},"end":{"line":16,"column":39}},"16":{"start":{"line":17,"column":0},"end":{"line":17,"column":20}},"17":{"start":{"line":18,"column":0},"end":{"line":18,"column":4}},"18":{"start":{"line":19,"column":0},"end":{"line":19,"column":7}},"19":{"start":{"line":20,"column":0},"end":{"line":20,"column":37}},"20":{"start":{"line":21,"column":0},"end":{"line":21,"column":20}},"21":{"start":{"line":22,"column":0},"end":{"line":22,"column":4}},"22":{"start":{"line":23,"column":0},"end":{"line":23,"column":2}},"24":{"start":{"line":25,"column":0},"end":{"line":25,"column":61}},"25":{"start":{"line":26,"column":0},"end":{"line":26,"column":16}},"26":{"start":{"line":27,"column":0},"end":{"line":27,"column":14}},"27":{"start":{"line":28,"column":0},"end":{"line":28,"column":17}},"28":{"start":{"line":29,"column":0},"end":{"line":29,"column":7}},"29":{"start":{"line":30,"column":0},"end":{"line":30,"column":27}},"31":{"start":{"line":32,"column":0},"end":{"line":32,"column":10}},"32":{"start":{"line":33,"column":0},"end":{"line":33,"column":8}},"33":{"start":{"line":34,"column":0},"end":{"line":34,"column":153}},"35":{"start":{"line":36,"column":0},"end":{"line":36,"column":50}},"36":{"start":{"line":37,"column":0},"end":{"line":37,"column":31}},"37":{"start":{"line":38,"column":0},"end":{"line":38,"column":10}},"39":{"start":{"line":40,"column":0},"end":{"line":40,"column":2}},"41":{"start":{"line":42,"column":0},"end":{"line":42,"column":29}}},"s":{"0":1,"1":1,"9":1,"10":1,"11":1,"12":1,"13":1,"14":1,"15":1,"16":1,"17":1,"18":1,"19":1,"20":1,"21":1,"22":1,"24":1,"25":35,"26":35,"27":35,"28":35,"29":35,"31":34,"32":34,"33":34,"35":34,"36":34,"37":34,"39":34,"41":1},"branchMap":{"0":{"type":"branch","line":25,"loc":{"start":{"line":25,"column":59},"end":{"line":40,"column":2}},"locations":[{"start":{"line":25,"column":59},"end":{"line":40,"column":2}}]},"1":{"type":"branch","line":30,"loc":{"start":{"line":30,"column":15},"end":{"line":30,"column":27}},"locations":[{"start":{"line":30,"column":15},"end":{"line":30,"column":27}}]},"2":{"type":"branch","line":30,"loc":{"start":{"line":30,"column":22},"end":{"line":40,"column":2}},"locations":[{"start":{"line":30,"column":22},"end":{"line":40,"column":2}}]}},"b":{"0":[35],"1":[1],"2":[34]},"fnMap":{"0":{"name":"ShippingBadge","decl":{"start":{"line":25,"column":59},"end":{"line":40,"column":2}},"loc":{"start":{"line":25,"column":59},"end":{"line":40,"column":2}},"line":25}},"f":{"0":35}}
,"/Users/buk/workspace/personal/meli-test/meli-frontend/src/components/atoms/StarIcon.tsx": {"path":"/Users/buk/workspace/personal/meli-test/meli-frontend/src/components/atoms/StarIcon.tsx","all":false,"statementMap":{"0":{"start":{"line":1,"column":0},"end":{"line":1,"column":26}},"13":{"start":{"line":14,"column":0},"end":{"line":14,"column":51}},"14":{"start":{"line":15,"column":0},"end":{"line":15,"column":21}},"15":{"start":{"line":16,"column":0},"end":{"line":16,"column":14}},"16":{"start":{"line":17,"column":0},"end":{"line":17,"column":17}},"17":{"start":{"line":18,"column":0},"end":{"line":18,"column":7}},"18":{"start":{"line":19,"column":0},"end":{"line":19,"column":23}},"19":{"start":{"line":20,"column":0},"end":{"line":20,"column":18}},"20":{"start":{"line":21,"column":0},"end":{"line":21,"column":18}},"21":{"start":{"line":22,"column":0},"end":{"line":22,"column":18}},"22":{"start":{"line":23,"column":0},"end":{"line":23,"column":18}},"23":{"start":{"line":24,"column":0},"end":{"line":24,"column":18}},"24":{"start":{"line":25,"column":0},"end":{"line":25,"column":4}},"27":{"start":{"line":28,"column":0},"end":{"line":28,"column":80}},"29":{"start":{"line":30,"column":0},"end":{"line":30,"column":10}},"30":{"start":{"line":31,"column":0},"end":{"line":31,"column":8}},"31":{"start":{"line":32,"column":0},"end":{"line":32,"column":53}},"32":{"start":{"line":33,"column":0},"end":{"line":33,"column":25}},"33":{"start":{"line":34,"column":0},"end":{"line":34,"column":40}},"35":{"start":{"line":36,"column":0},"end":{"line":36,"column":12}},"36":{"start":{"line":37,"column":0},"end":{"line":37,"column":40}},"37":{"start":{"line":38,"column":0},"end":{"line":38,"column":78}},"38":{"start":{"line":39,"column":0},"end":{"line":39,"column":72}},"39":{"start":{"line":40,"column":0},"end":{"line":40,"column":25}},"40":{"start":{"line":41,"column":0},"end":{"line":41,"column":13}},"41":{"start":{"line":42,"column":0},"end":{"line":42,"column":11}},"42":{"start":{"line":43,"column":0},"end":{"line":43,"column":108}},"43":{"start":{"line":44,"column":0},"end":{"line":44,"column":66}},"44":{"start":{"line":45,"column":0},"end":{"line":45,"column":34}},"45":{"start":{"line":46,"column":0},"end":{"line":46,"column":25}},"46":{"start":{"line":47,"column":0},"end":{"line":47,"column":29}},"47":{"start":{"line":48,"column":0},"end":{"line":48,"column":30}},"48":{"start":{"line":49,"column":0},"end":{"line":49,"column":8}},"49":{"start":{"line":50,"column":0},"end":{"line":50,"column":10}},"51":{"start":{"line":52,"column":0},"end":{"line":52,"column":2}},"53":{"start":{"line":54,"column":0},"end":{"line":54,"column":24}}},"s":{"0":1,"13":1,"14":2169,"15":2169,"16":2169,"17":2169,"18":2169,"19":2169,"20":2169,"21":2169,"22":2169,"23":2169,"24":2169,"27":2169,"29":2169,"30":2169,"31":2169,"32":2169,"33":2169,"35":2169,"36":2169,"37":2169,"38":2169,"39":2169,"40":2169,"41":2169,"42":2169,"43":2169,"44":2169,"45":2169,"46":2169,"47":2169,"48":2169,"49":2169,"51":2169,"53":1},"branchMap":{"0":{"type":"branch","line":14,"loc":{"start":{"line":14,"column":49},"end":{"line":52,"column":2}},"locations":[{"start":{"line":14,"column":49},"end":{"line":52,"column":2}}]},"1":{"type":"branch","line":44,"loc":{"start":{"line":44,"column":31},"end":{"line":44,"column":59}},"locations":[{"start":{"line":44,"column":31},"end":{"line":44,"column":59}}]},"2":{"type":"branch","line":44,"loc":{"start":{"line":44,"column":53},"end":{"line":44,"column":66}},"locations":[{"start":{"line":44,"column":53},"end":{"line":44,"column":66}}]}},"b":{"0":[2169],"1":[2088],"2":[81]},"fnMap":{"0":{"name":"StarIcon","decl":{"start":{"line":14,"column":49},"end":{"line":52,"column":2}},"loc":{"start":{"line":14,"column":49},"end":{"line":52,"column":2}},"line":14}},"f":{"0":2169}}
,"/Users/buk/workspace/personal/meli-test/meli-frontend/src/components/atoms/VariantButton.tsx": {"path":"/Users/buk/workspace/personal/meli-test/meli-frontend/src/components/atoms/VariantButton.tsx","all":false,"statementMap":{"0":{"start":{"line":1,"column":0},"end":{"line":1,"column":26}},"1":{"start":{"line":2,"column":0},"end":{"line":2,"column":37}},"2":{"start":{"line":3,"column":0},"end":{"line":3,"column":51}},"14":{"start":{"line":15,"column":0},"end":{"line":15,"column":61}},"15":{"start":{"line":16,"column":0},"end":{"line":16,"column":10}},"16":{"start":{"line":17,"column":0},"end":{"line":17,"column":13}},"17":{"start":{"line":18,"column":0},"end":{"line":18,"column":10}},"18":{"start":{"line":19,"column":0},"end":{"line":19,"column":20}},"19":{"start":{"line":20,"column":0},"end":{"line":20,"column":17}},"20":{"start":{"line":21,"column":0},"end":{"line":21,"column":7}},"21":{"start":{"line":22,"column":0},"end":{"line":22,"column":111}},"23":{"start":{"line":24,"column":0},"end":{"line":24,"column":50}},"24":{"start":{"line":25,"column":0},"end":{"line":25,"column":16}},"25":{"start":{"line":26,"column":0},"end":{"line":26,"column":54}},"26":{"start":{"line":27,"column":0},"end":{"line":27,"column":77}},"27":{"start":{"line":28,"column":0},"end":{"line":28,"column":93}},"29":{"start":{"line":30,"column":0},"end":{"line":30,"column":10}},"30":{"start":{"line":31,"column":0},"end":{"line":31,"column":11}},"31":{"start":{"line":32,"column":0},"end":{"line":32,"column":23}},"32":{"start":{"line":33,"column":0},"end":{"line":33,"column":44}},"33":{"start":{"line":34,"column":0},"end":{"line":34,"column":63}},"34":{"start":{"line":35,"column":0},"end":{"line":35,"column":31}},"35":{"start":{"line":36,"column":0},"end":{"line":36,"column":75}},"37":{"start":{"line":38,"column":0},"end":{"line":38,"column":37}},"38":{"start":{"line":39,"column":0},"end":{"line":39,"column":58}},"39":{"start":{"line":40,"column":0},"end":{"line":40,"column":132}},"40":{"start":{"line":41,"column":0},"end":{"line":41,"column":16}},"41":{"start":{"line":42,"column":0},"end":{"line":42,"column":33}},"42":{"start":{"line":43,"column":0},"end":{"line":43,"column":33}},"43":{"start":{"line":44,"column":0},"end":{"line":44,"column":52}},"44":{"start":{"line":45,"column":0},"end":{"line":45,"column":14}},"45":{"start":{"line":46,"column":0},"end":{"line":46,"column":16}},"46":{"start":{"line":47,"column":0},"end":{"line":47,"column":58}},"47":{"start":{"line":48,"column":0},"end":{"line":48,"column":14}},"49":{"start":{"line":50,"column":0},"end":{"line":50,"column":36}},"52":{"start":{"line":53,"column":0},"end":{"line":53,"column":53}},"53":{"start":{"line":54,"column":0},"end":{"line":54,"column":115}},"54":{"start":{"line":55,"column":0},"end":{"line":55,"column":50}},"55":{"start":{"line":56,"column":0},"end":{"line":56,"column":14}},"57":{"start":{"line":58,"column":0},"end":{"line":58,"column":13}},"59":{"start":{"line":60,"column":0},"end":{"line":60,"column":2}},"61":{"start":{"line":62,"column":0},"end":{"line":62,"column":29}}},"s":{"0":1,"1":1,"2":1,"14":1,"15":673,"16":673,"17":673,"18":673,"19":673,"20":673,"21":673,"23":673,"24":558,"25":224,"26":334,"27":115,"29":673,"30":673,"31":673,"32":673,"33":673,"34":673,"35":673,"37":673,"38":212,"39":212,"40":212,"41":212,"42":212,"43":212,"44":212,"45":212,"46":212,"47":212,"49":461,"52":673,"53":224,"54":224,"55":224,"57":673,"59":673,"61":1},"branchMap":{"0":{"type":"branch","line":15,"loc":{"start":{"line":15,"column":59},"end":{"line":60,"column":2}},"locations":[{"start":{"line":15,"column":59},"end":{"line":60,"column":2}}]},"1":{"type":"branch","line":24,"loc":{"start":{"line":24,"column":45},"end":{"line":27,"column":77}},"locations":[{"start":{"line":24,"column":45},"end":{"line":27,"column":77}}]},"2":{"type":"branch","line":25,"loc":{"start":{"line":25,"column":6},"end":{"line":26,"column":54}},"locations":[{"start":{"line":25,"column":6},"end":{"line":26,"column":54}}]},"3":{"type":"branch","line":26,"loc":{"start":{"line":26,"column":8},"end":{"line":27,"column":77}},"locations":[{"start":{"line":26,"column":8},"end":{"line":27,"column":77}}]},"4":{"type":"branch","line":27,"loc":{"start":{"line":27,"column":8},"end":{"line":28,"column":93}},"locations":[{"start":{"line":27,"column":8},"end":{"line":28,"column":93}}]},"5":{"type":"branch","line":36,"loc":{"start":{"line":36,"column":35},"end":{"line":36,"column":61}},"locations":[{"start":{"line":36,"column":35},"end":{"line":36,"column":61}}]},"6":{"type":"branch","line":36,"loc":{"start":{"line":36,"column":43},"end":{"line":36,"column":75}},"locations":[{"start":{"line":36,"column":43},"end":{"line":36,"column":75}}]},"7":{"type":"branch","line":38,"loc":{"start":{"line":38,"column":7},"end":{"line":38,"column":37}},"locations":[{"start":{"line":38,"column":7},"end":{"line":38,"column":37}}]},"8":{"type":"branch","line":38,"loc":{"start":{"line":38,"column":28},"end":{"line":48,"column":14}},"locations":[{"start":{"line":38,"column":28},"end":{"line":48,"column":14}}]},"9":{"type":"branch","line":40,"loc":{"start":{"line":40,"column":73},"end":{"line":40,"column":105}},"locations":[{"start":{"line":40,"column":73},"end":{"line":40,"column":105}}]},"10":{"type":"branch","line":40,"loc":{"start":{"line":40,"column":86},"end":{"line":40,"column":128}},"locations":[{"start":{"line":40,"column":86},"end":{"line":40,"column":128}}]},"11":{"type":"branch","line":48,"loc":{"start":{"line":48,"column":8},"end":{"line":50,"column":36}},"locations":[{"start":{"line":48,"column":8},"end":{"line":50,"column":36}}]},"12":{"type":"branch","line":53,"loc":{"start":{"line":53,"column":7},"end":{"line":53,"column":53}},"locations":[{"start":{"line":53,"column":7},"end":{"line":53,"column":53}}]},"13":{"type":"branch","line":53,"loc":{"start":{"line":53,"column":43},"end":{"line":56,"column":14}},"locations":[{"start":{"line":53,"column":43},"end":{"line":56,"column":14}}]}},"b":{"0":[673],"1":[558],"2":[224],"3":[334],"4":[115],"5":[115],"6":[558],"7":[320],"8":[212],"9":[53],"10":[159],"11":[461],"12":[225],"13":[224]},"fnMap":{"0":{"name":"VariantButton","decl":{"start":{"line":15,"column":59},"end":{"line":60,"column":2}},"loc":{"start":{"line":15,"column":59},"end":{"line":60,"column":2}},"line":15}},"f":{"0":673}}
,"/Users/buk/workspace/personal/meli-test/meli-frontend/src/components/atoms/ui/dialog.tsx": {"path":"/Users/buk/workspace/personal/meli-test/meli-frontend/src/components/atoms/ui/dialog.tsx","all":false,"statementMap":{"0":{"start":{"line":1,"column":0},"end":{"line":1,"column":30}},"1":{"start":{"line":2,"column":0},"end":{"line":2,"column":57}},"2":{"start":{"line":3,"column":0},"end":{"line":3,"column":32}},"4":{"start":{"line":5,"column":0},"end":{"line":5,"column":32}},"6":{"start":{"line":7,"column":0},"end":{"line":7,"column":35}},"8":{"start":{"line":9,"column":0},"end":{"line":9,"column":45}},"10":{"start":{"line":11,"column":0},"end":{"line":11,"column":43}},"12":{"start":{"line":13,"column":0},"end":{"line":13,"column":41}},"14":{"start":{"line":15,"column":0},"end":{"line":15,"column":39}},"17":{"start":{"line":18,"column":0},"end":{"line":18,"column":37}},"18":{"start":{"line":19,"column":0},"end":{"line":19,"column":26}},"19":{"start":{"line":20,"column":0},"end":{"line":20,"column":13}},"20":{"start":{"line":21,"column":0},"end":{"line":21,"column":18}},"21":{"start":{"line":22,"column":0},"end":{"line":22,"column":160}},"22":{"start":{"line":23,"column":0},"end":{"line":23,"column":15}},"23":{"start":{"line":24,"column":0},"end":{"line":24,"column":6}},"24":{"start":{"line":25,"column":0},"end":{"line":25,"column":14}},"25":{"start":{"line":26,"column":0},"end":{"line":26,"column":4}},"26":{"start":{"line":27,"column":0},"end":{"line":27,"column":2}},"27":{"start":{"line":28,"column":0},"end":{"line":28,"column":63}},"29":{"start":{"line":30,"column":0},"end":{"line":30,"column":39}},"32":{"start":{"line":33,"column":0},"end":{"line":33,"column":47}},"33":{"start":{"line":34,"column":0},"end":{"line":34,"column":16}},"34":{"start":{"line":35,"column":0},"end":{"line":35,"column":21}},"35":{"start":{"line":36,"column":0},"end":{"line":36,"column":28}},"36":{"start":{"line":37,"column":0},"end":{"line":37,"column":15}},"37":{"start":{"line":38,"column":0},"end":{"line":38,"column":20}},"38":{"start":{"line":39,"column":0},"end":{"line":39,"column":518}},"39":{"start":{"line":40,"column":0},"end":{"line":40,"column":17}},"40":{"start":{"line":41,"column":0},"end":{"line":41,"column":8}},"41":{"start":{"line":42,"column":0},"end":{"line":42,"column":16}},"43":{"start":{"line":44,"column":0},"end":{"line":44,"column":16}},"44":{"start":{"line":45,"column":0},"end":{"line":45,"column":311}},"45":{"start":{"line":46,"column":0},"end":{"line":46,"column":33}},"46":{"start":{"line":47,"column":0},"end":{"line":47,"column":46}},"47":{"start":{"line":48,"column":0},"end":{"line":48,"column":30}},"48":{"start":{"line":49,"column":0},"end":{"line":49,"column":30}},"49":{"start":{"line":50,"column":0},"end":{"line":50,"column":17}},"50":{"start":{"line":51,"column":0},"end":{"line":51,"column":2}},"51":{"start":{"line":52,"column":0},"end":{"line":52,"column":63}},"53":{"start":{"line":54,"column":0},"end":{"line":54,"column":23}},"54":{"start":{"line":55,"column":0},"end":{"line":55,"column":12}},"55":{"start":{"line":56,"column":0},"end":{"line":56,"column":10}},"56":{"start":{"line":57,"column":0},"end":{"line":57,"column":45}},"57":{"start":{"line":58,"column":0},"end":{"line":58,"column":6}},"58":{"start":{"line":59,"column":0},"end":{"line":59,"column":18}},"59":{"start":{"line":60,"column":0},"end":{"line":60,"column":59}},"60":{"start":{"line":61,"column":0},"end":{"line":61,"column":15}},"61":{"start":{"line":62,"column":0},"end":{"line":62,"column":6}},"62":{"start":{"line":63,"column":0},"end":{"line":63,"column":14}},"63":{"start":{"line":64,"column":0},"end":{"line":64,"column":4}},"65":{"start":{"line":66,"column":0},"end":{"line":66,"column":41}},"67":{"start":{"line":68,"column":0},"end":{"line":68,"column":23}},"68":{"start":{"line":69,"column":0},"end":{"line":69,"column":12}},"69":{"start":{"line":70,"column":0},"end":{"line":70,"column":10}},"70":{"start":{"line":71,"column":0},"end":{"line":71,"column":45}},"71":{"start":{"line":72,"column":0},"end":{"line":72,"column":6}},"72":{"start":{"line":73,"column":0},"end":{"line":73,"column":18}},"73":{"start":{"line":74,"column":0},"end":{"line":74,"column":70}},"74":{"start":{"line":75,"column":0},"end":{"line":75,"column":15}},"75":{"start":{"line":76,"column":0},"end":{"line":76,"column":6}},"76":{"start":{"line":77,"column":0},"end":{"line":77,"column":14}},"77":{"start":{"line":78,"column":0},"end":{"line":78,"column":4}},"79":{"start":{"line":80,"column":0},"end":{"line":80,"column":41}},"81":{"start":{"line":82,"column":0},"end":{"line":82,"column":37}},"84":{"start":{"line":85,"column":0},"end":{"line":85,"column":37}},"85":{"start":{"line":86,"column":0},"end":{"line":86,"column":24}},"86":{"start":{"line":87,"column":0},"end":{"line":87,"column":13}},"87":{"start":{"line":88,"column":0},"end":{"line":88,"column":18}},"88":{"start":{"line":89,"column":0},"end":{"line":89,"column":58}},"89":{"start":{"line":90,"column":0},"end":{"line":90,"column":15}},"90":{"start":{"line":91,"column":0},"end":{"line":91,"column":6}},"91":{"start":{"line":92,"column":0},"end":{"line":92,"column":14}},"92":{"start":{"line":93,"column":0},"end":{"line":93,"column":4}},"93":{"start":{"line":94,"column":0},"end":{"line":94,"column":2}},"94":{"start":{"line":95,"column":0},"end":{"line":95,"column":59}},"96":{"start":{"line":97,"column":0},"end":{"line":97,"column":43}},"99":{"start":{"line":100,"column":0},"end":{"line":100,"column":37}},"100":{"start":{"line":101,"column":0},"end":{"line":101,"column":30}},"101":{"start":{"line":102,"column":0},"end":{"line":102,"column":13}},"102":{"start":{"line":103,"column":0},"end":{"line":103,"column":62}},"103":{"start":{"line":104,"column":0},"end":{"line":104,"column":14}},"104":{"start":{"line":105,"column":0},"end":{"line":105,"column":4}},"105":{"start":{"line":106,"column":0},"end":{"line":106,"column":2}},"106":{"start":{"line":107,"column":0},"end":{"line":107,"column":71}}},"s":{"0":1,"1":1,"2":1,"4":1,"6":1,"8":1,"10":1,"12":1,"14":1,"17":1,"18":12,"19":12,"20":12,"21":12,"22":12,"23":12,"24":12,"25":12,"26":12,"27":1,"29":1,"32":1,"33":174,"34":174,"35":174,"36":174,"37":174,"38":174,"39":174,"40":174,"41":174,"43":174,"44":174,"45":174,"46":174,"47":174,"48":174,"49":174,"50":1,"51":1,"53":1,"54":0,"55":0,"56":0,"57":0,"58":0,"59":0,"60":0,"61":0,"62":0,"63":0,"65":1,"67":1,"68":0,"69":0,"70":0,"71":0,"72":0,"73":0,"74":0,"75":0,"76":0,"77":0,"79":1,"81":1,"84":1,"85":6,"86":6,"87":6,"88":6,"89":6,"90":6,"91":6,"92":6,"93":6,"94":1,"96":1,"99":1,"100":6,"101":6,"102":6,"103":6,"104":6,"105":6,"106":1},"branchMap":{"0":{"type":"branch","line":18,"loc":{"start":{"line":18,"column":2},"end":{"line":27,"column":2}},"locations":[{"start":{"line":18,"column":2},"end":{"line":27,"column":2}}]},"1":{"type":"branch","line":33,"loc":{"start":{"line":33,"column":2},"end":{"line":50,"column":17}},"locations":[{"start":{"line":33,"column":2},"end":{"line":50,"column":17}}]},"2":{"type":"branch","line":85,"loc":{"start":{"line":85,"column":2},"end":{"line":94,"column":2}},"locations":[{"start":{"line":85,"column":2},"end":{"line":94,"column":2}}]},"3":{"type":"branch","line":100,"loc":{"start":{"line":100,"column":2},"end":{"line":106,"column":2}},"locations":[{"start":{"line":100,"column":2},"end":{"line":106,"column":2}}]}},"b":{"0":[12],"1":[174],"2":[6],"3":[6]},"fnMap":{"0":{"name":"DialogHeader","decl":{"start":{"line":54,"column":21},"end":{"line":64,"column":4}},"loc":{"start":{"line":54,"column":21},"end":{"line":64,"column":4}},"line":54},"1":{"name":"DialogFooter","decl":{"start":{"line":68,"column":21},"end":{"line":78,"column":4}},"loc":{"start":{"line":68,"column":21},"end":{"line":78,"column":4}},"line":68}},"f":{"0":0,"1":0}}
,"/Users/buk/workspace/personal/meli-test/meli-frontend/src/components/molecules/CategoryRatings.tsx": {"path":"/Users/buk/workspace/personal/meli-test/meli-frontend/src/components/molecules/CategoryRatings.tsx","all":false,"statementMap":{"0":{"start":{"line":1,"column":0},"end":{"line":1,"column":26}},"1":{"start":{"line":2,"column":0},"end":{"line":2,"column":42}},"14":{"start":{"line":15,"column":0},"end":{"line":15,"column":65}},"15":{"start":{"line":16,"column":0},"end":{"line":16,"column":13}},"16":{"start":{"line":17,"column":0},"end":{"line":17,"column":17}},"17":{"start":{"line":18,"column":0},"end":{"line":18,"column":7}},"18":{"start":{"line":19,"column":0},"end":{"line":19,"column":10}},"19":{"start":{"line":20,"column":0},"end":{"line":20,"column":46}},"20":{"start":{"line":21,"column":0},"end":{"line":21,"column":44}},"21":{"start":{"line":22,"column":0},"end":{"line":22,"column":38}},"22":{"start":{"line":23,"column":0},"end":{"line":23,"column":74}},"23":{"start":{"line":24,"column":0},"end":{"line":24,"column":49}},"24":{"start":{"line":25,"column":0},"end":{"line":25,"column":14}},"25":{"start":{"line":26,"column":0},"end":{"line":26,"column":9}},"26":{"start":{"line":27,"column":0},"end":{"line":27,"column":10}},"28":{"start":{"line":29,"column":0},"end":{"line":29,"column":2}},"30":{"start":{"line":31,"column":0},"end":{"line":31,"column":31}}},"s":{"0":1,"1":1,"14":1,"15":35,"16":35,"17":35,"18":35,"19":35,"20":35,"21":126,"22":126,"23":126,"24":126,"25":35,"26":35,"28":35,"30":1},"branchMap":{"0":{"type":"branch","line":15,"loc":{"start":{"line":15,"column":63},"end":{"line":29,"column":2}},"locations":[{"start":{"line":15,"column":63},"end":{"line":29,"column":2}}]},"1":{"type":"branch","line":21,"loc":{"start":{"line":21,"column":22},"end":{"line":25,"column":14}},"locations":[{"start":{"line":21,"column":22},"end":{"line":25,"column":14}}]}},"b":{"0":[35],"1":[126]},"fnMap":{"0":{"name":"CategoryRatings","decl":{"start":{"line":15,"column":63},"end":{"line":29,"column":2}},"loc":{"start":{"line":15,"column":63},"end":{"line":29,"column":2}},"line":15}},"f":{"0":35}}
,"/Users/buk/workspace/personal/meli-test/meli-frontend/src/components/molecules/CharacteristicCategory.tsx": {"path":"/Users/buk/workspace/personal/meli-test/meli-frontend/src/components/molecules/CharacteristicCategory.tsx","all":false,"statementMap":{"0":{"start":{"line":1,"column":0},"end":{"line":1,"column":26}},"11":{"start":{"line":12,"column":0},"end":{"line":12,"column":79}},"12":{"start":{"line":13,"column":0},"end":{"line":13,"column":15}},"13":{"start":{"line":14,"column":0},"end":{"line":14,"column":18}},"14":{"start":{"line":15,"column":0},"end":{"line":15,"column":17}},"15":{"start":{"line":16,"column":0},"end":{"line":16,"column":7}},"16":{"start":{"line":17,"column":0},"end":{"line":17,"column":10}},"17":{"start":{"line":18,"column":0},"end":{"line":18,"column":31}},"19":{"start":{"line":20,"column":0},"end":{"line":20,"column":55}},"20":{"start":{"line":21,"column":0},"end":{"line":21,"column":22}},"21":{"start":{"line":22,"column":0},"end":{"line":22,"column":11}},"24":{"start":{"line":25,"column":0},"end":{"line":25,"column":69}},"25":{"start":{"line":26,"column":0},"end":{"line":26,"column":47}},"26":{"start":{"line":27,"column":0},"end":{"line":27,"column":14}},"27":{"start":{"line":28,"column":0},"end":{"line":28,"column":23}},"28":{"start":{"line":29,"column":0},"end":{"line":29,"column":59}},"29":{"start":{"line":30,"column":0},"end":{"line":30,"column":63}},"30":{"start":{"line":31,"column":0},"end":{"line":31,"column":15}},"32":{"start":{"line":33,"column":0},"end":{"line":33,"column":67}},"33":{"start":{"line":34,"column":0},"end":{"line":34,"column":25}},"34":{"start":{"line":35,"column":0},"end":{"line":35,"column":18}},"35":{"start":{"line":36,"column":0},"end":{"line":36,"column":55}},"36":{"start":{"line":37,"column":0},"end":{"line":37,"column":26}},"37":{"start":{"line":38,"column":0},"end":{"line":38,"column":18}},"38":{"start":{"line":39,"column":0},"end":{"line":39,"column":16}},"39":{"start":{"line":40,"column":0},"end":{"line":40,"column":11}},"40":{"start":{"line":41,"column":0},"end":{"line":41,"column":12}},"41":{"start":{"line":42,"column":0},"end":{"line":42,"column":10}},"43":{"start":{"line":44,"column":0},"end":{"line":44,"column":2}},"45":{"start":{"line":46,"column":0},"end":{"line":46,"column":38}}},"s":{"0":1,"11":1,"12":13,"13":13,"14":13,"15":13,"16":13,"17":13,"19":13,"20":13,"21":13,"24":13,"25":13,"26":33,"27":33,"28":33,"29":33,"30":33,"32":33,"33":33,"34":33,"35":33,"36":33,"37":33,"38":33,"39":13,"40":13,"41":13,"43":13,"45":1},"branchMap":{"0":{"type":"branch","line":12,"loc":{"start":{"line":12,"column":77},"end":{"line":44,"column":2}},"locations":[{"start":{"line":12,"column":77},"end":{"line":44,"column":2}}]},"1":{"type":"branch","line":26,"loc":{"start":{"line":26,"column":29},"end":{"line":39,"column":16}},"locations":[{"start":{"line":26,"column":29},"end":{"line":39,"column":16}}]},"2":{"type":"branch","line":30,"loc":{"start":{"line":30,"column":28},"end":{"line":30,"column":53}},"locations":[{"start":{"line":30,"column":28},"end":{"line":30,"column":53}}]},"3":{"type":"branch","line":30,"loc":{"start":{"line":30,"column":32},"end":{"line":30,"column":63}},"locations":[{"start":{"line":30,"column":32},"end":{"line":30,"column":63}}]}},"b":{"0":[13],"1":[33],"2":[21],"3":[12]},"fnMap":{"0":{"name":"CharacteristicCategory","decl":{"start":{"line":12,"column":77},"end":{"line":44,"column":2}},"loc":{"start":{"line":12,"column":77},"end":{"line":44,"column":2}},"line":12}},"f":{"0":13}}
[...]
,"/Users/buk/workspace/personal/meli-test/meli-frontend/src/services/implementations/MockProductService.ts": {"path":"/Users/buk/workspace/personal/meli-test/meli-frontend/src/services/implementations/MockProductService.ts","all":false,"statementMap":{"2":{"start":{"line":3,"column":0},"end":{"line":3,"column":58}},"3":{"start":{"line":4,"column":0},"end":{"line":4,"column":71}},"9":{"start":{"line":10,"column":0},"end":{"line":10,"column":60}},"10":{"start":{"line":11,"column":0},"end":{"line":11,"column":34}},"12":{"start":{"line":13,"column":0},"end":{"line":13,"column":17}},"13":{"start":{"line":14,"column":0},"end":{"line":14,"column":55}},"15":{"start":{"line":16,"column":0},"end":{"line":16,"column":21}},"16":{"start":{"line":17,"column":0},"end":{"line":17,"column":25}},"17":{"start":{"line":18,"column":0},"end":{"line":18,"column":54}},"18":{"start":{"line":19,"column":0},"end":{"line":19,"column":13}},"19":{"start":{"line":20,"column":0},"end":{"line":20,"column":37}},"20":{"start":{"line":21,"column":0},"end":{"line":21,"column":43}},"21":{"start":{"line":22,"column":0},"end":{"line":22,"column":10}},"22":{"start":{"line":23,"column":0},"end":{"line":23,"column":23}},"23":{"start":{"line":24,"column":0},"end":{"line":24,"column":3}},"29":{"start":{"line":30,"column":0},"end":{"line":30,"column":67}},"31":{"start":{"line":32,"column":0},"end":{"line":32,"column":38}},"35":{"start":{"line":36,"column":0},"end":{"line":36,"column":72}},"36":{"start":{"line":37,"column":0},"end":{"line":37,"column":27}},"37":{"start":{"line":38,"column":0},"end":{"line":38,"column":5}},"41":{"start":{"line":42,"column":0},"end":{"line":42,"column":98}},"42":{"start":{"line":43,"column":0},"end":{"line":43,"column":25}},"43":{"start":{"line":44,"column":0},"end":{"line":44,"column":3}},"48":{"start":{"line":49,"column":0},"end":{"line":49,"column":55}},"49":{"start":{"line":50,"column":0},"end":{"line":50,"column":57}},"50":{"start":{"line":51,"column":0},"end":{"line":51,"column":62}},"51":{"start":{"line":52,"column":0},"end":{"line":52,"column":3}},"56":{"start":{"line":57,"column":0},"end":{"line":57,"column":32}},"57":{"start":{"line":58,"column":0},"end":{"line":58,"column":26}},"58":{"start":{"line":59,"column":0},"end":{"line":59,"column":40}},"59":{"start":{"line":60,"column":0},"end":{"line":60,"column":22}},"60":{"start":{"line":61,"column":0},"end":{"line":61,"column":38}},"63":{"start":{"line":64,"column":0},"end":{"line":64,"column":59}},"64":{"start":{"line":65,"column":0},"end":{"line":65,"column":19}},"65":{"start":{"line":66,"column":0},"end":{"line":66,"column":22}},"66":{"start":{"line":67,"column":0},"end":{"line":67,"column":5}},"69":{"start":{"line":70,"column":0},"end":{"line":70,"column":90}},"70":{"start":{"line":71,"column":0},"end":{"line":71,"column":25}},"71":{"start":{"line":72,"column":0},"end":{"line":72,"column":3}},"76":{"start":{"line":77,"column":0},"end":{"line":77,"column":65}},"77":{"start":{"line":78,"column":0},"end":{"line":78,"column":38}},"78":{"start":{"line":79,"column":0},"end":{"line":79,"column":41}},"81":{"start":{"line":82,"column":0},"end":{"line":82,"column":27}},"82":{"start":{"line":83,"column":0},"end":{"line":83,"column":3}},"83":{"start":{"line":84,"column":0},"end":{"line":84,"column":1}}},"s":{"2":1,"3":1,"9":1,"10":1,"12":1,"13":0,"15":0,"16":0,"17":0,"18":0,"19":0,"20":0,"21":0,"22":0,"23":0,"29":1,"31":0,"35":0,"36":0,"37":0,"41":0,"42":0,"43":0,"48":1,"49":0,"50":0,"51":0,"56":1,"57":0,"58":0,"59":0,"60":0,"63":0,"64":0,"65":0,"66":0,"69":0,"70":0,"71":0,"76":1,"77":0,"78":0,"81":0,"82":0,"83":1},"branchMap":{"0":{"type":"branch","line":11,"loc":{"start":{"line":11,"column":10},"end":{"line":11,"column":34}},"locations":[{"start":{"line":11,"column":10},"end":{"line":11,"column":34}}]}},"b":{"0":[0]},"fnMap":{"0":{"name":"<instance_members_initializer>","decl":{"start":{"line":11,"column":10},"end":{"line":11,"column":34}},"loc":{"start":{"line":11,"column":10},"end":{"line":11,"column":34}},"line":11},"1":{"name":"MockProductService","decl":{"start":{"line":13,"column":2},"end":{"line":24,"column":3}},"loc":{"start":{"line":13,"column":2},"end":{"line":24,"column":3}},"line":13},"2":{"name":"getProductById","decl":{"start":{"line":30,"column":2},"end":{"line":44,"column":3}},"loc":{"start":{"line":30,"column":2},"end":{"line":44,"column":3}},"line":30},"3":{"name":"simulateNetworkDelay","decl":{"start":{"line":49,"column":2},"end":{"line":52,"column":3}},"loc":{"start":{"line":49,"column":2},"end":{"line":52,"column":3}},"line":49},"4":{"name":"resolveVariantProductId","decl":{"start":{"line":57,"column":2},"end":{"line":72,"column":3}},"loc":{"start":{"line":57,"column":2},"end":{"line":72,"column":3}},"line":57},"5":{"name":"searchProducts","decl":{"start":{"line":77,"column":2},"end":{"line":83,"column":3}},"loc":{"start":{"line":77,"column":2},"end":{"line":83,"column":3}},"line":77}},"f":{"0":0,"1":0,"2":0,"3":0,"4":0,"5":0}}
,"/Users/buk/workspace/personal/meli-test/meli-frontend/src/types/common.ts": {"path":"/Users/buk/workspace/personal/meli-test/meli-frontend/src/types/common.ts","all":true,"statementMap":{},"s":{},"branchMap":{"0":{"type":"branch","line":1,"loc":{"start":{"line":1,"column":376},"end":{"line":21,"column":1}},"locations":[{"start":{"line":1,"column":376},"end":{"line":21,"column":1}}]}},"b":{"0":[1]},"fnMap":{"0":{"name":"(empty-report)","decl":{"start":{"line":1,"column":376},"end":{"line":21,"column":1}},"loc":{"start":{"line":1,"column":376},"end":{"line":21,"column":1}},"line":1}},"f":{"0":1}}
,"/Users/buk/workspace/personal/meli-test/meli-frontend/src/types/product.ts": {"path":"/Users/buk/workspace/personal/meli-test/meli-frontend/src/types/product.ts","all":false,"statementMap":{},"s":{},"branchMap":{},"b":{},"fnMap":{},"f":{}}
,"/Users/buk/workspace/personal/meli-test/meli-frontend/src/utils/variantIdMapping.ts": {"path":"/Users/buk/workspace/personal/meli-test/meli-frontend/src/utils/variantIdMapping.ts","all":false,"statementMap":{"7":{"start":{"line":8,"column":0},"end":{"line":8,"column":59}},"8":{"start":{"line":9,"column":0},"end":{"line":9,"column":31}},"9":{"start":{"line":10,"column":0},"end":{"line":10,"column":34}},"10":{"start":{"line":11,"column":0},"end":{"line":11,"column":32}},"11":{"start":{"line":12,"column":0},"end":{"line":12,"column":31}},"12":{"start":{"line":13,"column":0},"end":{"line":13,"column":34}},"13":{"start":{"line":14,"column":0},"end":{"line":14,"column":32}},"14":{"start":{"line":15,"column":0},"end":{"line":15,"column":31}},"15":{"start":{"line":16,"column":0},"end":{"line":16,"column":34}},"16":{"start":{"line":17,"column":0},"end":{"line":17,"column":32}},"17":{"start":{"line":18,"column":0},"end":{"line":18,"column":2}},"22":{"start":{"line":23,"column":0},"end":{"line":23,"column":79}},"23":{"start":{"line":24,"column":0},"end":{"line":24,"column":41}},"24":{"start":{"line":25,"column":0},"end":{"line":25,"column":49}},"25":{"start":{"line":26,"column":0},"end":{"line":26,"column":33}},"26":{"start":{"line":27,"column":0},"end":{"line":27,"column":1}},"32":{"start":{"line":33,"column":0},"end":{"line":33,"column":94}},"33":{"start":{"line":34,"column":0},"end":{"line":34,"column":44}},"34":{"start":{"line":35,"column":0},"end":{"line":35,"column":41}},"35":{"start":{"line":36,"column":0},"end":{"line":36,"column":1}}},"s":{"7":1,"8":1,"9":1,"10":1,"11":1,"12":1,"13":1,"14":1,"15":1,"16":1,"17":1,"22":1,"23":0,"24":0,"25":0,"26":0,"32":1,"33":0,"34":0,"35":0},"branchMap":{},"b":{},"fnMap":{"0":{"name":"buildMappingKey","decl":{"start":{"line":23,"column":7},"end":{"line":27,"column":1}},"loc":{"start":{"line":23,"column":7},"end":{"line":27,"column":1}},"line":23},"1":{"name":"getVariantIdFromMapping","decl":{"start":{"line":33,"column":7},"end":{"line":36,"column":1}},"loc":{"start":{"line":33,"column":7},"end":{"line":36,"column":1}},"line":33}},"f":{"0":0,"1":0}}
,"/Users/buk/workspace/personal/meli-test/meli-frontend/src/utils/variantMapper.ts": {"path":"/Users/buk/workspace/personal/meli-test/meli-frontend/src/utils/variantMapper.ts","all":true,"statementMap":{"8":{"start":{"line":9,"column":0},"end":{"line":9,"column":69}},"10":{"start":{"line":11,"column":0},"end":{"line":11,"column":10}},"11":{"start":{"line":12,"column":0},"end":{"line":12,"column":16}},"12":{"start":{"line":13,"column":0},"end":{"line":13,"column":19}},"13":{"start":{"line":14,"column":0},"end":{"line":14,"column":17}},"14":{"start":{"line":15,"column":0},"end":{"line":15,"column":18}},"15":{"start":{"line":16,"column":0},"end":{"line":16,"column":4}},"18":{"start":{"line":19,"column":0},"end":{"line":19,"column":14}},"19":{"start":{"line":20,"column":0},"end":{"line":20,"column":19}},"20":{"start":{"line":21,"column":0},"end":{"line":21,"column":19}},"21":{"start":{"line":22,"column":0},"end":{"line":22,"column":19}},"22":{"start":{"line":23,"column":0},"end":{"line":23,"column":17}},"23":{"start":{"line":24,"column":0},"end":{"line":24,"column":4}},"28":{"start":{"line":29,"column":0},"end":{"line":29,"column":2}},"34":{"start":{"line":35,"column":0},"end":{"line":35,"column":45}},"50":{"start":{"line":51,"column":0},"end":{"line":51,"column":38}},"51":{"start":{"line":52,"column":0},"end":{"line":52,"column":24}},"52":{"start":{"line":53,"column":0},"end":{"line":53,"column":38}},"53":{"start":{"line":54,"column":0},"end":{"line":54,"column":11}},"55":{"start":{"line":56,"column":0},"end":{"line":56,"column":64}},"56":{"start":{"line":57,"column":0},"end":{"line":57,"column":25}},"57":{"start":{"line":58,"column":0},"end":{"line":58,"column":3}},"60":{"start":{"line":61,"column":0},"end":{"line":61,"column":32}},"62":{"start":{"line":63,"column":0},"end":{"line":63,"column":44}},"63":{"start":{"line":64,"column":0},"end":{"line":64,"column":43}},"65":{"start":{"line":66,"column":0},"end":{"line":66,"column":15}},"67":{"start":{"line":68,"column":0},"end":{"line":68,"column":63}},"69":{"start":{"line":70,"column":0},"end":{"line":70,"column":20}},"70":{"start":{"line":71,"column":0},"end":{"line":71,"column":31}},"71":{"start":{"line":72,"column":0},"end":{"line":72,"column":14}},"72":{"start":{"line":73,"column":0},"end":{"line":73,"column":21}},"73":{"start":{"line":74,"column":0},"end":{"line":74,"column":89}},"74":{"start":{"line":75,"column":0},"end":{"line":75,"column":10}},"75":{"start":{"line":76,"column":0},"end":{"line":76,"column":42}},"76":{"start":{"line":77,"column":0},"end":{"line":77,"column":7}},"77":{"start":{"line":78,"column":0},"end":{"line":78,"column":5}},"78":{"start":{"line":79,"column":0},"end":{"line":79,"column":3}},"81":{"start":{"line":82,"column":0},"end":{"line":82,"column":30}},"82":{"start":{"line":83,"column":0},"end":{"line":83,"column":17}},"83":{"start":{"line":84,"column":0},"end":{"line":84,"column":65}},"84":{"start":{"line":85,"column":0},"end":{"line":85,"column":18}},"85":{"start":{"line":86,"column":0},"end":{"line":86,"column":6}},"86":{"start":{"line":87,"column":0},"end":{"line":87,"column":25}},"87":{"start":{"line":88,"column":0},"end":{"line":88,"column":3}},"90":{"start":{"line":91,"column":0},"end":{"line":91,"column":50}},"91":{"start":{"line":92,"column":0},"end":{"line":92,"column":1}},"99":{"start":{"line":100,"column":0},"end":{"line":100,"column":82}},"100":{"start":{"line":101,"column":0},"end":{"line":101,"column":67}},"101":{"start":{"line":102,"column":0},"end":{"line":102,"column":52}},"102":{"start":{"line":103,"column":0},"end":{"line":103,"column":19}},"103":{"start":{"line":104,"column":0},"end":{"line":104,"column":5}},"104":{"start":{"line":105,"column":0},"end":{"line":105,"column":3}},"105":{"start":{"line":106,"column":0},"end":{"line":106,"column":14}},"106":{"start":{"line":107,"column":0},"end":{"line":107,"column":1}},"115":{"start":{"line":116,"column":0},"end":{"line":116,"column":34}},"116":{"start":{"line":117,"column":0},"end":{"line":117,"column":22}},"117":{"start":{"line":118,"column":0},"end":{"line":118,"column":15}},"118":{"start":{"line":119,"column":0},"end":{"line":119,"column":17}},"119":{"start":{"line":120,"column":0},"end":{"line":120,"column":9}},"120":{"start":{"line":121,"column":0},"end":{"line":121,"column":42}},"121":{"start":{"line":122,"column":0},"end":{"line":122,"column":42}},"122":{"start":{"line":123,"column":0},"end":{"line":123,"column":3}},"123":{"start":{"line":124,"column":0},"end":{"line":124,"column":51}},"124":{"start":{"line":125,"column":0},"end":{"line":125,"column":1}}},"s":{"8":0,"10":0,"11":0,"12":0,"13":0,"14":0,"15":0,"18":0,"19":0,"20":0,"21":0,"22":0,"23":0,"28":0,"34":0,"50":0,"51":0,"52":0,"53":0,"55":0,"56":0,"57":0,"60":0,"62":0,"63":0,"65":0,"67":0,"69":0,"70":0,"71":0,"72":0,"73":0,"74":0,"75":0,"76":0,"77":0,"78":0,"81":0,"82":0,"83":0,"84":0,"85":0,"86":0,"87":0,"90":0,"91":0,"99":0,"100":0,"101":0,"102":0,"103":0,"104":0,"105":0,"106":0,"115":0,"116":0,"117":0,"118":0,"119":0,"120":0,"121":0,"122":0,"123":0,"124":0},"branchMap":{"0":{"type":"branch","line":1,"loc":{"start":{"line":1,"column":3529},"end":{"line":125,"column":1}},"locations":[{"start":{"line":1,"column":3529},"end":{"line":125,"column":1}}]}},"b":{"0":[1]},"fnMap":{"0":{"name":"(empty-report)","decl":{"start":{"line":1,"column":3529},"end":{"line":125,"column":1}},"loc":{"start":{"line":1,"column":3529},"end":{"line":125,"column":1}},"line":1}},"f":{"0":1}}
,"/Users/buk/workspace/personal/meli-test/meli-frontend/src/utils/variantUrl.ts": {"path":"/Users/buk/workspace/personal/meli-test/meli-frontend/src/utils/variantUrl.ts","all":false,"statementMap":{"0":{"start":{"line":1,"column":0},"end":{"line":1,"column":56}},"9":{"start":{"line":10,"column":0},"end":{"line":10,"column":32}},"10":{"start":{"line":11,"column":0},"end":{"line":11,"column":20}},"11":{"start":{"line":12,"column":0},"end":{"line":12,"column":39}},"12":{"start":{"line":13,"column":0},"end":{"line":13,"column":27}},"13":{"start":{"line":14,"column":0},"end":{"line":14,"column":14}},"15":{"start":{"line":16,"column":0},"end":{"line":16,"column":47}},"16":{"start":{"line":17,"column":0},"end":{"line":17,"column":60}},"17":{"start":{"line":18,"column":0},"end":{"line":18,"column":38}},"18":{"start":{"line":19,"column":0},"end":{"line":19,"column":20}},"19":{"start":{"line":20,"column":0},"end":{"line":20,"column":15}},"21":{"start":{"line":22,"column":0},"end":{"line":22,"column":75}},"22":{"start":{"line":23,"column":0},"end":{"line":23,"column":2}},"30":{"start":{"line":31,"column":0},"end":{"line":31,"column":32}},"31":{"start":{"line":32,"column":0},"end":{"line":32,"column":14}},"32":{"start":{"line":33,"column":0},"end":{"line":33,"column":27}},"33":{"start":{"line":34,"column":0},"end":{"line":34,"column":37}},"35":{"start":{"line":36,"column":0},"end":{"line":36,"column":51}},"36":{"start":{"line":37,"column":0},"end":{"line":37,"column":26}},"38":{"start":{"line":39,"column":0},"end":{"line":39,"column":28}},"41":{"start":{"line":42,"column":0},"end":{"line":42,"column":36}},"44":{"start":{"line":45,"column":0},"end":{"line":45,"column":35}},"46":{"start":{"line":47,"column":0},"end":{"line":47,"column":31}},"48":{"start":{"line":49,"column":0},"end":{"line":49,"column":74}},"49":{"start":{"line":50,"column":0},"end":{"line":50,"column":41}},"50":{"start":{"line":51,"column":0},"end":{"line":51,"column":17}},"51":{"start":{"line":52,"column":0},"end":{"line":52,"column":37}},"52":{"start":{"line":53,"column":0},"end":{"line":53,"column":3}},"55":{"start":{"line":56,"column":0},"end":{"line":56,"column":44}},"58":{"start":{"line":59,"column":0},"end":{"line":59,"column":65}},"60":{"start":{"line":61,"column":0},"end":{"line":61,"column":61}},"61":{"start":{"line":62,"column":0},"end":{"line":62,"column":44}},"62":{"start":{"line":63,"column":0},"end":{"line":63,"column":55}},"63":{"start":{"line":64,"column":0},"end":{"line":64,"column":7}},"64":{"start":{"line":65,"column":0},"end":{"line":65,"column":5}},"67":{"start":{"line":68,"column":0},"end":{"line":68,"column":29}},"68":{"start":{"line":69,"column":0},"end":{"line":69,"column":42}},"69":{"start":{"line":70,"column":0},"end":{"line":70,"column":22}},"70":{"start":{"line":71,"column":0},"end":{"line":71,"column":47}},"71":{"start":{"line":72,"column":0},"end":{"line":72,"column":5}},"72":{"start":{"line":73,"column":0},"end":{"line":73,"column":5}},"75":{"start":{"line":76,"column":0},"end":{"line":76,"column":61}},"76":{"start":{"line":77,"column":0},"end":{"line":77,"column":23}},"77":{"start":{"line":78,"column":0},"end":{"line":78,"column":44}},"78":{"start":{"line":79,"column":0},"end":{"line":79,"column":5}},"79":{"start":{"line":80,"column":0},"end":{"line":80,"column":5}},"81":{"start":{"line":82,"column":0},"end":{"line":82,"column":16}},"82":{"start":{"line":83,"column":0},"end":{"line":83,"column":2}},"90":{"start":{"line":91,"column":0},"end":{"line":91,"column":39}},"91":{"start":{"line":92,"column":0},"end":{"line":92,"column":19}},"92":{"start":{"line":93,"column":0},"end":{"line":93,"column":27}},"93":{"start":{"line":94,"column":0},"end":{"line":94,"column":30}},"94":{"start":{"line":95,"column":0},"end":{"line":95,"column":57}},"96":{"start":{"line":97,"column":0},"end":{"line":97,"column":20}},"98":{"start":{"line":99,"column":0},"end":{"line":99,"column":74}},"99":{"start":{"line":100,"column":0},"end":{"line":100,"column":97}},"100":{"start":{"line":101,"column":0},"end":{"line":101,"column":76}},"101":{"start":{"line":102,"column":0},"end":{"line":102,"column":17}},"102":{"start":{"line":103,"column":0},"end":{"line":103,"column":37}},"103":{"start":{"line":104,"column":0},"end":{"line":104,"column":3}},"106":{"start":{"line":107,"column":0},"end":{"line":107,"column":44}},"108":{"start":{"line":109,"column":0},"end":{"line":109,"column":61}},"109":{"start":{"line":110,"column":0},"end":{"line":110,"column":38}},"110":{"start":{"line":111,"column":0},"end":{"line":111,"column":74}},"111":{"start":{"line":112,"column":0},"end":{"line":112,"column":70}},"112":{"start":{"line":113,"column":0},"end":{"line":113,"column":5}},"114":{"start":{"line":115,"column":0},"end":{"line":115,"column":16}},"115":{"start":{"line":116,"column":0},"end":{"line":116,"column":2}}},"s":{"0":1,"9":1,"10":0,"11":0,"12":0,"13":0,"15":0,"16":0,"17":0,"18":0,"19":0,"21":0,"22":0,"30":1,"31":52,"32":52,"33":52,"35":52,"36":52,"38":0,"41":0,"44":0,"46":0,"48":0,"49":0,"50":0,"51":0,"52":0,"55":0,"58":0,"60":0,"61":0,"62":0,"63":0,"64":0,"67":0,"68":0,"69":0,"70":0,"71":0,"72":0,"75":0,"76":0,"77":0,"78":0,"79":0,"81":0,"82":0,"90":1,"91":0,"92":0,"93":0,"94":0,"96":0,"98":0,"99":0,"100":0,"101":0,"102":0,"103":0,"106":0,"108":0,"109":0,"110":0,"111":0,"112":0,"114":0,"115":0},"branchMap":{"0":{"type":"branch","line":31,"loc":{"start":{"line":31,"column":31},"end":{"line":83,"column":2}},"locations":[{"start":{"line":31,"column":31},"end":{"line":83,"column":2}}]},"1":{"type":"branch","line":37,"loc":{"start":{"line":37,"column":21},"end":{"line":83,"column":2}},"locations":[{"start":{"line":37,"column":21},"end":{"line":83,"column":2}}]}},"b":{"0":[52],"1":[0]},"fnMap":{"0":{"name":"buildProductUrl","decl":{"start":{"line":10,"column":31},"end":{"line":23,"column":2}},"loc":{"start":{"line":10,"column":31},"end":{"line":23,"column":2}},"line":10},"1":{"name":"parseProductUrl","decl":{"start":{"line":31,"column":31},"end":{"line":83,"column":2}},"loc":{"start":{"line":31,"column":31},"end":{"line":83,"column":2}},"line":31},"2":{"name":"getCurrentVariantSlugs","decl":{"start":{"line":91,"column":38},"end":{"line":116,"column":2}},"loc":{"start":{"line":91,"column":38},"end":{"line":116,"column":2}},"line":91}},"f":{"0":0,"1":52,"2":0}}
}
